#
# A fatal error has been detected by the Java Runtime Environment:
#
#  SIGSEGV (0xb) at pc=0x00007f0e87dfc3d1, pid=3319, tid=6595
#
# JRE version: OpenJDK Runtime Environment (11.0.11+9) (build 11.0.11+9-Ubuntu-0ubuntu2.18.04)
# Java VM: OpenJDK 64-Bit Server VM (11.0.11+9-Ubuntu-0ubuntu2.18.04, mixed mode, sharing, tiered, compressed oops, g1 gc, linux-amd64)
# Problematic frame:
# C  [libjimage.so+0x23d1]
#
# No core dump will be written. Core dumps have been disabled. To enable core dumping, try "ulimit -c unlimited" before starting Java again
#
# If you would like to submit a bug report, please visit:
#   https://bugs.launchpad.net/ubuntu/+source/openjdk-lts
#

---------------  S U M M A R Y ------------

Command Line: -Dfile.encoding=UTF-8 Main

Host: Celeron(R) Dual-Core CPU       T3500  @ 2.10GHz, 2 cores, 1G, Ubuntu 18.04.5 LTS
Time: Tue Aug 10 03:10:53 2021 SAST elapsed time: 29760.841825 seconds (0d 8h 16m 0s)

---------------  T H R E A D  ---------------

Current thread (0x00007f0e3c315800):  JavaThread "XToolkt-Shutdown-Thread" [_thread_in_vm, id=6595, stack(0x00007f0e87cf9000,0x00007f0e87dfa000)]

Stack: [0x00007f0e87cf9000,0x00007f0e87dfa000],  sp=0x00007f0e87df7040,  free space=1016k
Native frames: (J=compiled Java code, A=aot compiled Java code, j=interpreted, Vv=VM code, C=native code)
C  [libjimage.so+0x23d1]
C  [libjimage.so+0x304a]
C  [libjimage.so+0x3515]  JIMAGE_FindResource+0xd5
V  [libjvm.so+0x596f2f]
V  [libjvm.so+0x5991cb]
V  [libjvm.so+0xd845ac]
V  [libjvm.so+0xd831d2]
V  [libjvm.so+0xd856e6]
V  [libjvm.so+0x6403ad]
V  [libjvm.so+0x640812]
V  [libjvm.so+0x9ee696]
V  [libjvm.so+0x9f512d]
V  [libjvm.so+0x8274a6]
V  [libjvm.so+0x827add]
j  sun.awt.X11.XToolkit.lambda$init$0()V+0 java.desktop@11.0.11
j  sun.awt.X11.XToolkit$$Lambda$10.run()V+4 java.desktop@11.0.11
j  java.lang.Thread.run()V+11 java.base@11.0.11
v  ~StubRoutines::call_stub
V  [libjvm.so+0x82db91]
V  [libjvm.so+0x82c030]
V  [libjvm.so+0x82c0eb]
V  [libjvm.so+0x8cae9c]
V  [libjvm.so+0xdba950]
V  [libjvm.so+0xdb67e9]
V  [libjvm.so+0xb7b34e]

Java frames: (J=compiled Java code, j=interpreted, Vv=VM code)
j  sun.awt.X11.XToolkit.lambda$init$0()V+0 java.desktop@11.0.11
j  sun.awt.X11.XToolkit$$Lambda$10.run()V+4 java.desktop@11.0.11
j  java.lang.Thread.run()V+11 java.base@11.0.11
v  ~StubRoutines::call_stub

siginfo: si_signo: 11 (SIGSEGV), si_code: 1 (SEGV_MAPERR), si_addr: 0x00007f0e7f68ec6c

Register to memory mapping:

RAX=0x0000000000007314 is an unknown value
