#
# A fatal error has been detected by the Java Runtime Environment:
#
#  SIGSEGV (0xb) at pc=0x00007f4527bd13d1, pid=2058, tid=5410
#
# JRE version: OpenJDK Runtime Environment (11.0.11+9) (build 11.0.11+9-Ubuntu-0ubuntu2.18.04)
# Java VM: OpenJDK 64-Bit Server VM (11.0.11+9-Ubuntu-0ubuntu2.18.04, mixed mode, sharing, tiered, compressed oops, g1 gc, linux-amd64)
# Problematic frame:
# C  [libjimage.so+0x23d1]
#
# No core dump will be written. Core dumps have been disabled. To enable core dumping, try "ulimit -c unlimited" before starting Java again
#
# If you would like to submit a bug report, please visit:
#   https://bugs.launchpad.net/ubuntu/+source/openjdk-lts
#

---------------  S U M M A R Y ------------

Command Line: -Dfile.encoding=UTF-8 Main

Host: Celeron(R) Dual-Core CPU       T3500  @ 2.10GHz, 2 cores, 1G, Ubuntu 18.04.5 LTS
Time: Mon Aug  9 00:00:43 2021 SAST elapsed time: 22109.866273 seconds (0d 6h 8m 29s)

---------------  T H R E A D  ---------------

Current thread (0x00007f4508010000):  JavaThread "XToolkt-Shutdown-Thread" [_thread_in_vm, id=5410, stack(0x00007f4527ace000,0x00007f4527bcf000)]

Stack: [0x00007f4527ace000,0x00007f4527bcf000],  sp=0x00007f4527bcc040,  free space=1016k
Native frames: (J=compiled Java code, A=aot compiled Java code, j=interpreted, Vv=VM code, C=native code)
C  [libjimage.so+0x23d1]
C  [libjimage.so+0x304a]
C  [libjimage.so+0x3515]  JIMAGE_FindResource+0xd5
V  [libjvm.so+0x596f2f]
V  [libjvm.so+0x5991cb]
V  [libjvm.so+0xd845ac]
V  [libjvm.so+0xd831d2]
V  [libjvm.so+0xd856e6]
V  [libjvm.so+0x6403ad]
V  [libjvm.so+0x640812]
V  [libjvm.so+0x9ee696]
V  [libjvm.so+0x9f512d]
V  [libjvm.so+0x8274a6]
V  [libjvm.so+0x827add]
j  sun.awt.X11.XToolkit.lambda$init$0()V+0 java.desktop@11.0.11
j  sun.awt.X11.XToolkit$$Lambda$10.run()V+4 java.desktop@11.0.11
j  java.lang.Thread.run()V+11 java.base@11.0.11
v  ~StubRoutines::call_stub
V  [libjvm.so+0x82db91]
V  [libjvm.so+0x82c030]
V  [libjvm.so+0x82c0eb]
V  [libjvm.so+0x8cae9c]
V  [libjvm.so+0xdba950]
V  [libjvm.so+0xdb67e9]
V  [libjvm.so+0xb7b34e]

Java frames: (J=compiled Java code, j=interpreted, Vv=VM code)
j  sun.awt.X11.XToolkit.lambda$init$0()V+0 java.desktop@11.0.11
j  sun.awt.X11.XToolkit$$Lambda$10.run()V+4 java.desktop@11.0.11
j  java.lang.Thread.run()V+11 java.base@11.0.11
v  ~StubRoutines::call_stub

siginfo: si_signo: 11 (SIGSEGV), si_code: 1 (SEGV_MAPERR), si_addr: 0x00007f451f463c6c

Register to memory mapping:

RAX=0x0000000000007314 is an unknown value
RBX=0x00007f4527bcc0f1 is pointing into the stack for thread: 0x00007f4508010000
RCX=0x00007f451f44701c is an unknown value
RDX=0x0000000000007314 is an unknown value
RSP=0x00007f4527bcc040 is pointing into the stack for thread: 0x00007f4508010000
RBP=0x00007f4527bcc060 is pointing into the stack for thread: 0x00007f4508010000
RSI=0x00007f4527bcc0f0 is pointing into the stack for thread: 0x00007f4508010000
RDI=0x00007f4527dd4030: <offset 0x0000000000205030> in /usr/lib/jvm/java-11-openjdk-amd64/lib/libjimage.so at 0x00007f4527bcf000
R8 =0x0 is NULL
R9 =0x00000000ca0d71f0 is an unknown value
R10=0x00007f4527bcc114 is pointing into the stack for thread: 0x00007f4508010000
R11=0x50796172546d6574 is an unknown value
R12=0x00007f4527bcc0f0 is pointing into the stack for thread: 0x00007f4508010000
R13=0x000000000000843b is an unknown value
R14=0x00007f4527bcd188 is pointing into the stack for thread: 0x00007f4508010000
R15=0x00007f44dc2d2710 points into unknown readable memory: 0x2f7477612f6e7573 | 73 75 6e 2f 61 77 74 2f


Registers:
RAX=0x0000000000007314, RBX=0x00007f4527bcc0f1, RCX=0x00007f451f44701c, RDX=0x0000000000007314
RSP=0x00007f4527bcc040, RBP=0x00007f4527bcc060, RSI=0x00007f4527bcc0f0, RDI=0x00007f4527dd4030
R8 =0x0000000000000000, R9 =0x00000000ca0d71f0, R10=0x00007f4527bcc114, R11=0x50796172546d6574
R12=0x00007f4527bcc0f0, R13=0x000000000000843b, R14=0x00007f4527bcd188, R15=0x00007f44dc2d2710
RIP=0x00007f4527bd13d1, EFLAGS=0x0000000000010246, CSGSFS=0x002b000000000033, ERR=0x0000000000000004
  TRAPNO=0x000000000000000e

Top of Stack: (sp=0x00007f4527bcc040)
0x00007f4527bcc040:   0000000000000000 00007f45280098b0
0x00007f4527bcc050:   0000000000000000 00007f4527bcc0f0
0x00007f4527bcc060:   00007f4527bcc0d0 00007f4527bd204a
0x00007f4527bcc070:   0000000000000000 0000000000000000 

Instructions: (pc=0x00007f4527bd13d1)
0x00007f4527bd12d1:   48 89 df 48 89 4d 88 e8 53 f3 ff ff 48 8b 4d 88
0x00007f4527bd12e1:   44 03 6d 90 e9 42 fd ff ff 66 0f 1f 44 00 00 8b
0x00007f4527bd12f1:   08 41 89 0e 44 89 c1 8b 74 08 fc 41 89 74 0e fc
0x00007f4527bd1301:   e9 d8 fe ff ff 66 2e 0f 1f 84 00 00 00 00 00 b9
0x00007f4527bd1311:   0a 00 00 00 e9 95 fd ff ff 44 89 c1 0f b7 74 08
0x00007f4527bd1321:   fe 66 41 89 74 0e fe e9 b1 fe ff ff 0f 1f 00 0f
0x00007f4527bd1331:   b6 17 89 f1 4c 8d 47 01 84 d2 74 1a 0f 1f 00 69
0x00007f4527bd1341:   c9 93 01 00 01 49 83 c0 01 31 d1 41 0f b6 50 ff
0x00007f4527bd1351:   84 d2 75 eb 89 ce 89 f0 25 ff ff ff 7f c3 90 48
0x00007f4527bd1361:   85 d2 0f 84 e1 00 00 00 85 c9 0f 84 d9 00 00 00
0x00007f4527bd1371:   55 48 89 e5 41 55 41 54 53 48 8d 5e 01 48 83 ec
0x00007f4527bd1381:   08 44 0f b6 06 45 84 c0 0f 84 b1 00 00 00 49 89
0x00007f4527bd1391:   da b8 93 01 00 01 66 0f 1f 84 00 00 00 00 00 44
0x00007f4527bd13a1:   69 c8 93 01 00 01 49 83 c2 01 41 0f b6 c0 45 0f
0x00007f4527bd13b1:   b6 42 ff 44 31 c8 45 84 c0 75 e4 25 ff ff ff 7f
0x00007f4527bd13c1:   41 89 cd 48 89 d1 31 d2 49 89 f4 41 f7 f5 89 d0
0x00007f4527bd13d1:   8b 34 81 48 8b 07 ff 50 20 85 c0 7f 22 ba ff ff
0x00007f4527bd13e1:   ff ff 74 04 f7 d0 89 c2 48 83 c4 08 89 d0 5b 41
0x00007f4527bd13f1:   5c 41 5d 5d c3 66 2e 0f 1f 84 00 00 00 00 00 41
0x00007f4527bd1401:   0f b6 34 24 89 c7 40 84 f6 74 1b 0f 1f 40 00 69
0x00007f4527bd1411:   ff 93 01 00 01 48 83 c3 01 31 f7 0f b6 73 ff 40
0x00007f4527bd1421:   84 f6 75 eb 89 f8 25 ff ff ff 7f 31 d2 48 83 c4
0x00007f4527bd1431:   08 41 f7 f5 5b 41 5c 41 5d 5d 89 d0 c3 66 90 b8
0x00007f4527bd1441:   93 01 00 01 e9 77 ff ff ff 83 ca ff 89 d0 c3 0f
0x00007f4527bd1451:   b6 17 48 89 f8 84 d2 75 19 eb 1e 0f 1f 40 00 38
0x00007f4527bd1461:   ca 75 1c 48 83 c0 01 0f b6 10 48 83 c6 01 84 d2
0x00007f4527bd1471:   74 15 0f b6 0e 84 c9 75 e6 c3 0f 1f 44 00 00 31
0x00007f4527bd1481:   c0 c3 0f 1f 44 00 00 c3 90 66 0f 1f 44 00 00 48
0x00007f4527bd1491:   85 f6 74 5a 0f b6 06 84 c0 74 54 0f 1f 40 00 0f
0x00007f4527bd14a1:   b6 d0 83 e0 07 c1 fa 03 44 8d 50 01 0f b6 c0 41
0x00007f4527bd14b1:   89 d1 4c 8d 44 06 02 48 8d 56 01 31 c0 66 90 0f
0x00007f4527bd14c1:   b6 0a 48 c1 e0 08 48 83 c2 01 48 09 c8 49 39 d0 


Stack slot to memory mapping:
stack at sp + 0 slots: 0x0 is NULL
stack at sp + 1 slots: 0x00007f45280098b0 points into unknown readable memory: 0x00007f44e4001350 | 50 13 00 e4 44 7f 00 00
stack at sp + 2 slots: 0x0 is NULL
stack at sp + 3 slots: 0x00007f4527bcc0f0 is pointing into the stack for thread: 0x00007f4508010000
stack at sp + 4 slots: 0x00007f4527bcc0d0 is pointing into the stack for thread: 0x00007f4508010000
stack at sp + 5 slots: 0x00007f4527bd204a: <offset 0x000000000000304a> in /usr/lib/jvm/java-11-openjdk-amd64/lib/libjimage.so at 0x00007f4527bcf000
stack at sp + 6 slots: 0x0 is NULL
stack at sp + 7 slots: 0x0 is NULL


---------------  P R O C E S S  ---------------

Threads class SMR info:
_java_thread_list=0x00007f450800a660, length=18, elements={
0x00007f452808f800, 0x00007f4528091800, 0x00007f4528097000, 0x00007f4528099000,
0x00007f452809b800, 0x00007f452809d800, 0x00007f452809f800, 0x00007f45280d2000,
0x00007f45281b1800, 0x00007f4528201800, 0x00007f45282fc800, 0x00007f4528302800,
0x00007f4528016800, 0x00007f44f411f800, 0x00007f44f4135800, 0x00007f44e0016800,
0x00007f44e0012800, 0x00007f4508010000
}

Java Threads: ( => current thread )
  0x00007f452808f800 JavaThread "Reference Handler" daemon [_thread_blocked, id=2071, stack(0x00007f44ff2f8000,0x00007f44ff3f9000)]
  0x00007f4528091800 JavaThread "Finalizer" daemon [_thread_blocked, id=2072, stack(0x00007f44ff1f7000,0x00007f44ff2f8000)]
  0x00007f4528097000 JavaThread "Signal Dispatcher" daemon [_thread_blocked, id=2073, stack(0x00007f44fe727000,0x00007f44fe828000)]
  0x00007f4528099000 JavaThread "Service Thread" daemon [_thread_blocked, id=2074, stack(0x00007f44fe626000,0x00007f44fe727000)]
  0x00007f452809b800 JavaThread "C2 CompilerThread0" daemon [_thread_blocked, id=2075, stack(0x00007f44fe525000,0x00007f44fe626000)]
  0x00007f452809d800 JavaThread "C1 CompilerThread0" daemon [_thread_blocked, id=2076, stack(0x00007f44fe424000,0x00007f44fe525000)]
  0x00007f452809f800 JavaThread "Sweeper thread" daemon [_thread_blocked, id=2077, stack(0x00007f44fe323000,0x00007f44fe424000)]
  0x00007f45280d2000 JavaThread "Common-Cleaner" daemon [_thread_blocked, id=2079, stack(0x00007f44fe120000,0x00007f44fe221000)]
  0x00007f45281b1800 JavaThread "Java2D Disposer" daemon [_thread_blocked, id=2083, stack(0x00007f44cba36000,0x00007f44cbb37000)]
  0x00007f4528201800 JavaThread "AWT-XAWT" daemon [_thread_in_native, id=2084, stack(0x00007f44cb525000,0x00007f44cb626000)]
  0x00007f45282fc800 JavaThread "AWT-Shutdown" [_thread_blocked, id=2087, stack(0x00007f44cb221000,0x00007f44cb322000)]
  0x00007f4528302800 JavaThread "AWT-EventQueue-0" [_thread_blocked, id=2088, stack(0x00007f44cb120000,0x00007f44cb221000)]
  0x00007f4528016800 JavaThread "DestroyJavaVM" [_thread_blocked, id=2060, stack(0x00007f452ef3f000,0x00007f452f040000)]
  0x00007f44f411f800 JavaThread "TimerQueue" daemon [_thread_blocked, id=2089, stack(0x00007f44cae1f000,0x00007f44caf20000)]
  0x00007f44f4135800 JavaThread "mysql-cj-abandoned-connection-cleanup" daemon [_thread_blocked, id=2092, stack(0x00007f44cb424000,0x00007f44cb525000)]
  0x00007f44e0016800 JavaThread "SIGTERM handler" daemon [_thread_blocked, id=5408, stack(0x00007f44c9fa7000,0x00007f44ca0a8000)]
  0x00007f44e0012800 JavaThread "SIGHUP handler" daemon [_thread_blocked, id=5409, stack(0x00007f44ca71b000,0x00007f44ca81c000)]
=>0x00007f4508010000 JavaThread "XToolkt-Shutdown-Thread" [_thread_in_vm, id=5410, stack(0x00007f4527ace000,0x00007f4527bcf000)]

Other Threads:
  0x00007f452808c800 VMThread "VM Thread" [stack: 0x00007f44ff3fb000,0x00007f44ff4fb000] [id=2070]
  0x00007f45280d0000 WatcherThread [stack: 0x00007f44fe223000,0x00007f44fe323000] [id=2078]
  0x00007f452802e800 GCTaskThread "GC Thread#0" [stack: 0x00007f450f727000,0x00007f450f827000] [id=2064]
  0x00007f44f4001000 GCTaskThread "GC Thread#1" [stack: 0x00007f44cb324000,0x00007f44cb424000] [id=2086]
  0x00007f452803e800 ConcurrentGCThread "G1 Main Marker" [stack: 0x00007f450e2eb000,0x00007f450e3eb000] [id=2065]
  0x00007f4528040000 ConcurrentGCThread "G1 Conc#0" [stack: 0x00007f450e1e9000,0x00007f450e2e9000] [id=2067]
  0x00007f4528061800 ConcurrentGCThread "G1 Refine#0" [stack: 0x00007f44ffdff000,0x00007f44ffeff000] [id=2068]
  0x00007f4528063800 ConcurrentGCThread "G1 Young RemSet Sampling" [stack: 0x00007f44ffcfd000,0x00007f44ffdfd000] [id=2069]

Threads with active compile tasks:

VM state:not at safepoint (normal execution)

VM Mutex/Monitor currently owned by a thread: None

Heap address: 0x00000000e3000000, size: 464 MB, Compressed Oops mode: 32-bit
Narrow klass base: 0x0000000800000000, Narrow klass shift: 3
Compressed class space size: 1073741824 Address: 0x0000000840000000

Heap:
 garbage-first heap   total 32768K, used 24964K [0x00000000e3000000, 0x0000000100000000)
  region size 1024K, 12 young (12288K), 1 survivors (1024K)
 Metaspace       used 16832K, capacity 17210K, committed 18304K, reserved 1064960K
  class space    used 1708K, capacity 1867K, committed 2176K, reserved 1048576K
Heap Regions: E=young(eden), S=young(survivor), O=old, HS=humongous(starts), HC=humongous(continues), CS=collection set, F=free, A=archive, TAMS=top-at-mark-start (previous, next)
|   0|0x00000000e3000000, 0x00000000e3100000, 0x00000000e3100000|100%| O|  |TAMS 0x00000000e3100000, 0x00000000e3000000| Untracked 
|   1|0x00000000e3100000, 0x00000000e3200000, 0x00000000e3200000|100%| O|  |TAMS 0x00000000e3200000, 0x00000000e3100000| Untracked 
|   2|0x00000000e3200000, 0x00000000e3300000, 0x00000000e3300000|100%|HS|  |TAMS 0x00000000e3300000, 0x00000000e3200000| Complete 
|   3|0x00000000e3300000, 0x00000000e3400000, 0x00000000e3400000|100%|HC|  |TAMS 0x00000000e3400000, 0x00000000e3300000| Complete 
|   4|0x00000000e3400000, 0x00000000e3500000, 0x00000000e3500000|100%|HC|  |TAMS 0x00000000e3500000, 0x00000000e3400000| Complete 
|   5|0x00000000e3500000, 0x00000000e3600000, 0x00000000e3600000|100%| O|  |TAMS 0x00000000e3600000, 0x00000000e3500000| Untracked 
|   6|0x00000000e3600000, 0x00000000e3700000, 0x00000000e3700000|100%| O|  |TAMS 0x00000000e3700000, 0x00000000e3600000| Untracked 
|   7|0x00000000e3700000, 0x00000000e3800000, 0x00000000e3800000|100%| O|  |TAMS 0x00000000e3800000, 0x00000000e3700000| Untracked 
|   8|0x00000000e3800000, 0x00000000e3900000, 0x00000000e3900000|100%|HS|  |TAMS 0x00000000e3900000, 0x00000000e3800000| Complete 
|   9|0x00000000e3900000, 0x00000000e3a00000, 0x00000000e3a00000|100%|HC|  |TAMS 0x00000000e3a00000, 0x00000000e3900000| Complete 
|  10|0x00000000e3a00000, 0x00000000e3b00000, 0x00000000e3b00000|100%|HC|  |TAMS 0x00000000e3b00000, 0x00000000e3a00000| Complete 
|  11|0x00000000e3b00000, 0x00000000e3c00000, 0x00000000e3c00000|100%| O|  |TAMS 0x00000000e3c00000, 0x00000000e3b00000| Untracked 
|  12|0x00000000e3c00000, 0x00000000e3d00000, 0x00000000e3d00000|100%| O|  |TAMS 0x00000000e3d00000, 0x00000000e3c00000| Untracked 
|  13|0x00000000e3d00000, 0x00000000e3dae200, 0x00000000e3e00000| 68%| O|  |TAMS 0x00000000e3dae200, 0x00000000e3d00000| Untracked 
|  14|0x00000000e3e00000, 0x00000000e3e00000, 0x00000000e3f00000|  0%| F|  |TAMS 0x00000000e3e00000, 0x00000000e3e00000| Untracked 
|  15|0x00000000e3f00000, 0x00000000e3f00000, 0x00000000e4000000|  0%| F|  |TAMS 0x00000000e3f00000, 0x00000000e3f00000| Untracked 
|  16|0x00000000e4000000, 0x00000000e4000000, 0x00000000e4100000|  0%| F|  |TAMS 0x00000000e4000000, 0x00000000e4000000| Untracked 
|  17|0x00000000e4100000, 0x00000000e41010f0, 0x00000000e4200000|  0%| S|CS|TAMS 0x00000000e4100000, 0x00000000e4100000| Complete 
|  18|0x00000000e4200000, 0x00000000e4200000, 0x00000000e4300000|  0%| F|  |TAMS 0x00000000e4200000, 0x00000000e4200000| Untracked 
|  19|0x00000000e4300000, 0x00000000e4400000, 0x00000000e4400000|100%| E|  |TAMS 0x00000000e4300000, 0x00000000e4300000| Complete 
|  20|0x00000000e4400000, 0x00000000e4500000, 0x00000000e4500000|100%| E|CS|TAMS 0x00000000e4400000, 0x00000000e4400000| Complete 
|  21|0x00000000e4500000, 0x00000000e4600000, 0x00000000e4600000|100%| E|CS|TAMS 0x00000000e4500000, 0x00000000e4500000| Complete 
|  22|0x00000000e4600000, 0x00000000e4700000, 0x00000000e4700000|100%| E|CS|TAMS 0x00000000e4600000, 0x00000000e4600000| Complete 
|  23|0x00000000e4700000, 0x00000000e4800000, 0x00000000e4800000|100%| E|CS|TAMS 0x00000000e4700000, 0x00000000e4700000| Complete 
|  24|0x00000000e4800000, 0x00000000e4900000, 0x00000000e4900000|100%| E|CS|TAMS 0x00000000e4800000, 0x00000000e4800000| Complete 
|  25|0x00000000e4900000, 0x00000000e4a00000, 0x00000000e4a00000|100%| E|CS|TAMS 0x00000000e4900000, 0x00000000e4900000| Complete 
|  26|0x00000000e4a00000, 0x00000000e4b00000, 0x00000000e4b00000|100%| E|CS|TAMS 0x00000000e4a00000, 0x00000000e4a00000| Complete 
|  27|0x00000000e4b00000, 0x00000000e4c00000, 0x00000000e4c00000|100%| E|CS|TAMS 0x00000000e4b00000, 0x00000000e4b00000| Complete 
|  28|0x00000000e4c00000, 0x00000000e4d00000, 0x00000000e4d00000|100%| E|CS|TAMS 0x00000000e4c00000, 0x00000000e4c00000| Complete 
|  29|0x00000000e4d00000, 0x00000000e4e00000, 0x00000000e4e00000|100%| E|CS|TAMS 0x00000000e4d00000, 0x00000000e4d00000| Complete 
| 462|0x00000000ffe00000, 0x00000000ffe47000, 0x00000000fff00000| 27%|OA|  |TAMS 0x00000000ffe47000, 0x00000000ffe00000| Untracked 
| 463|0x00000000fff00000, 0x00000000fff6b000, 0x0000000100000000| 41%|CA|  |TAMS 0x00000000fff6b000, 0x00000000fff00000| Untracked 

Card table byte_map: [0x00007f450f353000,0x00007f450f43b000] _byte_map_base: 0x00007f450ec3b000

Marking Bits (Prev, Next): (CMBitMap*) 0x00007f452803b900, (CMBitMap*) 0x00007f452803b8c8
 Prev Bits: [0x00007f450e3eb000, 0x00007f450eb2b000)
 Next Bits: [0x00007f450eb2b000, 0x00007f450f26b000)

Polling page: 0x00007f452f054000

Metaspace:

Usage:
  Non-class:     14.98 MB capacity,    14.77 MB ( 99%) used,   184.15 KB (  1%) free+waste,    34.56 KB ( <1%) overhead. 
      Class:      1.82 MB capacity,     1.67 MB ( 92%) used,   140.09 KB (  8%) free+waste,    18.38 KB ( <1%) overhead. 
       Both:     16.81 MB capacity,    16.44 MB ( 98%) used,   324.23 KB (  2%) free+waste,    52.94 KB ( <1%) overhead. 

Virtual space:
  Non-class space:       16.00 MB reserved,      15.75 MB ( 98%) committed 
      Class space:        1.00 GB reserved,       2.12 MB ( <1%) committed 
             Both:        1.02 GB reserved,      17.88 MB (  2%) committed 

Chunk freelists:
   Non-Class:  677.00 KB
       Class:  282.00 KB
        Both:  959.00 KB

MaxMetaspaceSize: unlimited
CompressedClassSpaceSize: 1.00 GB

CodeHeap 'non-profiled nmethods': size=120036Kb used=3872Kb max_used=3872Kb free=116164Kb
 bounds [0x00007f45174c4000, 0x00007f4517894000, 0x00007f451e9fd000]
CodeHeap 'profiled nmethods': size=120032Kb used=8368Kb max_used=8368Kb free=111663Kb
 bounds [0x00007f450ff8c000, 0x00007f45107bc000, 0x00007f45174c4000]
CodeHeap 'non-nmethods': size=5692Kb used=1297Kb max_used=1350Kb free=4394Kb
 bounds [0x00007f450f9fd000, 0x00007f450fc6d000, 0x00007f450ff8c000]
 total_blobs=4686 nmethods=3948 adapters=649
 compilation: enabled
              stopped_count=0, restarted_count=0
 full_count=0

Compilation events (20 events):
Event: 9403.849 Thread 0x00007f452809d800 nmethod 3964 0x00007f45107b4410 code [0x00007f45107b4700, 0x00007f45107b5760]
Event: 9403.912 Thread 0x00007f452809b800 nmethod 3965 0x00007f451787d690 code [0x00007f451787d840, 0x00007f451787da88]
Event: 9917.160 Thread 0x00007f452809b800 3967       4       java.lang.String::regionMatches (150 bytes)
Event: 9917.182 Thread 0x00007f452809b800 nmethod 3967 0x00007f451787dc10 code [0x00007f451787ddc0, 0x00007f451787e398]
Event: 9972.163 Thread 0x00007f452809b800 3968       4       java.lang.ref.ReferenceQueue::reallyPoll (65 bytes)
Event: 9972.210 Thread 0x00007f452809b800 nmethod 3968 0x00007f451787e890 code [0x00007f451787ea40, 0x00007f451787ed88]
Event: 11097.255 Thread 0x00007f452809b800 3969       4       sun.net.util.IPAddressUtil::scan (92 bytes)
Event: 11097.257 Thread 0x00007f452809b800 nmethod 3969 0x00007f451787ee10 code [0x00007f451787efa0, 0x00007f451787f038]
Event: 11502.281 Thread 0x00007f452809b800 3970   !   4       java.net.URL::<init> (543 bytes)
Event: 11502.588 Thread 0x00007f452809b800 nmethod 3970 0x00007f451787f190 code [0x00007f451787f4e0, 0x00007f4517881860]
Event: 11587.284 Thread 0x00007f452809b800 3971       4       java.net.URLStreamHandler::setURL (73 bytes)
Event: 11587.323 Thread 0x00007f452809b800 nmethod 3971 0x00007f4517882d90 code [0x00007f4517882f40, 0x00007f4517883a88]
Event: 11712.290 Thread 0x00007f452809b800 3972       4       java.lang.String::indexOf (65 bytes)
Event: 11712.313 Thread 0x00007f452809b800 nmethod 3972 0x00007f4517883f10 code [0x00007f45178840c0, 0x00007f4517884578]
Event: 12302.314 Thread 0x00007f452809b800 3973       4       java.net.URLStreamHandler::parseURL (1201 bytes)
Event: 12302.713 Thread 0x00007f452809b800 nmethod 3973 0x00007f4517884810 code [0x00007f4517884c60, 0x00007f4517888ae8]
Event: 13432.364 Thread 0x00007f452809b800 3974       4       java.lang.ClassLoader::getResource (41 bytes)
Event: 13432.420 Thread 0x00007f452809b800 nmethod 3974 0x00007f451788b990 code [0x00007f451788bb80, 0x00007f451788bd90]
Event: 18940.688 Thread 0x00007f452809d800 3975       3       sun.awt.X11.XBaseWindow::dispatchEvent (298 bytes)
Event: 18940.817 Thread 0x00007f452809d800 nmethod 3975 0x00007f45107b5d10 code [0x00007f45107b60c0, 0x00007f45107b7b90]

GC Heap History (20 events):
Event: 18936.947 GC heap before
{Heap before GC invocations=8592 (full 0):
 garbage-first heap   total 32768K, used 25988K [0x00000000e3000000, 0x0000000100000000)
  region size 1024K, 12 young (12288K), 1 survivors (1024K)
 Metaspace       used 16821K, capacity 17210K, committed 18304K, reserved 1064960K
  class space    used 1707K, capacity 1867K, committed 2176K, reserved 1048576K
}
Event: 18936.949 GC heap after
{Heap after GC invocations=8593 (full 0):
 garbage-first heap   total 32768K, used 14724K [0x00000000e3000000, 0x0000000100000000)
  region size 1024K, 1 young (1024K), 1 survivors (1024K)
 Metaspace       used 16821K, capacity 17210K, committed 18304K, reserved 1064960K
  class space    used 1707K, capacity 1867K, committed 2176K, reserved 1048576K
}
Event: 18937.411 GC heap before
{Heap before GC invocations=8594 (full 0):
 garbage-first heap   total 32768K, used 25988K [0x00000000e3000000, 0x0000000100000000)
  region size 1024K, 12 young (12288K), 1 survivors (1024K)
 Metaspace       used 16821K, capacity 17210K, committed 18304K, reserved 1064960K
  class space    used 1707K, capacity 1867K, committed 2176K, reserved 1048576K
}
Event: 18937.413 GC heap after
{Heap after GC invocations=8595 (full 0):
 garbage-first heap   total 32768K, used 14724K [0x00000000e3000000, 0x0000000100000000)
  region size 1024K, 1 young (1024K), 1 survivors (1024K)
 Metaspace       used 16821K, capacity 17210K, committed 18304K, reserved 1064960K
  class space    used 1707K, capacity 1867K, committed 2176K, reserved 1048576K
}
Event: 18937.922 GC heap before
{Heap before GC invocations=8595 (full 0):
 garbage-first heap   total 32768K, used 25988K [0x00000000e3000000, 0x0000000100000000)
  region size 1024K, 12 young (12288K), 1 survivors (1024K)
 Metaspace       used 16821K, capacity 17210K, committed 18304K, reserved 1064960K
  class space    used 1707K, capacity 1867K, committed 2176K, reserved 1048576K
}
Event: 18937.924 GC heap after
{Heap after GC invocations=8596 (full 0):
 garbage-first heap   total 32768K, used 14726K [0x00000000e3000000, 0x0000000100000000)
  region size 1024K, 1 young (1024K), 1 survivors (1024K)
 Metaspace       used 16821K, capacity 17210K, committed 18304K, reserved 1064960K
  class space    used 1707K, capacity 1867K, committed 2176K, reserved 1048576K
}
Event: 18938.368 GC heap before
{Heap before GC invocations=8597 (full 0):
 garbage-first heap   total 32768K, used 25990K [0x00000000e3000000, 0x0000000100000000)
  region size 1024K, 12 young (12288K), 1 survivors (1024K)
 Metaspace       used 16821K, capacity 17210K, committed 18304K, reserved 1064960K
  class space    used 1707K, capacity 1867K, committed 2176K, reserved 1048576K
}
Event: 18938.370 GC heap after
{Heap after GC invocations=8598 (full 0):
 garbage-first heap   total 32768K, used 14724K [0x00000000e3000000, 0x0000000100000000)
  region size 1024K, 1 young (1024K), 1 survivors (1024K)
 Metaspace       used 16821K, capacity 17210K, committed 18304K, reserved 1064960K
  class space    used 1707K, capacity 1867K, committed 2176K, reserved 1048576K
}
Event: 18938.874 GC heap before
{Heap before GC invocations=8598 (full 0):
 garbage-first heap   total 32768K, used 25988K [0x00000000e3000000, 0x0000000100000000)
  region size 1024K, 12 young (12288K), 1 survivors (1024K)
 Metaspace       used 16821K, capacity 17210K, committed 18304K, reserved 1064960K
  class space    used 1707K, capacity 1867K, committed 2176K, reserved 1048576K
}
Event: 18938.878 GC heap after
{Heap after GC invocations=8599 (full 0):
 garbage-first heap   total 32768K, used 14724K [0x00000000e3000000, 0x0000000100000000)
  region size 1024K, 1 young (1024K), 1 survivors (1024K)
 Metaspace       used 16821K, capacity 17210K, committed 18304K, reserved 1064960K
  class space    used 1707K, capacity 1867K, committed 2176K, reserved 1048576K
}
Event: 18939.538 GC heap before
{Heap before GC invocations=8600 (full 0):
 garbage-first heap   total 32768K, used 25988K [0x00000000e3000000, 0x0000000100000000)
  region size 1024K, 12 young (12288K), 1 survivors (1024K)
 Metaspace       used 16821K, capacity 17210K, committed 18304K, reserved 1064960K
  class space    used 1707K, capacity 1867K, committed 2176K, reserved 1048576K
}
Event: 18939.539 GC heap after
{Heap after GC invocations=8601 (full 0):
 garbage-first heap   total 32768K, used 14726K [0x00000000e3000000, 0x0000000100000000)
  region size 1024K, 1 young (1024K), 1 survivors (1024K)
 Metaspace       used 16821K, capacity 17210K, committed 18304K, reserved 1064960K
  class space    used 1707K, capacity 1867K, committed 2176K, reserved 1048576K
}
Event: 18939.983 GC heap before
{Heap before GC invocations=8601 (full 0):
 garbage-first heap   total 32768K, used 25990K [0x00000000e3000000, 0x0000000100000000)
  region size 1024K, 12 young (12288K), 1 survivors (1024K)
 Metaspace       used 16821K, capacity 17210K, committed 18304K, reserved 1064960K
  class space    used 1707K, capacity 1867K, committed 2176K, reserved 1048576K
}
Event: 18939.984 GC heap after
{Heap after GC invocations=8602 (full 0):
 garbage-first heap   total 32768K, used 14724K [0x00000000e3000000, 0x0000000100000000)
  region size 1024K, 1 young (1024K), 1 survivors (1024K)
 Metaspace       used 16821K, capacity 17210K, committed 18304K, reserved 1064960K
  class space    used 1707K, capacity 1867K, committed 2176K, reserved 1048576K
}
Event: 18940.544 GC heap before
{Heap before GC invocations=8603 (full 0):
 garbage-first heap   total 32768K, used 25988K [0x00000000e3000000, 0x0000000100000000)
  region size 1024K, 12 young (12288K), 1 survivors (1024K)
 Metaspace       used 16821K, capacity 17210K, committed 18304K, reserved 1064960K
  class space    used 1707K, capacity 1867K, committed 2176K, reserved 1048576K
}
Event: 18940.558 GC heap after
{Heap after GC invocations=8604 (full 0):
 garbage-first heap   total 32768K, used 14726K [0x00000000e3000000, 0x0000000100000000)
  region size 1024K, 1 young (1024K), 1 survivors (1024K)
 Metaspace       used 16821K, capacity 17210K, committed 18304K, reserved 1064960K
  class space    used 1707K, capacity 1867K, committed 2176K, reserved 1048576K
}
Event: 18940.999 GC heap before
{Heap before GC invocations=8604 (full 0):
 garbage-first heap   total 32768K, used 25990K [0x00000000e3000000, 0x0000000100000000)
  region size 1024K, 12 young (12288K), 1 survivors (1024K)
 Metaspace       used 16821K, capacity 17210K, committed 18304K, reserved 1064960K
  class space    used 1707K, capacity 1867K, committed 2176K, reserved 1048576K
}
Event: 18941.000 GC heap after
{Heap after GC invocations=8605 (full 0):
 garbage-first heap   total 32768K, used 14724K [0x00000000e3000000, 0x0000000100000000)
  region size 1024K, 1 young (1024K), 1 survivors (1024K)
 Metaspace       used 16821K, capacity 17210K, committed 18304K, reserved 1064960K
  class space    used 1707K, capacity 1867K, committed 2176K, reserved 1048576K
}
Event: 18941.468 GC heap before
{Heap before GC invocations=8606 (full 0):
 garbage-first heap   total 32768K, used 25988K [0x00000000e3000000, 0x0000000100000000)
  region size 1024K, 12 young (12288K), 1 survivors (1024K)
 Metaspace       used 16821K, capacity 17210K, committed 18304K, reserved 1064960K
  class space    used 1707K, capacity 1867K, committed 2176K, reserved 1048576K
}
Event: 18941.470 GC heap after
{Heap after GC invocations=8607 (full 0):
 garbage-first heap   total 32768K, used 14724K [0x00000000e3000000, 0x0000000100000000)
  region size 1024K, 1 young (1024K), 1 survivors (1024K)
 Metaspace       used 16821K, capacity 17210K, committed 18304K, reserved 1064960K
  class space    used 1707K, capacity 1867K, committed 2176K, reserved 1048576K
}

Deoptimization events (20 events):
Event: 2204.574 Thread 0x00007f4528201800 Uncommon trap: trap_request=0xffffff4d fr.pc=0x00007f4517636078 relative=0x0000000000000a18
Event: 2204.574 Thread 0x00007f4528201800 Uncommon trap: reason=unstable_if action=reinterpret pc=0x00007f4517636078 method=sun.awt.PostEventQueue.flush()V @ 23 c2
Event: 2204.574 Thread 0x00007f4528201800 DEOPT PACKING pc=0x00007f4517636078 sp=0x00007f44cb623fc0
Event: 2204.574 Thread 0x00007f4528201800 DEOPT UNPACKING pc=0x00007f450fa2239f sp=0x00007f44cb623f78 mode 2
Event: 2205.297 Thread 0x00007f44f411f800 Uncommon trap: trap_request=0xffffff4d fr.pc=0x00007f451780daa8 relative=0x0000000000000d88
Event: 2205.297 Thread 0x00007f44f411f800 Uncommon trap: reason=unstable_if action=reinterpret pc=0x00007f451780daa8 method=java.util.concurrent.locks.AbstractQueuedSynchronizer$ConditionObject.awaitNanos(J)J @ 52 c2
Event: 2205.297 Thread 0x00007f44f411f800 DEOPT PACKING pc=0x00007f451780daa8 sp=0x00007f44caf1e7c0
Event: 2205.297 Thread 0x00007f44f411f800 DEOPT UNPACKING pc=0x00007f450fa2239f sp=0x00007f44caf1e780 mode 2
Event: 2437.842 Thread 0x00007f4528302800 Uncommon trap: trap_request=0xffffff4d fr.pc=0x00007f45177fd900 relative=0x00000000000006a0
Event: 2437.842 Thread 0x00007f4528302800 Uncommon trap: reason=unstable_if action=reinterpret pc=0x00007f45177fd900 method=sun.java2d.pipe.Region.isInsideXYXY(IIII)Z @ 30 c2
Event: 2437.842 Thread 0x00007f4528302800 DEOPT PACKING pc=0x00007f45177fd900 sp=0x00007f44cb21c5f0
Event: 2437.842 Thread 0x00007f4528302800 DEOPT UNPACKING pc=0x00007f450fa2239f sp=0x00007f44cb21c2a0 mode 2
Event: 2437.842 Thread 0x00007f4528302800 Uncommon trap: trap_request=0xffffff4d fr.pc=0x00007f45175cf574 relative=0x00000000000004f4
Event: 2437.842 Thread 0x00007f4528302800 Uncommon trap: reason=unstable_if action=reinterpret pc=0x00007f45175cf574 method=sun.java2d.pipe.Region.isInsideXYXY(IIII)Z @ 30 c2
Event: 2437.842 Thread 0x00007f4528302800 DEOPT PACKING pc=0x00007f45175cf574 sp=0x00007f44cb21c620
Event: 2437.842 Thread 0x00007f4528302800 DEOPT UNPACKING pc=0x00007f450fa2239f sp=0x00007f44cb21c2b0 mode 2
Event: 22108.839 Thread 0x00007f44e0016800 Uncommon trap: trap_request=0xffffff4d fr.pc=0x00007f4517860c8c relative=0x000000000000006c
Event: 22108.839 Thread 0x00007f44e0016800 Uncommon trap: reason=unstable_if action=reinterpret pc=0x00007f4517860c8c method=java.util.IdentityHashMap.keySet()Ljava/util/Set; @ 6 c2
Event: 22108.839 Thread 0x00007f44e0016800 DEOPT PACKING pc=0x00007f4517860c8c sp=0x00007f44ca0a66f0
Event: 22108.839 Thread 0x00007f44e0016800 DEOPT UNPACKING pc=0x00007f450fa2239f sp=0x00007f44ca0a66a8 mode 2

Classes redefined (0 events):
No events

Internal exceptions (20 events):
Event: 2.212 Thread 0x00007f4528302800 Exception <a 'java/lang/NoSuchMethodError'{0x00000000e4c4fa40}: 'java.lang.Object java.lang.invoke.Invokers$Holder.linkToTargetMethod(java.lang.Object, java.lang.Object, java.lang.Object, java.lang.Object, java.lang.Object, java.lang.Object)'> (0x00000000e4c4fa40) thrown at [src/hotspot/share/interpreter/linkResolver.cpp, line 773]
Event: 2.229 Thread 0x00007f4528302800 Exception <a 'java/lang/NoSuchMethodError'{0x00000000e4cbde80}: 'java.lang.Object java.lang.invoke.DirectMethodHandle$Holder.invokeSpecial(java.lang.Object, java.lang.Object, int, int, java.lang.Object, java.lang.Object, java.lang.Object, java.lang.Object)'> (0x00000000e4cbde80) thrown at [src/hotspot/share/interpreter/linkResolver.cpp, line 773]
Event: 2.229 Thread 0x00007f4528302800 Exception <a 'java/lang/NoSuchMethodError'{0x00000000e4cc1aa8}: 'java.lang.Object java.lang.invoke.DelegatingMethodHandle$Holder.reinvoke_L(java.lang.Object, int, int, java.lang.Object, java.lang.Object, java.lang.Object, java.lang.Object)'> (0x00000000e4cc1aa8) thrown at [src/hotspot/share/interpreter/linkResolver.cpp, line 773]
Event: 2.311 Thread 0x00007f4528302800 Exception <a 'java/lang/NoSuchMethodError'{0x00000000e4937bf8}: 'java.lang.Object java.lang.invoke.DirectMethodHandle$Holder.invokeStatic(java.lang.Object, java.lang.Object, java.lang.Object, java.lang.Object, java.lang.Object, java.lang.Object, java.lang.Object, java.lang.Object, java.lang.Object, java.lang.Object, java.lang.Object, int)'> (0x00000000e4937bf8) thrown at [src/hotspot/share/interpreter/linkResolver.cpp, line 773]
Event: 2.318 Thread 0x00007f4528302800 Exception <a 'java/lang/NoSuchMethodError'{0x00000000e4956538}: 'java.lang.Object java.lang.invoke.DirectMethodHandle$Holder.invokeStatic(java.lang.Object, java.lang.Object, java.lang.Object, java.lang.Object, java.lang.Object, java.lang.Object, java.lang.Object, java.lang.Object, java.lang.Object, java.lang.Object, java.lang.Object, int, int)'> (0x00000000e4956538) thrown at [src/hotspot/share/interpreter/linkResolver.cpp, line 773]
Event: 2.324 Thread 0x00007f4528302800 Exception <a 'java/lang/NoSuchMethodError'{0x00000000e49756a8}: 'java.lang.Object java.lang.invoke.DirectMethodHandle$Holder.invokeStatic(java.lang.Object, java.lang.Object, java.lang.Object, java.lang.Object, java.lang.Object, java.lang.Object, java.lang.Object, java.lang.Object, java.lang.Object, java.lang.Object, java.lang.Object, int, int, java.lang.Object)'> (0x00000000e49756a8) thrown at [src/hotspot/share/interpreter/linkResolver.cpp, line 773]
Event: 2.330 Thread 0x00007f4528302800 Exception <a 'java/lang/NoSuchMethodError'{0x00000000e4995e90}: 'java.lang.Object java.lang.invoke.DirectMethodHandle$Holder.invokeStatic(java.lang.Object, java.lang.Object, java.lang.Object, java.lang.Object, java.lang.Object, java.lang.Object, java.lang.Object, java.lang.Object, java.lang.Object, java.lang.Object, java.lang.Object, int, int, java.lang.Object, java.lang.Object)'> (0x00000000e4995e90) thrown at [src/hotspot/share/interpreter/linkResolver.cpp, line 773]
Event: 16.061 Thread 0x00007f4528302800 Exception <a 'java/lang/NoSuchMethodError'{0x00000000e476b828}: 'int java.lang.invoke.DirectMethodHandle$Holder.invokeSpecialIFC(java.lang.Object, java.lang.Object, int)'> (0x00000000e476b828) thrown at [src/hotspot/share/interpreter/linkResolver.cpp, line 773]
Event: 16.159 Thread 0x00007f4528302800 Exception <a 'java/lang/NoSuchMethodError'{0x00000000e4696b80}: 'java.lang.Object java.lang.invoke.DirectMethodHandle$Holder.invokeVirtual(java.lang.Object, java.lang.Object, java.lang.Object)'> (0x00000000e4696b80) thrown at [src/hotspot/share/interpreter/linkResolver.cpp, line 773]
Event: 20.424 Thread 0x00007f44f4135800 Exception <a 'java/lang/NoSuchMethodError'{0x00000000e4d90010}: 'void java.lang.invoke.DirectMethodHandle$Holder.invokeStaticInit(java.lang.Object, java.lang.Object)'> (0x00000000e4d90010) thrown at [src/hotspot/share/interpreter/linkResolver.cpp, line 773]
Event: 26.553 Thread 0x00007f4528302800 Implicit null exception at 0x00007f4517622b80 to 0x00007f4517622bc1
Event: 28.469 Thread 0x00007f4528302800 Implicit null exception at 0x00007f45175e55a6 to 0x00007f45175eb018
Event: 30.509 Thread 0x00007f4528302800 Implicit null exception at 0x00007f45175f41e0 to 0x00007f45175f8398
Event: 34.435 Thread 0x00007f4528302800 Implicit null exception at 0x00007f45175caa80 to 0x00007f45175cae9c
Event: 34.480 Thread 0x00007f4528302800 Implicit null exception at 0x00007f451759e620 to 0x00007f451759ee14
Event: 34.574 Thread 0x00007f4528302800 Implicit null exception at 0x00007f4517598581 to 0x00007f451759a338
Event: 34.581 Thread 0x00007f4528302800 Implicit null exception at 0x00007f45175becb5 to 0x00007f45175bee74
Event: 34.648 Thread 0x00007f4528302800 Implicit null exception at 0x00007f451763fe5c to 0x00007f4517640078
Event: 1923.762 Thread 0x00007f4528302800 Implicit null exception at 0x00007f45175bfeb6 to 0x00007f45175c0d9c
Event: 1932.016 Thread 0x00007f4528302800 Implicit null exception at 0x00007f451774eddc to 0x00007f451774eff8

Events (20 events):
Event: 18941.470 Executing VM operation: G1CollectForAllocation done
Event: 22097.506 Executing VM operation: RevokeBias
Event: 22099.258 loading class jdk/internal/misc/Signal$1
Event: 22103.817 loading class jdk/internal/misc/Signal$1 done
Event: 22104.770 Executing VM operation: RevokeBias done
Event: 22105.426 loading class sun/awt/X11/XDestroyWindowEvent
Event: 22105.731 loading class sun/awt/X11/XDestroyWindowEvent done
Event: 22107.239 Thread 0x00007f44e0016800 Thread added: 0x00007f44e0016800
Event: 22107.261 Protecting memory [0x00007f44c9fa7000,0x00007f44c9fab000] with protection modes 0
Event: 22107.280 Executing VM operation: RevokeBias
Event: 22107.280 Executing VM operation: RevokeBias done
Event: 22107.280 Executing VM operation: RevokeBias
Event: 22107.280 Executing VM operation: RevokeBias done
Event: 22107.455 Executing VM operation: RevokeBias
Event: 22108.232 Thread 0x00007f44e0012800 Thread added: 0x00007f44e0012800
Event: 22108.246 Protecting memory [0x00007f44ca71b000,0x00007f44ca71f000] with protection modes 0
Event: 22108.247 Executing VM operation: RevokeBias done
Event: 22108.839 Thread 0x00007f4508010000 Thread added: 0x00007f4508010000
Event: 22108.839 Protecting memory [0x00007f4527ace000,0x00007f4527ad2000] with protection modes 0
Event: 22108.872 loading class sun/awt/X11/XSystemTrayPeer


Dynamic libraries:
e3000000-e4e00000 rw-p 00000000 00:00 0 
e4e00000-ffe00000 ---p 00000000 00:00 0 
ffe00000-ffe47000 rw-p 01111000 08:06 285331                             /usr/lib/jvm/java-11-openjdk-amd64/lib/server/classes.jsa
ffe47000-fff00000 rw-p 00000000 00:00 0 
fff00000-fff6b000 rw-p 010a6000 08:06 285331                             /usr/lib/jvm/java-11-openjdk-amd64/lib/server/classes.jsa
fff6b000-100000000 rw-p 00000000 00:00 0 
800000000-800002000 rwxp 00001000 08:06 285331                           /usr/lib/jvm/java-11-openjdk-amd64/lib/server/classes.jsa
800002000-8003b9000 rw-p 00003000 08:06 285331                           /usr/lib/jvm/java-11-openjdk-amd64/lib/server/classes.jsa
8003b9000-800a96000 r--p 003ba000 08:06 285331                           /usr/lib/jvm/java-11-openjdk-amd64/lib/server/classes.jsa
800a96000-800a97000 rw-p 00a97000 08:06 285331                           /usr/lib/jvm/java-11-openjdk-amd64/lib/server/classes.jsa
800a97000-8010a5000 r--p 00a98000 08:06 285331                           /usr/lib/jvm/java-11-openjdk-amd64/lib/server/classes.jsa
840000000-840220000 rw-p 00000000 00:00 0 
840220000-880000000 ---p 00000000 00:00 0 
558da3000000-558da3001000 r-xp 00000000 08:06 284634                     /usr/lib/jvm/java-11-openjdk-amd64/bin/java
558da3201000-558da3202000 r--p 00001000 08:06 284634                     /usr/lib/jvm/java-11-openjdk-amd64/bin/java
558da3202000-558da3203000 rw-p 00002000 08:06 284634                     /usr/lib/jvm/java-11-openjdk-amd64/bin/java
558da4982000-558da49c4000 rw-p 00000000 00:00 0                          [heap]
7f44c9fa7000-7f44c9fab000 ---p 00000000 00:00 0 
7f44c9fab000-7f44ca0a8000 rw-p 00000000 00:00 0 
7f44ca0a8000-7f44ca10f000 r-xp 00000000 08:06 272805                     /usr/lib/x86_64-linux-gnu/libjpeg.so.8.1.2
7f44ca10f000-7f44ca30e000 ---p 00067000 08:06 272805                     /usr/lib/x86_64-linux-gnu/libjpeg.so.8.1.2
7f44ca30e000-7f44ca30f000 r--p 00066000 08:06 272805                     /usr/lib/x86_64-linux-gnu/libjpeg.so.8.1.2
7f44ca30f000-7f44ca310000 rw-p 00067000 08:06 272805                     /usr/lib/x86_64-linux-gnu/libjpeg.so.8.1.2
7f44ca310000-7f44ca31a000 r-xp 00000000 08:06 284773                     /usr/lib/jvm/java-11-openjdk-amd64/lib/libjavajpeg.so
7f44ca31a000-7f44ca519000 ---p 0000a000 08:06 284773                     /usr/lib/jvm/java-11-openjdk-amd64/lib/libjavajpeg.so
7f44ca519000-7f44ca51a000 r--p 00009000 08:06 284773                     /usr/lib/jvm/java-11-openjdk-amd64/lib/libjavajpeg.so
7f44ca51a000-7f44ca51b000 rw-p 0000a000 08:06 284773                     /usr/lib/jvm/java-11-openjdk-amd64/lib/libjavajpeg.so
7f44ca51b000-7f44ca6db000 rw-p 00000000 00:00 0 
7f44ca6db000-7f44ca71b000 ---p 00000000 00:00 0 
7f44ca71b000-7f44ca71f000 ---p 00000000 00:00 0 
7f44ca71f000-7f44caa1c000 rw-p 00000000 00:00 0 
7f44caa1c000-7f44caa1e000 r-xp 00000000 08:06 284765                     /usr/lib/jvm/java-11-openjdk-amd64/lib/libextnet.so
7f44caa1e000-7f44cac1d000 ---p 00002000 08:06 284765                     /usr/lib/jvm/java-11-openjdk-amd64/lib/libextnet.so
7f44cac1d000-7f44cac1e000 r--p 00001000 08:06 284765                     /usr/lib/jvm/java-11-openjdk-amd64/lib/libextnet.so
7f44cac1e000-7f44cac1f000 rw-p 00002000 08:06 284765                     /usr/lib/jvm/java-11-openjdk-amd64/lib/libextnet.so
7f44cac1f000-7f44cae1f000 rw-p 00000000 00:00 0 
7f44cae1f000-7f44cae23000 ---p 00000000 00:00 0 
7f44cae23000-7f44cb120000 rw-p 00000000 00:00 0 
7f44cb120000-7f44cb124000 ---p 00000000 00:00 0 
7f44cb124000-7f44cb221000 rw-p 00000000 00:00 0 
7f44cb221000-7f44cb225000 ---p 00000000 00:00 0 
7f44cb225000-7f44cb322000 rw-p 00000000 00:00 0 
7f44cb322000-7f44cb323000 ---p 00000000 00:00 0 
7f44cb323000-7f44cb424000 rw-p 00000000 00:00 0 
7f44cb424000-7f44cb428000 ---p 00000000 00:00 0 
7f44cb428000-7f44cb525000 rw-p 00000000 00:00 0 
7f44cb525000-7f44cb529000 ---p 00000000 00:00 0 
7f44cb529000-7f44cb626000 rw-p 00000000 00:00 0 
7f44cb626000-7f44cb62b000 r-xp 00000000 08:06 272112                     /usr/lib/x86_64-linux-gnu/libXfixes.so.3.1.0
7f44cb62b000-7f44cb82a000 ---p 00005000 08:06 272112                     /usr/lib/x86_64-linux-gnu/libXfixes.so.3.1.0
7f44cb82a000-7f44cb82b000 r--p 00004000 08:06 272112                     /usr/lib/x86_64-linux-gnu/libXfixes.so.3.1.0
7f44cb82b000-7f44cb82c000 rw-p 00005000 08:06 272112                     /usr/lib/x86_64-linux-gnu/libXfixes.so.3.1.0
7f44cb82c000-7f44cb835000 r-xp 00000000 08:06 272104                     /usr/lib/x86_64-linux-gnu/libXcursor.so.1.0.2
7f44cb835000-7f44cba34000 ---p 00009000 08:06 272104                     /usr/lib/x86_64-linux-gnu/libXcursor.so.1.0.2
7f44cba34000-7f44cba35000 r--p 00008000 08:06 272104                     /usr/lib/x86_64-linux-gnu/libXcursor.so.1.0.2
7f44cba35000-7f44cba36000 rw-p 00009000 08:06 272104                     /usr/lib/x86_64-linux-gnu/libXcursor.so.1.0.2
7f44cba36000-7f44cba3a000 ---p 00000000 00:00 0 
7f44cba3a000-7f44cbb37000 rw-p 00000000 00:00 0 
7f44cbb37000-7f44cbb38000 ---p 00000000 00:00 0 
7f44cbb38000-7f44cc338000 rw-p 00000000 00:00 0 
7f44cc338000-7f44cc339000 ---p 00000000 00:00 0 
7f44cc339000-7f44ccb39000 rw-p 00000000 00:00 0 
7f44ccb39000-7f44ccb3a000 ---p 00000000 00:00 0 
7f44ccb3a000-7f44cd33a000 rw-p 00000000 00:00 0 
7f44cd33a000-7f44cd354000 r-xp 00000000 08:06 274023                     /usr/lib/x86_64-linux-gnu/gio/modules/libgioremote-volume-monitor.so
7f44cd354000-7f44cd553000 ---p 0001a000 08:06 274023                     /usr/lib/x86_64-linux-gnu/gio/modules/libgioremote-volume-monitor.so
7f44cd553000-7f44cd556000 r--p 00019000 08:06 274023                     /usr/lib/x86_64-linux-gnu/gio/modules/libgioremote-volume-monitor.so
7f44cd556000-7f44cd557000 rw-p 0001c000 08:06 274023                     /usr/lib/x86_64-linux-gnu/gio/modules/libgioremote-volume-monitor.so
7f44cd557000-7f44cd58d000 r-xp 00000000 08:06 274417                     /usr/lib/x86_64-linux-gnu/gvfs/libgvfscommon.so
7f44cd58d000-7f44cd78d000 ---p 00036000 08:06 274417                     /usr/lib/x86_64-linux-gnu/gvfs/libgvfscommon.so
7f44cd78d000-7f44cd793000 r--p 00036000 08:06 274417                     /usr/lib/x86_64-linux-gnu/gvfs/libgvfscommon.so
7f44cd793000-7f44cd794000 rw-p 0003c000 08:06 274417                     /usr/lib/x86_64-linux-gnu/gvfs/libgvfscommon.so
7f44cd794000-7f44cd7c5000 r-xp 00000000 08:06 274024                     /usr/lib/x86_64-linux-gnu/gio/modules/libgvfsdbus.so
7f44cd7c5000-7f44cd9c5000 ---p 00031000 08:06 274024                     /usr/lib/x86_64-linux-gnu/gio/modules/libgvfsdbus.so
7f44cd9c5000-7f44cd9c7000 r--p 00031000 08:06 274024                     /usr/lib/x86_64-linux-gnu/gio/modules/libgvfsdbus.so
7f44cd9c7000-7f44cd9c8000 rw-p 00033000 08:06 274024                     /usr/lib/x86_64-linux-gnu/gio/modules/libgvfsdbus.so
7f44cd9c8000-7f44cd9d4000 r-xp 00000000 08:06 274019                     /usr/lib/x86_64-linux-gnu/gio/modules/libdconfsettings.so
7f44cd9d4000-7f44cdbd3000 ---p 0000c000 08:06 274019                     /usr/lib/x86_64-linux-gnu/gio/modules/libdconfsettings.so
7f44cdbd3000-7f44cdbd4000 r--p 0000b000 08:06 274019                     /usr/lib/x86_64-linux-gnu/gio/modules/libdconfsettings.so
7f44cdbd4000-7f44cdbd5000 rw-p 0000c000 08:06 274019                     /usr/lib/x86_64-linux-gnu/gio/modules/libdconfsettings.so
7f44cdbd5000-7f44cdbdb000 r-xp 00000000 08:06 398404                     /lib/x86_64-linux-gnu/libuuid.so.1.3.0
7f44cdbdb000-7f44cddda000 ---p 00006000 08:06 398404                     /lib/x86_64-linux-gnu/libuuid.so.1.3.0
7f44cddda000-7f44cdddb000 r--p 00005000 08:06 398404                     /lib/x86_64-linux-gnu/libuuid.so.1.3.0
7f44cdddb000-7f44cdddc000 rw-p 00006000 08:06 398404                     /lib/x86_64-linux-gnu/libuuid.so.1.3.0
7f44cdddc000-7f44cde23000 r-xp 00000000 08:06 398229                     /lib/x86_64-linux-gnu/libblkid.so.1.1.0
7f44cde23000-7f44ce023000 ---p 00047000 08:06 398229                     /lib/x86_64-linux-gnu/libblkid.so.1.1.0
7f44ce023000-7f44ce027000 r--p 00047000 08:06 398229                     /lib/x86_64-linux-gnu/libblkid.so.1.1.0
7f44ce027000-7f44ce028000 rw-p 0004b000 08:06 398229                     /lib/x86_64-linux-gnu/libblkid.so.1.1.0
7f44ce028000-7f44ce029000 rw-p 00000000 00:00 0 
7f44ce029000-7f44ce030000 r-xp 00000000 08:06 272439                     /usr/lib/x86_64-linux-gnu/libffi.so.6.0.4
7f44ce030000-7f44ce22f000 ---p 00007000 08:06 272439                     /usr/lib/x86_64-linux-gnu/libffi.so.6.0.4
7f44ce22f000-7f44ce230000 r--p 00006000 08:06 272439                     /usr/lib/x86_64-linux-gnu/libffi.so.6.0.4
7f44ce230000-7f44ce231000 rw-p 00007000 08:06 272439                     /usr/lib/x86_64-linux-gnu/libffi.so.6.0.4
7f44ce231000-7f44ce282000 r-xp 00000000 08:06 398304                     /lib/x86_64-linux-gnu/libmount.so.1.1.0
7f44ce282000-7f44ce481000 ---p 00051000 08:06 398304                     /lib/x86_64-linux-gnu/libmount.so.1.1.0
7f44ce481000-7f44ce483000 r--p 00050000 08:06 398304                     /lib/x86_64-linux-gnu/libmount.so.1.1.0
7f44ce483000-7f44ce484000 rw-p 00052000 08:06 398304                     /lib/x86_64-linux-gnu/libmount.so.1.1.0
7f44ce484000-7f44ce485000 rw-p 00000000 00:00 0 
7f44ce485000-7f44ce49c000 r-xp 00000000 08:06 398373                     /lib/x86_64-linux-gnu/libresolv-2.27.so
7f44ce49c000-7f44ce69c000 ---p 00017000 08:06 398373                     /lib/x86_64-linux-gnu/libresolv-2.27.so
7f44ce69c000-7f44ce69d000 r--p 00017000 08:06 398373                     /lib/x86_64-linux-gnu/libresolv-2.27.so
7f44ce69d000-7f44ce69e000 rw-p 00018000 08:06 398373                     /lib/x86_64-linux-gnu/libresolv-2.27.so
7f44ce69e000-7f44ce6a0000 rw-p 00000000 00:00 0 
7f44ce6a0000-7f44ce6c5000 r-xp 00000000 08:06 398379                     /lib/x86_64-linux-gnu/libselinux.so.1
7f44ce6c5000-7f44ce8c4000 ---p 00025000 08:06 398379                     /lib/x86_64-linux-gnu/libselinux.so.1
7f44ce8c4000-7f44ce8c5000 r--p 00024000 08:06 398379                     /lib/x86_64-linux-gnu/libselinux.so.1
7f44ce8c5000-7f44ce8c6000 rw-p 00025000 08:06 398379                     /lib/x86_64-linux-gnu/libselinux.so.1
7f44ce8c6000-7f44ce8c8000 rw-p 00000000 00:00 0 
7f44ce8c8000-7f44ce91a000 r-xp 00000000 08:06 272574                     /usr/lib/x86_64-linux-gnu/libgobject-2.0.so.0.5600.4
7f44ce91a000-7f44ceb1a000 ---p 00052000 08:06 272574                     /usr/lib/x86_64-linux-gnu/libgobject-2.0.so.0.5600.4
7f44ceb1a000-7f44ceb1b000 r--p 00052000 08:06 272574                     /usr/lib/x86_64-linux-gnu/libgobject-2.0.so.0.5600.4
7f44ceb1b000-7f44ceb1c000 rw-p 00053000 08:06 272574                     /usr/lib/x86_64-linux-gnu/libgobject-2.0.so.0.5600.4
7f44ceb1c000-7f44cecb1000 r-xp 00000000 08:06 272548                     /usr/lib/x86_64-linux-gnu/libgio-2.0.so.0.5600.4
7f44cecb1000-7f44ceeb1000 ---p 00195000 08:06 272548                     /usr/lib/x86_64-linux-gnu/libgio-2.0.so.0.5600.4
7f44ceeb1000-7f44ceeb8000 r--p 00195000 08:06 272548                     /usr/lib/x86_64-linux-gnu/libgio-2.0.so.0.5600.4
7f44ceeb8000-7f44ceeb9000 rw-p 0019c000 08:06 272548                     /usr/lib/x86_64-linux-gnu/libgio-2.0.so.0.5600.4
7f44ceeb9000-7f44ceebb000 rw-p 00000000 00:00 0 
7f44ceebb000-7f44ceec5000 r-xp 00000000 08:06 272128                     /usr/lib/x86_64-linux-gnu/libXrandr.so.2.2.0
7f44ceec5000-7f44cf0c4000 ---p 0000a000 08:06 272128                     /usr/lib/x86_64-linux-gnu/libXrandr.so.2.2.0
7f44cf0c4000-7f44cf0c5000 r--p 00009000 08:06 272128                     /usr/lib/x86_64-linux-gnu/libXrandr.so.2.2.0
7f44cf0c5000-7f44cf0c6000 rw-p 0000a000 08:06 272128                     /usr/lib/x86_64-linux-gnu/libXrandr.so.2.2.0
7f44cf0c6000-7f44cf136000 r-xp 00000000 08:06 398356                     /lib/x86_64-linux-gnu/libpcre.so.3.13.3
7f44cf136000-7f44cf336000 ---p 00070000 08:06 398356                     /lib/x86_64-linux-gnu/libpcre.so.3.13.3
7f44cf336000-7f44cf337000 r--p 00070000 08:06 398356                     /lib/x86_64-linux-gnu/libpcre.so.3.13.3
7f44cf337000-7f44cf338000 rw-p 00071000 08:06 398356                     /lib/x86_64-linux-gnu/libpcre.so.3.13.3
7f44cf338000-7f44cf369000 r-xp 00000000 08:06 273031                     /usr/lib/x86_64-linux-gnu/libpng16.so.16.34.0
7f44cf369000-7f44cf568000 ---p 00031000 08:06 273031                     /usr/lib/x86_64-linux-gnu/libpng16.so.16.34.0
7f44cf568000-7f44cf569000 r--p 00030000 08:06 273031                     /usr/lib/x86_64-linux-gnu/libpng16.so.16.34.0
7f44cf569000-7f44cf56a000 rw-p 00031000 08:06 273031                     /usr/lib/x86_64-linux-gnu/libpng16.so.16.34.0
7f44cf56a000-7f44cf595000 r-xp 00000000 08:06 272587                     /usr/lib/x86_64-linux-gnu/libgraphite2.so.3.0.1
7f44cf595000-7f44cf794000 ---p 0002b000 08:06 272587                     /usr/lib/x86_64-linux-gnu/libgraphite2.so.3.0.1
7f44cf794000-7f44cf796000 r--p 0002a000 08:06 272587                     /usr/lib/x86_64-linux-gnu/libgraphite2.so.3.0.1
7f44cf796000-7f44cf797000 rw-p 0002c000 08:06 272587                     /usr/lib/x86_64-linux-gnu/libgraphite2.so.3.0.1
7f44cf797000-7f44cf8ab000 r-xp 00000000 08:06 272556                     /usr/lib/x86_64-linux-gnu/libglib-2.0.so.0.5600.4
7f44cf8ab000-7f44cfaab000 ---p 00114000 08:06 272556                     /usr/lib/x86_64-linux-gnu/libglib-2.0.so.0.5600.4
7f44cfaab000-7f44cfaac000 r--p 00114000 08:06 272556                     /usr/lib/x86_64-linux-gnu/libglib-2.0.so.0.5600.4
7f44cfaac000-7f44cfaad000 rw-p 00115000 08:06 272556                     /usr/lib/x86_64-linux-gnu/libglib-2.0.so.0.5600.4
7f44cfaad000-7f44cfaae000 rw-p 00000000 00:00 0 
7f44cfaae000-7f44cfb5b000 r-xp 00000000 08:06 272501                     /usr/lib/x86_64-linux-gnu/libfreetype.so.6.15.0
7f44cfb5b000-7f44cfd5a000 ---p 000ad000 08:06 272501                     /usr/lib/x86_64-linux-gnu/libfreetype.so.6.15.0
7f44cfd5a000-7f44cfd61000 r--p 000ac000 08:06 272501                     /usr/lib/x86_64-linux-gnu/libfreetype.so.6.15.0
7f44cfd61000-7f44cfd62000 rw-p 000b3000 08:06 272501                     /usr/lib/x86_64-linux-gnu/libfreetype.so.6.15.0
7f44cfd62000-7f44cfdfe000 r-xp 00000000 08:06 272703                     /usr/lib/x86_64-linux-gnu/libharfbuzz.so.0.10702.0
7f44cfdfe000-7f44cfffe000 ---p 0009c000 08:06 272703                     /usr/lib/x86_64-linux-gnu/libharfbuzz.so.0.10702.0
7f44cfffe000-7f44cffff000 r--p 0009c000 08:06 272703                     /usr/lib/x86_64-linux-gnu/libharfbuzz.so.0.10702.0
7f44cffff000-7f44d0000000 rw-p 0009d000 08:06 272703                     /usr/lib/x86_64-linux-gnu/libharfbuzz.so.0.10702.0
7f44d0000000-7f44d0021000 rw-p 00000000 00:00 0 
7f44d0021000-7f44d4000000 ---p 00000000 00:00 0 
7f44d4000000-7f44d4021000 rw-p 00000000 00:00 0 
7f44d4021000-7f44d8000000 ---p 00000000 00:00 0 
7f44d8000000-7f44da4ca000 rw-p 00000000 00:00 0 
7f44da4ca000-7f44dc000000 ---p 00000000 00:00 0 
7f44dc000000-7f44dc7f2000 rw-p 00000000 00:00 0 
7f44dc7f2000-7f44e0000000 ---p 00000000 00:00 0 
7f44e0000000-7f44e0021000 rw-p 00000000 00:00 0 
7f44e0021000-7f44e4000000 ---p 00000000 00:00 0 
7f44e4000000-7f44e4021000 rw-p 00000000 00:00 0 
7f44e4021000-7f44e8000000 ---p 00000000 00:00 0 
7f44e8000000-7f44e8021000 rw-p 00000000 00:00 0 
7f44e8021000-7f44ec000000 ---p 00000000 00:00 0 
7f44ec000000-7f44ec021000 rw-p 00000000 00:00 0 
7f44ec021000-7f44f0000000 ---p 00000000 00:00 0 
7f44f0000000-7f44f0021000 rw-p 00000000 00:00 0 
7f44f0021000-7f44f4000000 ---p 00000000 00:00 0 
7f44f4000000-7f44f4347000 rw-p 00000000 00:00 0 
7f44f4347000-7f44f8000000 ---p 00000000 00:00 0 
7f44f8000000-7f44f8021000 rw-p 00000000 00:00 0 
7f44f8021000-7f44fc000000 ---p 00000000 00:00 0 
7f44fc004000-7f44fc007000 r-xp 00000000 08:06 272564                     /usr/lib/x86_64-linux-gnu/libgmodule-2.0.so.0.5600.4
7f44fc007000-7f44fc206000 ---p 00003000 08:06 272564                     /usr/lib/x86_64-linux-gnu/libgmodule-2.0.so.0.5600.4
7f44fc206000-7f44fc207000 r--p 00002000 08:06 272564                     /usr/lib/x86_64-linux-gnu/libgmodule-2.0.so.0.5600.4
7f44fc207000-7f44fc208000 rw-p 00003000 08:06 272564                     /usr/lib/x86_64-linux-gnu/libgmodule-2.0.so.0.5600.4
7f44fc208000-7f44fc214000 r-xp 00000000 08:06 284766                     /usr/lib/jvm/java-11-openjdk-amd64/lib/libfontmanager.so
7f44fc214000-7f44fc414000 ---p 0000c000 08:06 284766                     /usr/lib/jvm/java-11-openjdk-amd64/lib/libfontmanager.so
7f44fc414000-7f44fc415000 r--p 0000c000 08:06 284766                     /usr/lib/jvm/java-11-openjdk-amd64/lib/libfontmanager.so
7f44fc415000-7f44fc416000 rw-p 0000d000 08:06 284766                     /usr/lib/jvm/java-11-openjdk-amd64/lib/libfontmanager.so
7f44fc416000-7f44fc429000 r-xp 00000000 08:06 398231                     /lib/x86_64-linux-gnu/libbsd.so.0.8.7
7f44fc429000-7f44fc628000 ---p 00013000 08:06 398231                     /lib/x86_64-linux-gnu/libbsd.so.0.8.7
7f44fc628000-7f44fc629000 r--p 00012000 08:06 398231                     /lib/x86_64-linux-gnu/libbsd.so.0.8.7
7f44fc629000-7f44fc62a000 rw-p 00013000 08:06 398231                     /lib/x86_64-linux-gnu/libbsd.so.0.8.7
7f44fc62a000-7f44fc62b000 rw-p 00000000 00:00 0 
7f44fc62b000-7f44fc630000 r-xp 00000000 08:06 272108                     /usr/lib/x86_64-linux-gnu/libXdmcp.so.6.0.0
7f44fc630000-7f44fc82f000 ---p 00005000 08:06 272108                     /usr/lib/x86_64-linux-gnu/libXdmcp.so.6.0.0
7f44fc82f000-7f44fc830000 r--p 00004000 08:06 272108                     /usr/lib/x86_64-linux-gnu/libXdmcp.so.6.0.0
7f44fc830000-7f44fc831000 rw-p 00005000 08:06 272108                     /usr/lib/x86_64-linux-gnu/libXdmcp.so.6.0.0
7f44fc831000-7f44fc833000 r-xp 00000000 08:06 272097                     /usr/lib/x86_64-linux-gnu/libXau.so.6.0.0
7f44fc833000-7f44fca33000 ---p 00002000 08:06 272097                     /usr/lib/x86_64-linux-gnu/libXau.so.6.0.0
7f44fca33000-7f44fca34000 r--p 00002000 08:06 272097                     /usr/lib/x86_64-linux-gnu/libXau.so.6.0.0
7f44fca34000-7f44fca35000 rw-p 00003000 08:06 272097                     /usr/lib/x86_64-linux-gnu/libXau.so.6.0.0
7f44fca35000-7f44fca5b000 r-xp 00000000 08:06 273397                     /usr/lib/x86_64-linux-gnu/libxcb.so.1.1.0
7f44fca5b000-7f44fcc5b000 ---p 00026000 08:06 273397                     /usr/lib/x86_64-linux-gnu/libxcb.so.1.1.0
7f44fcc5b000-7f44fcc5c000 r--p 00026000 08:06 273397                     /usr/lib/x86_64-linux-gnu/libxcb.so.1.1.0
7f44fcc5c000-7f44fcc5d000 rw-p 00027000 08:06 273397                     /usr/lib/x86_64-linux-gnu/libxcb.so.1.1.0
7f44fcc5d000-7f44fcc6c000 r-xp 00000000 08:06 272118                     /usr/lib/x86_64-linux-gnu/libXi.so.6.1.0
7f44fcc6c000-7f44fce6b000 ---p 0000f000 08:06 272118                     /usr/lib/x86_64-linux-gnu/libXi.so.6.1.0
7f44fce6b000-7f44fce6c000 r--p 0000e000 08:06 272118                     /usr/lib/x86_64-linux-gnu/libXi.so.6.1.0
7f44fce6c000-7f44fce6d000 rw-p 0000f000 08:06 272118                     /usr/lib/x86_64-linux-gnu/libXi.so.6.1.0
7f44fce6d000-7f44fce72000 r-xp 00000000 08:06 272136                     /usr/lib/x86_64-linux-gnu/libXtst.so.6.1.0
7f44fce72000-7f44fd071000 ---p 00005000 08:06 272136                     /usr/lib/x86_64-linux-gnu/libXtst.so.6.1.0
7f44fd071000-7f44fd072000 r--p 00004000 08:06 272136                     /usr/lib/x86_64-linux-gnu/libXtst.so.6.1.0
7f44fd072000-7f44fd073000 rw-p 00005000 08:06 272136                     /usr/lib/x86_64-linux-gnu/libXtst.so.6.1.0
7f44fd073000-7f44fd07c000 r-xp 00000000 08:06 272130                     /usr/lib/x86_64-linux-gnu/libXrender.so.1.3.0
7f44fd07c000-7f44fd27b000 ---p 00009000 08:06 272130                     /usr/lib/x86_64-linux-gnu/libXrender.so.1.3.0
7f44fd27b000-7f44fd27c000 r--p 00008000 08:06 272130                     /usr/lib/x86_64-linux-gnu/libXrender.so.1.3.0
7f44fd27c000-7f44fd27d000 rw-p 00009000 08:06 272130                     /usr/lib/x86_64-linux-gnu/libXrender.so.1.3.0
7f44fd27d000-7f44fd3b0000 r-xp 00000000 08:06 284623                     /usr/lib/x86_64-linux-gnu/libX11.so.6.3.0
7f44fd3b0000-7f44fd5b0000 ---p 00133000 08:06 284623                     /usr/lib/x86_64-linux-gnu/libX11.so.6.3.0
7f44fd5b0000-7f44fd5b1000 r--p 00133000 08:06 284623                     /usr/lib/x86_64-linux-gnu/libX11.so.6.3.0
7f44fd5b1000-7f44fd5b5000 rw-p 00134000 08:06 284623                     /usr/lib/x86_64-linux-gnu/libX11.so.6.3.0
7f44fd5b5000-7f44fd5c6000 r-xp 00000000 08:06 272110                     /usr/lib/x86_64-linux-gnu/libXext.so.6.4.0
7f44fd5c6000-7f44fd7c5000 ---p 00011000 08:06 272110                     /usr/lib/x86_64-linux-gnu/libXext.so.6.4.0
7f44fd7c5000-7f44fd7c6000 r--p 00010000 08:06 272110                     /usr/lib/x86_64-linux-gnu/libXext.so.6.4.0
7f44fd7c6000-7f44fd7c7000 rw-p 00011000 08:06 272110                     /usr/lib/x86_64-linux-gnu/libXext.so.6.4.0
7f44fd7c7000-7f44fd825000 r-xp 00000000 08:06 284922                     /usr/lib/jvm/java-11-openjdk-amd64/lib/libawt_xawt.so
7f44fd825000-7f44fda25000 ---p 0005e000 08:06 284922                     /usr/lib/jvm/java-11-openjdk-amd64/lib/libawt_xawt.so
7f44fda25000-7f44fda26000 r--p 0005e000 08:06 284922                     /usr/lib/jvm/java-11-openjdk-amd64/lib/libawt_xawt.so
7f44fda26000-7f44fda28000 rw-p 0005f000 08:06 284922                     /usr/lib/jvm/java-11-openjdk-amd64/lib/libawt_xawt.so
7f44fda28000-7f44fda2a000 rw-p 00000000 00:00 0 
7f44fda2a000-7f44fdac8000 r-xp 00000000 08:06 284762                     /usr/lib/jvm/java-11-openjdk-amd64/lib/libawt.so
7f44fdac8000-7f44fdcc7000 ---p 0009e000 08:06 284762                     /usr/lib/jvm/java-11-openjdk-amd64/lib/libawt.so
7f44fdcc7000-7f44fdcc8000 r--p 0009d000 08:06 284762                     /usr/lib/jvm/java-11-openjdk-amd64/lib/libawt.so
7f44fdcc8000-7f44fdcd3000 rw-p 0009e000 08:06 284762                     /usr/lib/jvm/java-11-openjdk-amd64/lib/libawt.so
7f44fdcd3000-7f44fdcf8000 rw-p 00000000 00:00 0 
7f44fdcf8000-7f44fdd0e000 r-xp 00000000 08:06 284783                     /usr/lib/jvm/java-11-openjdk-amd64/lib/libnet.so
7f44fdd0e000-7f44fdf0d000 ---p 00016000 08:06 284783                     /usr/lib/jvm/java-11-openjdk-amd64/lib/libnet.so
7f44fdf0d000-7f44fdf0e000 r--p 00015000 08:06 284783                     /usr/lib/jvm/java-11-openjdk-amd64/lib/libnet.so
7f44fdf0e000-7f44fdf0f000 rw-p 00016000 08:06 284783                     /usr/lib/jvm/java-11-openjdk-amd64/lib/libnet.so
7f44fdf0f000-7f44fdf1f000 r-xp 00000000 08:06 284784                     /usr/lib/jvm/java-11-openjdk-amd64/lib/libnio.so
7f44fdf1f000-7f44fe11e000 ---p 00010000 08:06 284784                     /usr/lib/jvm/java-11-openjdk-amd64/lib/libnio.so
7f44fe11e000-7f44fe11f000 r--p 0000f000 08:06 284784                     /usr/lib/jvm/java-11-openjdk-amd64/lib/libnio.so
7f44fe11f000-7f44fe120000 rw-p 00010000 08:06 284784                     /usr/lib/jvm/java-11-openjdk-amd64/lib/libnio.so
7f44fe120000-7f44fe124000 ---p 00000000 00:00 0 
7f44fe124000-7f44fe221000 rw-p 00000000 00:00 0 
7f44fe221000-7f44fe222000 ---p 00000000 00:00 0 
7f44fe222000-7f44fe323000 rw-p 00000000 00:00 0 
7f44fe323000-7f44fe327000 ---p 00000000 00:00 0 
7f44fe327000-7f44fe424000 rw-p 00000000 00:00 0 
7f44fe424000-7f44fe428000 ---p 00000000 00:00 0 
7f44fe428000-7f44fe525000 rw-p 00000000 00:00 0 
7f44fe525000-7f44fe529000 ---p 00000000 00:00 0 
7f44fe529000-7f44fe626000 rw-p 00000000 00:00 0 
7f44fe626000-7f44fe62a000 ---p 00000000 00:00 0 
7f44fe62a000-7f44fe727000 rw-p 00000000 00:00 0 
7f44fe727000-7f44fe72b000 ---p 00000000 00:00 0 
7f44fe72b000-7f44fe828000 rw-p 00000000 00:00 0 
7f44fe828000-7f44ff1f7000 r--p 00000000 08:06 265419                     /usr/lib/locale/locale-archive
7f44ff1f7000-7f44ff1fb000 ---p 00000000 00:00 0 
7f44ff1fb000-7f44ff2f8000 rw-p 00000000 00:00 0 
7f44ff2f8000-7f44ff2fc000 ---p 00000000 00:00 0 
7f44ff2fc000-7f44ff3f9000 rw-p 00000000 00:00 0 
7f44ff3f9000-7f44ff3fa000 ---p 00000000 00:00 0 
7f44ff3fa000-7f44ffcfb000 rw-p 00000000 00:00 0 
7f44ffcfb000-7f44ffcfc000 ---p 00000000 00:00 0 
7f44ffcfc000-7f44ffdfd000 rw-p 00000000 00:00 0 
7f44ffdfd000-7f44ffdfe000 ---p 00000000 00:00 0 
7f44ffdfe000-7f4500000000 rw-p 00000000 00:00 0 
7f4500000000-7f450027f000 rw-p 00000000 00:00 0 
7f450027f000-7f4504000000 ---p 00000000 00:00 0 
7f4504000000-7f4504200000 rw-p 00000000 00:00 0 
7f4504200000-7f4508000000 ---p 00000000 00:00 0 
7f4508000000-7f4508021000 rw-p 00000000 00:00 0 
7f4508021000-7f450c000000 ---p 00000000 00:00 0 
7f450c05b000-7f450c065000 rw-s 00000000 00:01 42                         /SYSV00000000 (deleted)
7f450c065000-7f450e1e7000 rw-p 00000000 00:00 0 
7f450e1e7000-7f450e1e8000 ---p 00000000 00:00 0 
7f450e1e8000-7f450e2e9000 rw-p 00000000 00:00 0 
7f450e2e9000-7f450e2ea000 ---p 00000000 00:00 0 
7f450e2ea000-7f450e463000 rw-p 00000000 00:00 0 
7f450e463000-7f450eb23000 ---p 00000000 00:00 0 
7f450eb23000-7f450eba3000 rw-p 00000000 00:00 0 
7f450eba3000-7f450f263000 ---p 00000000 00:00 0 
7f450f263000-7f450f27a000 rw-p 00000000 00:00 0 
7f450f27a000-7f450f352000 ---p 00000000 00:00 0 
7f450f352000-7f450f362000 rw-p 00000000 00:00 0 
7f450f362000-7f450f43a000 ---p 00000000 00:00 0 
7f450f43a000-7f450f44a000 rw-p 00000000 00:00 0 
7f450f44a000-7f450f522000 ---p 00000000 00:00 0 
7f450f522000-7f450f725000 rw-p 00000000 00:00 0 
7f450f725000-7f450f726000 ---p 00000000 00:00 0 
7f450f726000-7f450f82f000 rw-p 00000000 00:00 0 
7f450f82f000-7f450f912000 ---p 00000000 00:00 0 
7f450f912000-7f450f923000 rw-p 00000000 00:00 0 
7f450f923000-7f450f9fd000 ---p 00000000 00:00 0 
7f450f9fd000-7f450fc6d000 rwxp 00000000 00:00 0 
7f450fc6d000-7f450ff8c000 ---p 00000000 00:00 0 
7f450ff8c000-7f45107bc000 rwxp 00000000 00:00 0 
7f45107bc000-7f45174c4000 ---p 00000000 00:00 0 
7f45174c4000-7f4517894000 rwxp 00000000 00:00 0 
7f4517894000-7f451e9fd000 ---p 00000000 00:00 0 
7f451e9fd000-7f451ea04000 r-xp 00000000 08:06 284792                     /usr/lib/jvm/java-11-openjdk-amd64/lib/libzip.so
7f451ea04000-7f451ec03000 ---p 00007000 08:06 284792                     /usr/lib/jvm/java-11-openjdk-amd64/lib/libzip.so
7f451ec03000-7f451ec04000 r--p 00006000 08:06 284792                     /usr/lib/jvm/java-11-openjdk-amd64/lib/libzip.so
7f451ec04000-7f451ec05000 rw-p 00007000 08:06 284792                     /usr/lib/jvm/java-11-openjdk-amd64/lib/libzip.so
7f451ec05000-7f451ec10000 r-xp 00000000 08:06 398325                     /lib/x86_64-linux-gnu/libnss_files-2.27.so
7f451ec10000-7f451ee0f000 ---p 0000b000 08:06 398325                     /lib/x86_64-linux-gnu/libnss_files-2.27.so
7f451ee0f000-7f451ee10000 r--p 0000a000 08:06 398325                     /lib/x86_64-linux-gnu/libnss_files-2.27.so
7f451ee10000-7f451ee11000 rw-p 0000b000 08:06 398325                     /lib/x86_64-linux-gnu/libnss_files-2.27.so
7f451ee11000-7f451ee17000 rw-p 00000000 00:00 0 
7f451ee17000-7f451ee2e000 r-xp 00000000 08:06 398319                     /lib/x86_64-linux-gnu/libnsl-2.27.so
7f451ee2e000-7f451f02d000 ---p 00017000 08:06 398319                     /lib/x86_64-linux-gnu/libnsl-2.27.so
7f451f02d000-7f451f02e000 r--p 00016000 08:06 398319                     /lib/x86_64-linux-gnu/libnsl-2.27.so
7f451f02e000-7f451f02f000 rw-p 00017000 08:06 398319                     /lib/x86_64-linux-gnu/libnsl-2.27.so
7f451f02f000-7f451f031000 rw-p 00000000 00:00 0 
7f451f031000-7f451f03c000 r-xp 00000000 08:06 398335                     /lib/x86_64-linux-gnu/libnss_nis-2.27.so
7f451f03c000-7f451f23b000 ---p 0000b000 08:06 398335                     /lib/x86_64-linux-gnu/libnss_nis-2.27.so
7f451f23b000-7f451f23c000 r--p 0000a000 08:06 398335                     /lib/x86_64-linux-gnu/libnss_nis-2.27.so
7f451f23c000-7f451f23d000 rw-p 0000b000 08:06 398335                     /lib/x86_64-linux-gnu/libnss_nis-2.27.so
7f451f23d000-7f451f245000 r-xp 00000000 08:06 398321                     /lib/x86_64-linux-gnu/libnss_compat-2.27.so
7f451f245000-7f451f445000 ---p 00008000 08:06 398321                     /lib/x86_64-linux-gnu/libnss_compat-2.27.so
7f451f445000-7f451f446000 r--p 00008000 08:06 398321                     /lib/x86_64-linux-gnu/libnss_compat-2.27.so
7f451f446000-7f451f447000 rw-p 00009000 08:06 398321                     /lib/x86_64-linux-gnu/libnss_compat-2.27.so
7f4527ace000-7f4527ad2000 ---p 00000000 00:00 0 
7f4527ad2000-7f4527bcf000 rw-p 00000000 00:00 0 
7f4527bcf000-7f4527bd4000 r-xp 00000000 08:06 284775                     /usr/lib/jvm/java-11-openjdk-amd64/lib/libjimage.so
7f4527bd4000-7f4527dd3000 ---p 00005000 08:06 284775                     /usr/lib/jvm/java-11-openjdk-amd64/lib/libjimage.so
7f4527dd3000-7f4527dd4000 r--p 00004000 08:06 284775                     /usr/lib/jvm/java-11-openjdk-amd64/lib/libjimage.so
7f4527dd4000-7f4527dd5000 rw-p 00005000 08:06 284775                     /usr/lib/jvm/java-11-openjdk-amd64/lib/libjimage.so
7f4527dd5000-7f4527dfd000 r-xp 00000000 08:06 284772                     /usr/lib/jvm/java-11-openjdk-amd64/lib/libjava.so
7f4527dfd000-7f4527ffd000 ---p 00028000 08:06 284772                     /usr/lib/jvm/java-11-openjdk-amd64/lib/libjava.so
7f4527ffd000-7f4527ffe000 r--p 00028000 08:06 284772                     /usr/lib/jvm/java-11-openjdk-amd64/lib/libjava.so
7f4527ffe000-7f4527fff000 rw-p 00029000 08:06 284772                     /usr/lib/jvm/java-11-openjdk-amd64/lib/libjava.so
7f4527fff000-7f4528000000 rw-p 00000000 00:00 0 
7f4528000000-7f4528332000 rw-p 00000000 00:00 0 
7f4528332000-7f452c000000 ---p 00000000 00:00 0 
7f452c007000-7f452c01b000 r--p 00000000 08:06 2636                       /usr/share/glib-2.0/schemas/gschemas.compiled
7f452c01b000-7f452c02f000 r--p 00000000 08:06 2636                       /usr/share/glib-2.0/schemas/gschemas.compiled
7f452c02f000-7f452c060000 rw-p 00000000 00:00 0 
7f452c060000-7f452c06d000 r-xp 00000000 08:06 284791                     /usr/lib/jvm/java-11-openjdk-amd64/lib/libverify.so
7f452c06d000-7f452c26c000 ---p 0000d000 08:06 284791                     /usr/lib/jvm/java-11-openjdk-amd64/lib/libverify.so
7f452c26c000-7f452c26e000 r--p 0000c000 08:06 284791                     /usr/lib/jvm/java-11-openjdk-amd64/lib/libverify.so
7f452c26e000-7f452c26f000 rw-p 0000e000 08:06 284791                     /usr/lib/jvm/java-11-openjdk-amd64/lib/libverify.so
7f452c26f000-7f452c276000 r-xp 00000000 08:06 398375                     /lib/x86_64-linux-gnu/librt-2.27.so
7f452c276000-7f452c475000 ---p 00007000 08:06 398375                     /lib/x86_64-linux-gnu/librt-2.27.so
7f452c475000-7f452c476000 r--p 00006000 08:06 398375                     /lib/x86_64-linux-gnu/librt-2.27.so
7f452c476000-7f452c477000 rw-p 00007000 08:06 398375                     /lib/x86_64-linux-gnu/librt-2.27.so
7f452c477000-7f452c48e000 r-xp 00000000 08:06 398272                     /lib/x86_64-linux-gnu/libgcc_s.so.1
7f452c48e000-7f452c68d000 ---p 00017000 08:06 398272                     /lib/x86_64-linux-gnu/libgcc_s.so.1
7f452c68d000-7f452c68e000 r--p 00016000 08:06 398272                     /lib/x86_64-linux-gnu/libgcc_s.so.1
7f452c68e000-7f452c68f000 rw-p 00017000 08:06 398272                     /lib/x86_64-linux-gnu/libgcc_s.so.1
7f452c68f000-7f452c82c000 r-xp 00000000 08:06 398298                     /lib/x86_64-linux-gnu/libm-2.27.so
7f452c82c000-7f452ca2b000 ---p 0019d000 08:06 398298                     /lib/x86_64-linux-gnu/libm-2.27.so
7f452ca2b000-7f452ca2c000 r--p 0019c000 08:06 398298                     /lib/x86_64-linux-gnu/libm-2.27.so
7f452ca2c000-7f452ca2d000 rw-p 0019d000 08:06 398298                     /lib/x86_64-linux-gnu/libm-2.27.so
7f452ca2d000-7f452cba6000 r-xp 00000000 08:06 273209                     /usr/lib/x86_64-linux-gnu/libstdc++.so.6.0.25
7f452cba6000-7f452cda6000 ---p 00179000 08:06 273209                     /usr/lib/x86_64-linux-gnu/libstdc++.so.6.0.25
7f452cda6000-7f452cdb0000 r--p 00179000 08:06 273209                     /usr/lib/x86_64-linux-gnu/libstdc++.so.6.0.25
7f452cdb0000-7f452cdb2000 rw-p 00183000 08:06 273209                     /usr/lib/x86_64-linux-gnu/libstdc++.so.6.0.25
7f452cdb2000-7f452cdb6000 rw-p 00000000 00:00 0 
7f452cdb6000-7f452de9e000 r-xp 00000000 08:06 284798                     /usr/lib/jvm/java-11-openjdk-amd64/lib/server/libjvm.so
7f452de9e000-7f452e09d000 ---p 010e8000 08:06 284798                     /usr/lib/jvm/java-11-openjdk-amd64/lib/server/libjvm.so
7f452e09d000-7f452e15e000 r--p 010e7000 08:06 284798                     /usr/lib/jvm/java-11-openjdk-amd64/lib/server/libjvm.so
7f452e15e000-7f452e199000 rw-p 011a8000 08:06 284798                     /usr/lib/jvm/java-11-openjdk-amd64/lib/server/libjvm.so
7f452e199000-7f452e1f0000 rw-p 00000000 00:00 0 
7f452e1f0000-7f452e20a000 r-xp 00000000 08:06 398367                     /lib/x86_64-linux-gnu/libpthread-2.27.so
7f452e20a000-7f452e409000 ---p 0001a000 08:06 398367                     /lib/x86_64-linux-gnu/libpthread-2.27.so
7f452e409000-7f452e40a000 r--p 00019000 08:06 398367                     /lib/x86_64-linux-gnu/libpthread-2.27.so
7f452e40a000-7f452e40b000 rw-p 0001a000 08:06 398367                     /lib/x86_64-linux-gnu/libpthread-2.27.so
7f452e40b000-7f452e40f000 rw-p 00000000 00:00 0 
7f452e40f000-7f452e412000 r-xp 00000000 08:06 398258                     /lib/x86_64-linux-gnu/libdl-2.27.so
7f452e412000-7f452e611000 ---p 00003000 08:06 398258                     /lib/x86_64-linux-gnu/libdl-2.27.so
7f452e611000-7f452e612000 r--p 00002000 08:06 398258                     /lib/x86_64-linux-gnu/libdl-2.27.so
7f452e612000-7f452e613000 rw-p 00003000 08:06 398258                     /lib/x86_64-linux-gnu/libdl-2.27.so
7f452e613000-7f452e62f000 r-xp 00000000 08:06 398408                     /lib/x86_64-linux-gnu/libz.so.1.2.11
7f452e62f000-7f452e82e000 ---p 0001c000 08:06 398408                     /lib/x86_64-linux-gnu/libz.so.1.2.11
7f452e82e000-7f452e82f000 r--p 0001b000 08:06 398408                     /lib/x86_64-linux-gnu/libz.so.1.2.11
7f452e82f000-7f452e830000 rw-p 0001c000 08:06 398408                     /lib/x86_64-linux-gnu/libz.so.1.2.11
7f452e830000-7f452ea17000 r-xp 00000000 08:06 398235                     /lib/x86_64-linux-gnu/libc-2.27.so
7f452ea17000-7f452ec17000 ---p 001e7000 08:06 398235                     /lib/x86_64-linux-gnu/libc-2.27.so
7f452ec17000-7f452ec1b000 r--p 001e7000 08:06 398235                     /lib/x86_64-linux-gnu/libc-2.27.so
7f452ec1b000-7f452ec1d000 rw-p 001eb000 08:06 398235                     /lib/x86_64-linux-gnu/libc-2.27.so
7f452ec1d000-7f452ec21000 rw-p 00000000 00:00 0 
7f452ec21000-7f452ec30000 r-xp 00000000 08:06 284757                     /usr/lib/jvm/java-11-openjdk-amd64/lib/jli/libjli.so
7f452ec30000-7f452ee2f000 ---p 0000f000 08:06 284757                     /usr/lib/jvm/java-11-openjdk-amd64/lib/jli/libjli.so
7f452ee2f000-7f452ee30000 r--p 0000e000 08:06 284757                     /usr/lib/jvm/java-11-openjdk-amd64/lib/jli/libjli.so
7f452ee30000-7f452ee31000 rw-p 0000f000 08:06 284757                     /usr/lib/jvm/java-11-openjdk-amd64/lib/jli/libjli.so
7f452ee31000-7f452ee58000 r-xp 00000000 08:06 398209                     /lib/x86_64-linux-gnu/ld-2.27.so
7f452ee5e000-7f452ef38000 rw-p 00000000 00:00 0 
7f452ef38000-7f452ef3f000 ---p 00000000 00:00 0 
7f452ef3f000-7f452ef43000 ---p 00000000 00:00 0 
7f452ef43000-7f452f042000 rw-p 00000000 00:00 0 
7f452f048000-7f452f049000 r--p 00000000 08:05 406938                     /home/sharks/.config/dconf/user
7f452f049000-7f452f04a000 r--s 00000000 00:35 27                         /run/user/1000/dconf/user
7f452f04a000-7f452f04c000 r--s 00007000 08:06 540687                     /usr/share/java/java-atk-wrapper.jar
7f452f04c000-7f452f054000 rw-s 00000000 08:06 137897                     /tmp/hsperfdata_sharks/2058
7f452f054000-7f452f055000 ---p 00000000 00:00 0 
7f452f055000-7f452f056000 r--p 00000000 00:00 0 
7f452f056000-7f452f058000 rw-p 00000000 00:00 0 
7f452f058000-7f452f059000 r--p 00027000 08:06 398209                     /lib/x86_64-linux-gnu/ld-2.27.so
7f452f059000-7f452f05a000 rw-p 00028000 08:06 398209                     /lib/x86_64-linux-gnu/ld-2.27.so
7f452f05a000-7f452f05b000 rw-p 00000000 00:00 0 
7ffd839d9000-7ffd839fa000 rw-p 00000000 00:00 0                          [stack]
7ffd839fa000-7ffd839fd000 r--p 00000000 00:00 0                          [vvar]
7ffd839fd000-7ffd839fe000 r-xp 00000000 00:00 0                          [vdso]
ffffffffff600000-ffffffffff601000 --xp 00000000 00:00 0                  [vsyscall]


VM Arguments:
jvm_args: -Dfile.encoding=UTF-8 
java_command: Main
java_class_path (initial): /home/sharks/eclipse-workspace/RMSVersion1.0/bin:/home/sharks/Downloads/mysql-connector-java-8.0.26/mysql-connector-java-8.0.26.jar
Launcher Type: SUN_STANDARD

[Global flags]
