#
# A fatal error has been detected by the Java Runtime Environment:
#
#  SIGSEGV (0xb) at pc=0x00007f8e18d6f3d1, pid=1664, tid=12473
#
# JRE version: OpenJDK Runtime Environment (11.0.11+9) (build 11.0.11+9-Ubuntu-0ubuntu2.18.04)
# Java VM: OpenJDK 64-Bit Server VM (11.0.11+9-Ubuntu-0ubuntu2.18.04, mixed mode, sharing, tiered, compressed oops, g1 gc, linux-amd64)
# Problematic frame:
# C  [libjimage.so+0x23d1]
#
# No core dump will be written. Core dumps have been disabled. To enable core dumping, try "ulimit -c unlimited" before starting Java again
#
# If you would like to submit a bug report, please visit:
#   https://bugs.launchpad.net/ubuntu/+source/openjdk-lts
#

---------------  S U M M A R Y ------------

Command Line: -Dfile.encoding=UTF-8 Main

Host: Celeron(R) Dual-Core CPU       T3500  @ 2.10GHz, 2 cores, 1G, Ubuntu 18.04.5 LTS
Time: Fri Jul 30 03:49:03 2021 SAST elapsed time: 28472.306310 seconds (0d 7h 54m 32s)

---------------  T H R E A D  ---------------

Current thread (0x00007f8de8001800):  JavaThread "XToolkt-Shutdown-Thread" [_thread_in_vm, id=12473, stack(0x00007f8e13eff000,0x00007f8e14000000)]

Stack: [0x00007f8e13eff000,0x00007f8e14000000],  sp=0x00007f8e13ffd040,  free space=1016k
Native frames: (J=compiled Java code, A=aot compiled Java code, j=interpreted, Vv=VM code, C=native code)
C  [libjimage.so+0x23d1]
C  [libjimage.so+0x304a]
C  [libjimage.so+0x3515]  JIMAGE_FindResource+0xd5
V  [libjvm.so+0x596f2f]
V  [libjvm.so+0x5991cb]
V  [libjvm.so+0xd845ac]
V  [libjvm.so+0xd831d2]
V  [libjvm.so+0xd856e6]
V  [libjvm.so+0x6403ad]
V  [libjvm.so+0x640812]
V  [libjvm.so+0x9ee696]
V  [libjvm.so+0x9f512d]
V  [libjvm.so+0x8274a6]
V  [libjvm.so+0x827add]
j  sun.awt.X11.XToolkit.lambda$init$0()V+0 java.desktop@11.0.11
j  sun.awt.X11.XToolkit$$Lambda$10.run()V+4 java.desktop@11.0.11
j  java.lang.Thread.run()V+11 java.base@11.0.11
v  ~StubRoutines::call_stub
V  [libjvm.so+0x82db91]
V  [libjvm.so+0x82c030]
V  [libjvm.so+0x82c0eb]
V  [libjvm.so+0x8cae9c]
V  [libjvm.so+0xdba950]
V  [libjvm.so+0xdb67e9]
V  [libjvm.so+0xb7b34e]

Java frames: (J=compiled Java code, j=interpreted, Vv=VM code)
j  sun.awt.X11.XToolkit.lambda$init$0()V+0 java.desktop@11.0.11
j  sun.awt.X11.XToolkit$$Lambda$10.run()V+4 java.desktop@11.0.11
j  java.lang.Thread.run()V+11 java.base@11.0.11
v  ~StubRoutines::call_stub

siginfo: si_signo: 11 (SIGSEGV), si_code: 1 (SEGV_MAPERR), si_addr: 0x00007f8e0b894c6c

Register to memory mapping:

RAX=0x0000000000007314 is an unknown value
RBX=0x00007f8e13ffd0f1 is pointing into the stack for thread: 0x00007f8de8001800
RCX=0x00007f8e0b87801c is an unknown value
RDX=0x0000000000007314 is an unknown value
RSP=0x00007f8e13ffd040 is pointing into the stack for thread: 0x00007f8de8001800
RBP=0x00007f8e13ffd060 is pointing into the stack for thread: 0x00007f8de8001800
RSI=0x00007f8e13ffd0f0 is pointing into the stack for thread: 0x00007f8de8001800
RDI=0x00007f8e18f72030: <offset 0x0000000000205030> in /usr/lib/jvm/java-11-openjdk-amd64/lib/libjimage.so at 0x00007f8e18d6d000
R8 =0x0 is NULL
R9 =0x00000000ca0d71f0 is an unknown value
R10=0x00007f8e13ffd114 is pointing into the stack for thread: 0x00007f8de8001800
R11=0x50796172546d6574 is an unknown value
R12=0x00007f8e13ffd0f0 is pointing into the stack for thread: 0x00007f8de8001800
R13=0x000000000000843b is an unknown value
R14=0x00007f8e13ffe188 is pointing into the stack for thread: 0x00007f8de8001800
R15=0x00007f8dcc0b48a0 points into unknown readable memory: 0x2f7477612f6e7573 | 73 75 6e 2f 61 77 74 2f


Registers:
RAX=0x0000000000007314, RBX=0x00007f8e13ffd0f1, RCX=0x00007f8e0b87801c, RDX=0x0000000000007314
RSP=0x00007f8e13ffd040, RBP=0x00007f8e13ffd060, RSI=0x00007f8e13ffd0f0, RDI=0x00007f8e18f72030
R8 =0x0000000000000000, R9 =0x00000000ca0d71f0, R10=0x00007f8e13ffd114, R11=0x50796172546d6574
R12=0x00007f8e13ffd0f0, R13=0x000000000000843b, R14=0x00007f8e13ffe188, R15=0x00007f8dcc0b48a0
RIP=0x00007f8e18d6f3d1, EFLAGS=0x0000000000010246, CSGSFS=0x002b000000000033, ERR=0x0000000000000004
  TRAPNO=0x000000000000000e

Top of Stack: (sp=0x00007f8e13ffd040)
0x00007f8e13ffd040:   0000000000000000 00007f8e140098b0
0x00007f8e13ffd050:   0000000000000000 00007f8e13ffd0f0
0x00007f8e13ffd060:   00007f8e13ffd0d0 00007f8e18d7004a
0x00007f8e13ffd070:   0000000000000000 0000000000000000 

Instructions: (pc=0x00007f8e18d6f3d1)
0x00007f8e18d6f2d1:   48 89 df 48 89 4d 88 e8 53 f3 ff ff 48 8b 4d 88
0x00007f8e18d6f2e1:   44 03 6d 90 e9 42 fd ff ff 66 0f 1f 44 00 00 8b
0x00007f8e18d6f2f1:   08 41 89 0e 44 89 c1 8b 74 08 fc 41 89 74 0e fc
0x00007f8e18d6f301:   e9 d8 fe ff ff 66 2e 0f 1f 84 00 00 00 00 00 b9
0x00007f8e18d6f311:   0a 00 00 00 e9 95 fd ff ff 44 89 c1 0f b7 74 08
0x00007f8e18d6f321:   fe 66 41 89 74 0e fe e9 b1 fe ff ff 0f 1f 00 0f
0x00007f8e18d6f331:   b6 17 89 f1 4c 8d 47 01 84 d2 74 1a 0f 1f 00 69
0x00007f8e18d6f341:   c9 93 01 00 01 49 83 c0 01 31 d1 41 0f b6 50 ff
0x00007f8e18d6f351:   84 d2 75 eb 89 ce 89 f0 25 ff ff ff 7f c3 90 48
0x00007f8e18d6f361:   85 d2 0f 84 e1 00 00 00 85 c9 0f 84 d9 00 00 00
0x00007f8e18d6f371:   55 48 89 e5 41 55 41 54 53 48 8d 5e 01 48 83 ec
0x00007f8e18d6f381:   08 44 0f b6 06 45 84 c0 0f 84 b1 00 00 00 49 89
0x00007f8e18d6f391:   da b8 93 01 00 01 66 0f 1f 84 00 00 00 00 00 44
0x00007f8e18d6f3a1:   69 c8 93 01 00 01 49 83 c2 01 41 0f b6 c0 45 0f
0x00007f8e18d6f3b1:   b6 42 ff 44 31 c8 45 84 c0 75 e4 25 ff ff ff 7f
0x00007f8e18d6f3c1:   41 89 cd 48 89 d1 31 d2 49 89 f4 41 f7 f5 89 d0
0x00007f8e18d6f3d1:   8b 34 81 48 8b 07 ff 50 20 85 c0 7f 22 ba ff ff
0x00007f8e18d6f3e1:   ff ff 74 04 f7 d0 89 c2 48 83 c4 08 89 d0 5b 41
0x00007f8e18d6f3f1:   5c 41 5d 5d c3 66 2e 0f 1f 84 00 00 00 00 00 41
0x00007f8e18d6f401:   0f b6 34 24 89 c7 40 84 f6 74 1b 0f 1f 40 00 69
0x00007f8e18d6f411:   ff 93 01 00 01 48 83 c3 01 31 f7 0f b6 73 ff 40
0x00007f8e18d6f421:   84 f6 75 eb 89 f8 25 ff ff ff 7f 31 d2 48 83 c4
0x00007f8e18d6f431:   08 41 f7 f5 5b 41 5c 41 5d 5d 89 d0 c3 66 90 b8
0x00007f8e18d6f441:   93 01 00 01 e9 77 ff ff ff 83 ca ff 89 d0 c3 0f
0x00007f8e18d6f451:   b6 17 48 89 f8 84 d2 75 19 eb 1e 0f 1f 40 00 38
0x00007f8e18d6f461:   ca 75 1c 48 83 c0 01 0f b6 10 48 83 c6 01 84 d2
0x00007f8e18d6f471:   74 15 0f b6 0e 84 c9 75 e6 c3 0f 1f 44 00 00 31
0x00007f8e18d6f481:   c0 c3 0f 1f 44 00 00 c3 90 66 0f 1f 44 00 00 48
0x00007f8e18d6f491:   85 f6 74 5a 0f b6 06 84 c0 74 54 0f 1f 40 00 0f
0x00007f8e18d6f4a1:   b6 d0 83 e0 07 c1 fa 03 44 8d 50 01 0f b6 c0 41
0x00007f8e18d6f4b1:   89 d1 4c 8d 44 06 02 48 8d 56 01 31 c0 66 90 0f
0x00007f8e18d6f4c1:   b6 0a 48 c1 e0 08 48 83 c2 01 48 09 c8 49 39 d0 


Stack slot to memory mapping:
stack at sp + 0 slots: 0x0 is NULL
stack at sp + 1 slots: 0x00007f8e140098b0 points into unknown readable memory: 0x00007f8e14350bb0 | b0 0b 35 14 8e 7f 00 00
stack at sp + 2 slots: 0x0 is NULL
stack at sp + 3 slots: 0x00007f8e13ffd0f0 is pointing into the stack for thread: 0x00007f8de8001800
stack at sp + 4 slots: 0x00007f8e13ffd0d0 is pointing into the stack for thread: 0x00007f8de8001800
stack at sp + 5 slots: 0x00007f8e18d7004a: <offset 0x000000000000304a> in /usr/lib/jvm/java-11-openjdk-amd64/lib/libjimage.so at 0x00007f8e18d6d000
stack at sp + 6 slots: 0x0 is NULL
stack at sp + 7 slots: 0x0 is NULL


---------------  P R O C E S S  ---------------

Threads class SMR info:
_java_thread_list=0x00007f8de8002e10, length=18, elements={
0x00007f8e1408f800, 0x00007f8e14091800, 0x00007f8e14097000, 0x00007f8e14099000,
0x00007f8e1409b000, 0x00007f8e1409d800, 0x00007f8e1409f800, 0x00007f8e140da800,
0x00007f8e14210000, 0x00007f8e14278800, 0x00007f8e14350000, 0x00007f8dc8005800,
0x00007f8e14016800, 0x00007f8de4117000, 0x00007f8de413e000, 0x00007f8dd0012800,
0x00007f8dd0013800, 0x00007f8de8001800
}

Java Threads: ( => current thread )
  0x00007f8e1408f800 JavaThread "Reference Handler" daemon [_thread_blocked, id=1678, stack(0x00007f8df4478000,0x00007f8df4579000)]
  0x00007f8e14091800 JavaThread "Finalizer" daemon [_thread_blocked, id=1679, stack(0x00007f8df4377000,0x00007f8df4478000)]
  0x00007f8e14097000 JavaThread "Signal Dispatcher" daemon [_thread_blocked, id=1680, stack(0x00007f8df4276000,0x00007f8df4377000)]
  0x00007f8e14099000 JavaThread "Service Thread" daemon [_thread_blocked, id=1681, stack(0x00007f8df4175000,0x00007f8df4276000)]
  0x00007f8e1409b000 JavaThread "C2 CompilerThread0" daemon [_thread_blocked, id=1682, stack(0x00007f8df4074000,0x00007f8df4175000)]
  0x00007f8e1409d800 JavaThread "C1 CompilerThread0" daemon [_thread_blocked, id=1683, stack(0x00007f8dd7530000,0x00007f8dd7631000)]
  0x00007f8e1409f800 JavaThread "Sweeper thread" daemon [_thread_blocked, id=1684, stack(0x00007f8dd742f000,0x00007f8dd7530000)]
  0x00007f8e140da800 JavaThread "Common-Cleaner" daemon [_thread_blocked, id=1686, stack(0x00007f8dd722c000,0x00007f8dd732d000)]
  0x00007f8e14210000 JavaThread "Java2D Disposer" daemon [_thread_blocked, id=1690, stack(0x00007f8dd40ce000,0x00007f8dd41cf000)]
  0x00007f8e14278800 JavaThread "AWT-XAWT" daemon [_thread_in_native, id=1691, stack(0x00007f8dbc567000,0x00007f8dbc668000)]
  0x00007f8e14350000 JavaThread "AWT-Shutdown" [_thread_blocked, id=1694, stack(0x00007f8dbc263000,0x00007f8dbc364000)]
  0x00007f8dc8005800 JavaThread "AWT-EventQueue-0" [_thread_blocked, id=1695, stack(0x00007f8dbc162000,0x00007f8dbc263000)]
  0x00007f8e14016800 JavaThread "DestroyJavaVM" [_thread_blocked, id=1668, stack(0x00007f8e1c07d000,0x00007f8e1c17e000)]
  0x00007f8de4117000 JavaThread "TimerQueue" daemon [_thread_blocked, id=1697, stack(0x00007f8dbc061000,0x00007f8dbc162000)]
  0x00007f8de413e000 JavaThread "mysql-cj-abandoned-connection-cleanup" daemon [_thread_blocked, id=1700, stack(0x00007f8dbc466000,0x00007f8dbc567000)]
  0x00007f8dd0012800 JavaThread "SIGHUP handler" daemon [_thread_blocked, id=12464, stack(0x00007f8db74fc000,0x00007f8db75fd000)]
  0x00007f8dd0013800 JavaThread "SIGTERM handler" daemon [_thread_blocked, id=12470, stack(0x00007f8db73fb000,0x00007f8db74fc000)]
=>0x00007f8de8001800 JavaThread "XToolkt-Shutdown-Thread" [_thread_in_vm, id=12473, stack(0x00007f8e13eff000,0x00007f8e14000000)]

Other Threads:
  0x00007f8e1408c800 VMThread "VM Thread" [stack: 0x00007f8df457b000,0x00007f8df467b000] [id=1676]
  0x00007f8e140d8000 WatcherThread [stack: 0x00007f8dd732f000,0x00007f8dd742f000] [id=1685]
  0x00007f8e1402e800 GCTaskThread "GC Thread#0" [stack: 0x00007f8e1804d000,0x00007f8e1814d000] [id=1671]
  0x00007f8de4001000 GCTaskThread "GC Thread#1" [stack: 0x00007f8dbc366000,0x00007f8dbc466000] [id=1693]
  0x00007f8e1403e800 ConcurrentGCThread "G1 Main Marker" [stack: 0x00007f8dfc2be000,0x00007f8dfc3be000] [id=1672]
  0x00007f8e14040000 ConcurrentGCThread "G1 Conc#0" [stack: 0x00007f8dfc1bc000,0x00007f8dfc2bc000] [id=1673]
  0x00007f8e14061800 ConcurrentGCThread "G1 Refine#0" [stack: 0x00007f8df4f7f000,0x00007f8df507f000] [id=1674]
  0x00007f8e14063800 ConcurrentGCThread "G1 Young RemSet Sampling" [stack: 0x00007f8df4e7d000,0x00007f8df4f7d000] [id=1675]

Threads with active compile tasks:

VM state:not at safepoint (normal execution)

VM Mutex/Monitor currently owned by a thread: None

Heap address: 0x00000000e3000000, size: 464 MB, Compressed Oops mode: 32-bit
Narrow klass base: 0x0000000800000000, Narrow klass shift: 3
Compressed class space size: 1073741824 Address: 0x0000000840000000

Heap:
 garbage-first heap   total 32768K, used 9947K [0x00000000e3000000, 0x0000000100000000)
  region size 1024K, 4 young (4096K), 2 survivors (2048K)
 Metaspace       used 16373K, capacity 17047K, committed 17280K, reserved 1064960K
  class space    used 1823K, capacity 2147K, committed 2176K, reserved 1048576K
Heap Regions: E=young(eden), S=young(survivor), O=old, HS=humongous(starts), HC=humongous(continues), CS=collection set, F=free, A=archive, TAMS=top-at-mark-start (previous, next)
|   0|0x00000000e3000000, 0x00000000e3100000, 0x00000000e3100000|100%|HS|  |TAMS 0x00000000e3000000, 0x00000000e3000000| Complete 
|   1|0x00000000e3100000, 0x00000000e3200000, 0x00000000e3200000|100%|HC|  |TAMS 0x00000000e3100000, 0x00000000e3100000| Complete 
|   2|0x00000000e3200000, 0x00000000e3300000, 0x00000000e3300000|100%|HC|  |TAMS 0x00000000e3200000, 0x00000000e3200000| Complete 
|   3|0x00000000e3300000, 0x00000000e3400000, 0x00000000e3400000|100%| O|  |TAMS 0x00000000e3300000, 0x00000000e3300000| Untracked 
|   4|0x00000000e3400000, 0x00000000e3500000, 0x00000000e3500000|100%| O|  |TAMS 0x00000000e3400000, 0x00000000e3400000| Untracked 
|   5|0x00000000e3500000, 0x00000000e3600000, 0x00000000e3600000|100%| O|  |TAMS 0x00000000e3500000, 0x00000000e3500000| Untracked 
|   6|0x00000000e3600000, 0x00000000e3604e00, 0x00000000e3700000|  1%| O|  |TAMS 0x00000000e3600000, 0x00000000e3600000| Untracked 
|   7|0x00000000e3700000, 0x00000000e3700000, 0x00000000e3800000|  0%| F|  |TAMS 0x00000000e3700000, 0x00000000e3700000| Untracked 
|   8|0x00000000e3800000, 0x00000000e3800000, 0x00000000e3900000|  0%| F|  |TAMS 0x00000000e3800000, 0x00000000e3800000| Untracked 
|   9|0x00000000e3900000, 0x00000000e3900000, 0x00000000e3a00000|  0%| F|  |TAMS 0x00000000e3900000, 0x00000000e3900000| Untracked 
|  10|0x00000000e3a00000, 0x00000000e3a00000, 0x00000000e3b00000|  0%| F|  |TAMS 0x00000000e3a00000, 0x00000000e3a00000| Untracked 
|  11|0x00000000e3b00000, 0x00000000e3b00000, 0x00000000e3c00000|  0%| F|  |TAMS 0x00000000e3b00000, 0x00000000e3b00000| Untracked 
|  12|0x00000000e3c00000, 0x00000000e3c00000, 0x00000000e3d00000|  0%| F|  |TAMS 0x00000000e3c00000, 0x00000000e3c00000| Untracked 
|  13|0x00000000e3d00000, 0x00000000e3d00000, 0x00000000e3e00000|  0%| F|  |TAMS 0x00000000e3d00000, 0x00000000e3d00000| Untracked 
|  14|0x00000000e3e00000, 0x00000000e3e00000, 0x00000000e3f00000|  0%| F|  |TAMS 0x00000000e3e00000, 0x00000000e3e00000| Untracked 
|  15|0x00000000e3f00000, 0x00000000e3f00000, 0x00000000e4000000|  0%| F|  |TAMS 0x00000000e3f00000, 0x00000000e3f00000| Untracked 
|  16|0x00000000e4000000, 0x00000000e4100000, 0x00000000e4100000|100%| S|CS|TAMS 0x00000000e4000000, 0x00000000e4000000| Complete 
|  17|0x00000000e4100000, 0x00000000e4200000, 0x00000000e4200000|100%| S|CS|TAMS 0x00000000e4100000, 0x00000000e4100000| Complete 
|  18|0x00000000e4200000, 0x00000000e4200000, 0x00000000e4300000|  0%| F|  |TAMS 0x00000000e4200000, 0x00000000e4200000| Untracked 
|  19|0x00000000e4300000, 0x00000000e4300000, 0x00000000e4400000|  0%| F|  |TAMS 0x00000000e4300000, 0x00000000e4300000| Untracked 
|  20|0x00000000e4400000, 0x00000000e4400000, 0x00000000e4500000|  0%| F|  |TAMS 0x00000000e4400000, 0x00000000e4400000| Untracked 
|  21|0x00000000e4500000, 0x00000000e4500000, 0x00000000e4600000|  0%| F|  |TAMS 0x00000000e4500000, 0x00000000e4500000| Untracked 
|  22|0x00000000e4600000, 0x00000000e4600000, 0x00000000e4700000|  0%| F|  |TAMS 0x00000000e4600000, 0x00000000e4600000| Untracked 
|  23|0x00000000e4700000, 0x00000000e4700000, 0x00000000e4800000|  0%| F|  |TAMS 0x00000000e4700000, 0x00000000e4700000| Untracked 
|  24|0x00000000e4800000, 0x00000000e4800000, 0x00000000e4900000|  0%| F|  |TAMS 0x00000000e4800000, 0x00000000e4800000| Untracked 
|  25|0x00000000e4900000, 0x00000000e4900000, 0x00000000e4a00000|  0%| F|  |TAMS 0x00000000e4900000, 0x00000000e4900000| Untracked 
|  26|0x00000000e4a00000, 0x00000000e4a00000, 0x00000000e4b00000|  0%| F|  |TAMS 0x00000000e4a00000, 0x00000000e4a00000| Untracked 
|  27|0x00000000e4b00000, 0x00000000e4b00000, 0x00000000e4c00000|  0%| F|  |TAMS 0x00000000e4b00000, 0x00000000e4b00000| Untracked 
|  28|0x00000000e4c00000, 0x00000000e4ced400, 0x00000000e4d00000| 92%| E|  |TAMS 0x00000000e4c00000, 0x00000000e4c00000| Complete 
|  29|0x00000000e4d00000, 0x00000000e4e00000, 0x00000000e4e00000|100%| E|CS|TAMS 0x00000000e4d00000, 0x00000000e4d00000| Complete 
| 462|0x00000000ffe00000, 0x00000000ffe47000, 0x00000000fff00000| 27%|OA|  |TAMS 0x00000000ffe00000, 0x00000000ffe00000| Untracked 
| 463|0x00000000fff00000, 0x00000000fff6b000, 0x0000000100000000| 41%|CA|  |TAMS 0x00000000fff00000, 0x00000000fff00000| Untracked 

Card table byte_map: [0x00007f8dfc4a6000,0x00007f8dfc58e000] _byte_map_base: 0x00007f8dfbd8e000

Marking Bits (Prev, Next): (CMBitMap*) 0x00007f8e1403b8c8, (CMBitMap*) 0x00007f8e1403b900
 Prev Bits: [0x00007f8df78c0000, 0x00007f8df8000000)
 Next Bits: [0x00007f8df7180000, 0x00007f8df78c0000)

Polling page: 0x00007f8e1c192000

Metaspace:

Usage:
  Non-class:     14.55 MB capacity,    14.21 MB ( 98%) used,   283.88 KB (  2%) free+waste,    66.50 KB ( <1%) overhead. 
      Class:      2.10 MB capacity,     1.78 MB ( 85%) used,   287.59 KB ( 13%) free+waste,    35.88 KB (  2%) overhead. 
       Both:     16.65 MB capacity,    15.99 MB ( 96%) used,   571.48 KB (  3%) free+waste,   102.38 KB ( <1%) overhead. 

Virtual space:
  Non-class space:       16.00 MB reserved,      14.75 MB ( 92%) committed 
      Class space:        1.00 GB reserved,       2.12 MB ( <1%) committed 
             Both:        1.02 GB reserved,      16.88 MB (  2%) committed 

Chunk freelists:
   Non-Class:  88.00 KB
       Class:  0 bytes
        Both:  88.00 KB

MaxMetaspaceSize: unlimited
CompressedClassSpaceSize: 1.00 GB

CodeHeap 'non-profiled nmethods': size=120036Kb used=815Kb max_used=815Kb free=119220Kb
 bounds [0x00007f8e0433f000, 0x00007f8e045af000, 0x00007f8e0b878000]
CodeHeap 'profiled nmethods': size=120032Kb used=4331Kb max_used=4331Kb free=115700Kb
 bounds [0x00007f8dfce07000, 0x00007f8dfd247000, 0x00007f8e0433f000]
CodeHeap 'non-nmethods': size=5692Kb used=1297Kb max_used=1330Kb free=4395Kb
 bounds [0x00007f8dfc878000, 0x00007f8dfcae8000, 0x00007f8dfce07000]
 total_blobs=2834 nmethods=2099 adapters=648
 compilation: enabled
              stopped_count=0, restarted_count=0
 full_count=0

Compilation events (20 events):
Event: 17532.916 Thread 0x00007f8e1409d800 nmethod 2094 0x00007f8dfd23eb90 code [0x00007f8dfd23ed40, 0x00007f8dfd23ee70]
Event: 17532.916 Thread 0x00007f8e1409d800 2095       3       java.lang.invoke.MethodHandleNatives::findMethodHandleType (7 bytes)
Event: 17532.917 Thread 0x00007f8e1409d800 nmethod 2095 0x00007f8dfd23ef10 code [0x00007f8dfd23f0c0, 0x00007f8dfd23f1c0]
Event: 17532.962 Thread 0x00007f8e1409b000 nmethod 2085% 0x00007f8e043fda90 code [0x00007f8e043fdcc0, 0x00007f8e043fef98]
Event: 17732.928 Thread 0x00007f8e1409d800 2096   !   3       jdk.internal.loader.BuiltinClassLoader::findResource (154 bytes)
Event: 17732.929 Thread 0x00007f8e1409b000 2097   !   4       jdk.internal.loader.BuiltinClassLoader::findMiscResource (118 bytes)
Event: 17732.931 Thread 0x00007f8e1409d800 nmethod 2096 0x00007f8dfd23f290 code [0x00007f8dfd23f600, 0x00007f8dfd240a20]
Event: 17732.931 Thread 0x00007f8e1409d800 2098       3       jdk.internal.module.Resources::toPackageName (39 bytes)
Event: 17732.932 Thread 0x00007f8e1409d800 nmethod 2098 0x00007f8dfd241210 code [0x00007f8dfd241440, 0x00007f8dfd241a70]
Event: 17732.953 Thread 0x00007f8e1409b000 nmethod 2097 0x00007f8e043ffa90 code [0x00007f8e043ffca0, 0x00007f8e04400538]
Event: 17747.929 Thread 0x00007f8e1409b000 2099       4       java.util.zip.ZipFile$Source::getEntryPos (206 bytes)
Event: 17747.956 Thread 0x00007f8e1409b000 nmethod 2099 0x00007f8e04400b10 code [0x00007f8e04400ce0, 0x00007f8e04401708]
Event: 19223.050 Thread 0x00007f8e1409b000 2100       4       jdk.internal.loader.BuiltinClassLoader::findResourceOnClassPath (41 bytes)
Event: 19223.448 Thread 0x00007f8e1409b000 nmethod 2100 0x00007f8e04401d10 code [0x00007f8e044020e0, 0x00007f8e04405fa8]
Event: 23523.204 Thread 0x00007f8e1409b000 2101   !   4       java.lang.ref.ReferenceQueue::remove (125 bytes)
Event: 23523.221 Thread 0x00007f8e1409b000 nmethod 2101 0x00007f8e04408410 code [0x00007f8e044085e0, 0x00007f8e04409288]
Event: 26053.291 Thread 0x00007f8e1409b000 2102   !   4       jdk.internal.loader.BuiltinClassLoader::findResource (154 bytes)
Event: 26053.320 Thread 0x00007f8e1409b000 nmethod 2102 0x00007f8e04409510 code [0x00007f8e04409720, 0x00007f8e0440a090]
Event: 26888.320 Thread 0x00007f8e1409b000 2103   !   4       com.mysql.cj.jdbc.AbandonedConnectionCleanupThread::checkThreadContextClassLoader (20 bytes)
Event: 26888.324 Thread 0x00007f8e1409b000 nmethod 2103 0x00007f8e0440a810 code [0x00007f8e0440aa20, 0x00007f8e0440ac90]

GC Heap History (8 events):
Event: 1.433 GC heap before
{Heap before GC invocations=0 (full 0):
 garbage-first heap   total 32768K, used 10952K [0x00000000e3000000, 0x0000000100000000)
  region size 1024K, 7 young (7168K), 0 survivors (0K)
 Metaspace       used 6816K, capacity 7191K, committed 7424K, reserved 1056768K
  class space    used 804K, capacity 960K, committed 1024K, reserved 1048576K
}
Event: 1.448 GC heap after
{Heap after GC invocations=1 (full 0):
 garbage-first heap   total 32768K, used 5479K [0x00000000e3000000, 0x0000000100000000)
  region size 1024K, 1 young (1024K), 1 survivors (1024K)
 Metaspace       used 6816K, capacity 7191K, committed 7424K, reserved 1056768K
  class space    used 804K, capacity 960K, committed 1024K, reserved 1048576K
}
Event: 1.953 GC heap before
{Heap before GC invocations=1 (full 0):
 garbage-first heap   total 32768K, used 9575K [0x00000000e3000000, 0x0000000100000000)
  region size 1024K, 5 young (5120K), 1 survivors (1024K)
 Metaspace       used 9003K, capacity 9392K, committed 9728K, reserved 1058816K
  class space    used 1022K, capacity 1203K, committed 1280K, reserved 1048576K
}
Event: 1.980 GC heap after
{Heap after GC invocations=2 (full 0):
 garbage-first heap   total 32768K, used 5786K [0x00000000e3000000, 0x0000000100000000)
  region size 1024K, 1 young (1024K), 1 survivors (1024K)
 Metaspace       used 9003K, capacity 9392K, committed 9728K, reserved 1058816K
  class space    used 1022K, capacity 1203K, committed 1280K, reserved 1048576K
}
Event: 22.488 GC heap before
{Heap before GC invocations=2 (full 0):
 garbage-first heap   total 32768K, used 13978K [0x00000000e3000000, 0x0000000100000000)
  region size 1024K, 10 young (10240K), 1 survivors (1024K)
 Metaspace       used 12674K, capacity 13330K, committed 13568K, reserved 1060864K
  class space    used 1424K, capacity 1737K, committed 1792K, reserved 1048576K
}
Event: 22.496 GC heap after
{Heap after GC invocations=3 (full 0):
 garbage-first heap   total 32768K, used 6989K [0x00000000e3000000, 0x0000000100000000)
  region size 1024K, 2 young (2048K), 2 survivors (2048K)
 Metaspace       used 12674K, capacity 13330K, committed 13568K, reserved 1060864K
  class space    used 1424K, capacity 1737K, committed 1792K, reserved 1048576K
}
Event: 17532.874 GC heap before
{Heap before GC invocations=3 (full 0):
 garbage-first heap   total 32768K, used 17229K [0x00000000e3000000, 0x0000000100000000)
  region size 1024K, 12 young (12288K), 2 survivors (2048K)
 Metaspace       used 16281K, capacity 16905K, committed 17280K, reserved 1064960K
  class space    used 1806K, capacity 2078K, committed 2176K, reserved 1048576K
}
Event: 17532.885 GC heap after
{Heap after GC invocations=4 (full 0):
 garbage-first heap   total 32768K, used 8923K [0x00000000e3000000, 0x0000000100000000)
  region size 1024K, 2 young (2048K), 2 survivors (2048K)
 Metaspace       used 16281K, capacity 16905K, committed 17280K, reserved 1064960K
  class space    used 1806K, capacity 2078K, committed 2176K, reserved 1048576K
}

Deoptimization events (20 events):
Event: 22.921 Thread 0x00007f8dc8005800 Uncommon trap: trap_request=0xffffffc6 fr.pc=0x00007f8e043ab32c relative=0x00000000000005ac
Event: 22.921 Thread 0x00007f8dc8005800 Uncommon trap: reason=bimorphic_or_optimized_type_check action=maybe_recompile pc=0x00007f8e043ab32c method=java.util.concurrent.ConcurrentHashMap.get(Ljava/lang/Object;)Ljava/lang/Object; @ 149 c2
Event: 22.921 Thread 0x00007f8dc8005800 DEOPT PACKING pc=0x00007f8e043ab32c sp=0x00007f8dbc25cac0
Event: 22.921 Thread 0x00007f8dc8005800 DEOPT UNPACKING pc=0x00007f8dfc89d39f sp=0x00007f8dbc25ca60 mode 2
Event: 22.935 Thread 0x00007f8dc8005800 Uncommon trap: trap_request=0xffffffc6 fr.pc=0x00007f8e043ab32c relative=0x00000000000005ac
Event: 22.935 Thread 0x00007f8dc8005800 Uncommon trap: reason=bimorphic_or_optimized_type_check action=maybe_recompile pc=0x00007f8e043ab32c method=java.util.concurrent.ConcurrentHashMap.get(Ljava/lang/Object;)Ljava/lang/Object; @ 149 c2
Event: 22.935 Thread 0x00007f8dc8005800 DEOPT PACKING pc=0x00007f8e043ab32c sp=0x00007f8dbc25cac0
Event: 22.935 Thread 0x00007f8dc8005800 DEOPT UNPACKING pc=0x00007f8dfc89d39f sp=0x00007f8dbc25ca60 mode 2
Event: 17532.893 Thread 0x00007f8de413e000 Uncommon trap: trap_request=0xffffff4d fr.pc=0x00007f8e043ea3d4 relative=0x00000000000034f4
Event: 17532.893 Thread 0x00007f8de413e000 Uncommon trap: reason=unstable_if action=reinterpret pc=0x00007f8e043ea3d4 method=jdk.internal.module.Resources.toPackageName(Ljava/lang/String;)Ljava/lang/String; @ 9 c2
Event: 17532.893 Thread 0x00007f8de413e000 DEOPT PACKING pc=0x00007f8e043ea3d4 sp=0x00007f8dbc564df0
Event: 17532.893 Thread 0x00007f8de413e000 DEOPT UNPACKING pc=0x00007f8dfc89d39f sp=0x00007f8dbc564dd0 mode 2
Event: 17532.893 Thread 0x00007f8de413e000 Uncommon trap: trap_request=0xfffffff4 fr.pc=0x00007f8e043e60a0 relative=0x0000000000000340
Event: 17532.893 Thread 0x00007f8de413e000 Uncommon trap: reason=null_check action=make_not_entrant pc=0x00007f8e043e60a0 method=jdk.internal.loader.BuiltinClassLoader.findMiscResource(Ljava/lang/String;)Ljava/util/List; @ 55 c2
Event: 17532.893 Thread 0x00007f8de413e000 DEOPT PACKING pc=0x00007f8e043e60a0 sp=0x00007f8dbc564de0
Event: 17532.893 Thread 0x00007f8de413e000 DEOPT UNPACKING pc=0x00007f8dfc89d39f sp=0x00007f8dbc564db0 mode 2
Event: 17532.895 Thread 0x00007f8de413e000 Uncommon trap: trap_request=0xffffff4d fr.pc=0x00007f8e043e5978 relative=0x00000000000001d8
Event: 17532.895 Thread 0x00007f8de413e000 Uncommon trap: reason=unstable_if action=reinterpret pc=0x00007f8e043e5978 method=jdk.internal.module.Resources.toPackageName(Ljava/lang/String;)Ljava/lang/String; @ 9 c2
Event: 17532.895 Thread 0x00007f8de413e000 DEOPT PACKING pc=0x00007f8e043e5978 sp=0x00007f8dbc564e00
Event: 17532.895 Thread 0x00007f8de413e000 DEOPT UNPACKING pc=0x00007f8dfc89d39f sp=0x00007f8dbc564dc0 mode 2

Classes redefined (0 events):
No events

Internal exceptions (20 events):
Event: 1.079 Thread 0x00007f8e14016800 Exception <a 'java/lang/NoSuchMethodError'{0x00000000e49ba8c0}: 'java.lang.Object java.lang.invoke.DirectMethodHandle$Holder.invokeStatic(java.lang.Object, int, java.lang.Object)'> (0x00000000e49ba8c0) thrown at [src/hotspot/share/interpreter/linkResolver.cpp, line 773]
Event: 1.214 Thread 0x00007f8e14016800 Exception <a 'java/lang/NoSuchMethodError'{0x00000000e48acd58}: 'java.lang.Object java.lang.invoke.Invokers$Holder.linkToTargetMethod(java.lang.Object, int, java.lang.Object)'> (0x00000000e48acd58) thrown at [src/hotspot/share/interpreter/linkResolver.cpp, line 773]
Event: 1.238 Thread 0x00007f8e14016800 Exception <a 'java/lang/ClassNotFoundException'{0x00000000e48e7f78}: com/sun/swing/internal/plaf/metal/resources/spi/metalProvider> (0x00000000e48e7f78) thrown at [src/hotspot/share/classfile/systemDictionary.cpp, line 231]
Event: 1.242 Thread 0x00007f8e14016800 Exception <a 'java/lang/ClassNotFoundException'{0x00000000e48ec0e8}: com/sun/swing/internal/plaf/basic/resources/spi/basicProvider> (0x00000000e48ec0e8) thrown at [src/hotspot/share/classfile/systemDictionary.cpp, line 231]
Event: 1.633 Thread 0x00007f8e14016800 Exception <a 'java/lang/NoSuchMethodError'{0x00000000e4be4a08}: 'void java.lang.invoke.DirectMethodHandle$Holder.invokeStaticInit(java.lang.Object)'> (0x00000000e4be4a08) thrown at [src/hotspot/share/interpreter/linkResolver.cpp, line 773]
Event: 1.655 Thread 0x00007f8e14016800 Exception <a 'java/lang/NoSuchMethodError'{0x00000000e4a3d968}: 'java.lang.Object java.lang.invoke.DirectMethodHandle$Holder.invokeStatic(java.lang.Object, java.lang.Object, java.lang.Object, java.lang.Object, java.lang.Object, java.lang.Object, java.lang.Object, java.lang.Object, java.lang.Object, java.lang.Object, java.lang.Object, java.lang.Object, java.lang.Object, int)'> (0x00000000e4a3d968) thrown at [src/hotspot/share/interpreter/linkResolver.cpp, line 773]
Event: 1.658 Thread 0x00007f8e14016800 Exception <a 'java/lang/NoSuchMethodError'{0x00000000e4a4a360}: 'java.lang.Object java.lang.invoke.DirectMethodHandle$Holder.invokeStatic(java.lang.Object, java.lang.Object, java.lang.Object, java.lang.Object, java.lang.Object, java.lang.Object, java.lang.Object, java.lang.Object, java.lang.Object, java.lang.Object, java.lang.Object, java.lang.Object, java.lang.Object, int, int)'> (0x00000000e4a4a360) thrown at [src/hotspot/share/interpreter/linkResolver.cpp, line 773]
Event: 2.069 Thread 0x00007f8dc8005800 Exception <a 'java/lang/NoSuchMethodError'{0x00000000e4dbda60}: 'java.lang.Object java.lang.invoke.DirectMethodHandle$Holder.invokeSpecial(java.lang.Object, java.lang.Object, int, int, java.lang.Object, java.lang.Object, java.lang.Object, java.lang.Object, java.lang.Object)'> (0x00000000e4dbda60) thrown at [src/hotspot/share/interpreter/linkResolver.cpp, line 773]
Event: 2.070 Thread 0x00007f8dc8005800 Exception <a 'java/lang/NoSuchMethodError'{0x00000000e4dc16f0}: 'java.lang.Object java.lang.invoke.DelegatingMethodHandle$Holder.reinvoke_L(java.lang.Object, int, int, java.lang.Object, java.lang.Object, java.lang.Object, java.lang.Object, java.lang.Object)'> (0x00000000e4dc16f0) thrown at [src/hotspot/share/interpreter/linkResolver.cpp, line 773]
Event: 2.128 Thread 0x00007f8dc8005800 Exception <a 'java/lang/NoSuchMethodError'{0x00000000e4c76338}: 'java.lang.Object java.lang.invoke.Invokers$Holder.linkToTargetMethod(java.lang.Object, java.lang.Object, java.lang.Object, java.lang.Object, java.lang.Object, java.lang.Object)'> (0x00000000e4c76338) thrown at [src/hotspot/share/interpreter/linkResolver.cpp, line 773]
Event: 2.163 Thread 0x00007f8dc8005800 Exception <a 'java/lang/NoSuchMethodError'{0x00000000e4ce4dd0}: 'java.lang.Object java.lang.invoke.DirectMethodHandle$Holder.invokeSpecial(java.lang.Object, java.lang.Object, int, int, java.lang.Object, java.lang.Object, java.lang.Object, java.lang.Object)'> (0x00000000e4ce4dd0) thrown at [src/hotspot/share/interpreter/linkResolver.cpp, line 773]
Event: 2.164 Thread 0x00007f8dc8005800 Exception <a 'java/lang/NoSuchMethodError'{0x00000000e4ce87b0}: 'java.lang.Object java.lang.invoke.DelegatingMethodHandle$Holder.reinvoke_L(java.lang.Object, int, int, java.lang.Object, java.lang.Object, java.lang.Object, java.lang.Object)'> (0x00000000e4ce87b0) thrown at [src/hotspot/share/interpreter/linkResolver.cpp, line 773]
Event: 2.330 Thread 0x00007f8dc8005800 Exception <a 'java/lang/NoSuchMethodError'{0x00000000e4a5fc28}: 'java.lang.Object java.lang.invoke.DirectMethodHandle$Holder.invokeStatic(java.lang.Object, java.lang.Object, java.lang.Object, java.lang.Object, java.lang.Object, java.lang.Object, java.lang.Object, java.lang.Object, java.lang.Object, java.lang.Object, java.lang.Object, int)'> (0x00000000e4a5fc28) thrown at [src/hotspot/share/interpreter/linkResolver.cpp, line 773]
Event: 2.338 Thread 0x00007f8dc8005800 Exception <a 'java/lang/NoSuchMethodError'{0x00000000e4a7e6d0}: 'java.lang.Object java.lang.invoke.DirectMethodHandle$Holder.invokeStatic(java.lang.Object, java.lang.Object, java.lang.Object, java.lang.Object, java.lang.Object, java.lang.Object, java.lang.Object, java.lang.Object, java.lang.Object, java.lang.Object, java.lang.Object, int, int)'> (0x00000000e4a7e6d0) thrown at [src/hotspot/share/interpreter/linkResolver.cpp, line 773]
Event: 2.343 Thread 0x00007f8dc8005800 Exception <a 'java/lang/NoSuchMethodError'{0x00000000e4a9da90}: 'java.lang.Object java.lang.invoke.DirectMethodHandle$Holder.invokeStatic(java.lang.Object, java.lang.Object, java.lang.Object, java.lang.Object, java.lang.Object, java.lang.Object, java.lang.Object, java.lang.Object, java.lang.Object, java.lang.Object, java.lang.Object, int, int, java.lang.Object)'> (0x00000000e4a9da90) thrown at [src/hotspot/share/interpreter/linkResolver.cpp, line 773]
Event: 2.348 Thread 0x00007f8dc8005800 Exception <a 'java/lang/NoSuchMethodError'{0x00000000e4abe468}: 'java.lang.Object java.lang.invoke.DirectMethodHandle$Holder.invokeStatic(java.lang.Object, java.lang.Object, java.lang.Object, java.lang.Object, java.lang.Object, java.lang.Object, java.lang.Object, java.lang.Object, java.lang.Object, java.lang.Object, java.lang.Object, int, int, java.lang.Object, java.lang.Object)'> (0x00000000e4abe468) thrown at [src/hotspot/share/interpreter/linkResolver.cpp, line 773]
Event: 22.196 Thread 0x00007f8dc8005800 Exception <a 'java/lang/NoSuchMethodError'{0x00000000e47aabe0}: 'int java.lang.invoke.DirectMethodHandle$Holder.invokeSpecialIFC(java.lang.Object, java.lang.Object, int)'> (0x00000000e47aabe0) thrown at [src/hotspot/share/interpreter/linkResolver.cpp, line 773]
Event: 22.301 Thread 0x00007f8dc8005800 Exception <a 'java/lang/NoSuchMethodError'{0x00000000e46d5f50}: 'java.lang.Object java.lang.invoke.DirectMethodHandle$Holder.invokeVirtual(java.lang.Object, java.lang.Object, java.lang.Object)'> (0x00000000e46d5f50) thrown at [src/hotspot/share/interpreter/linkResolver.cpp, line 773]
Event: 17532.893 Thread 0x00007f8de413e000 Implicit null exception at 0x00007f8e043e5e37 to 0x00007f8e043e6087
Event: 17532.904 Thread 0x00007f8de413e000 Exception <a 'java/lang/NoSuchMethodError'{0x00000000e4d24bc0}: 'void java.lang.invoke.DirectMethodHandle$Holder.invokeStaticInit(java.lang.Object, java.lang.Object)'> (0x00000000e4d24bc0) thrown at [src/hotspot/share/interpreter/linkResolver.cpp, line 773]

Events (20 events):
Event: 17532.919 Executing VM operation: RevokeBias done
Event: 28468.145 Executing VM operation: RevokeBias
Event: 28469.355 loading class jdk/internal/misc/Signal$1
Event: 28469.371 loading class jdk/internal/misc/Signal$1 done
Event: 28469.371 Executing VM operation: RevokeBias done
Event: 28469.454 loading class sun/awt/X11/XDestroyWindowEvent
Event: 28469.632 loading class sun/awt/X11/XDestroyWindowEvent done
Event: 28469.633 Executing VM operation: RevokeBias
Event: 28470.335 Thread 0x00007f8dd0012800 Thread added: 0x00007f8dd0012800
Event: 28470.530 Protecting memory [0x00007f8db74fc000,0x00007f8db7500000] with protection modes 0
Event: 28470.648 Executing VM operation: RevokeBias done
Event: 28470.649 Executing VM operation: RevokeBias
Event: 28470.649 Thread 0x00007f8dd0013800 Thread added: 0x00007f8dd0013800
Event: 28470.650 Protecting memory [0x00007f8db73fb000,0x00007f8db73ff000] with protection modes 0
Event: 28470.650 Executing coalesced safepoint VM operation: RevokeBias
Event: 28470.650 Executing coalesced safepoint VM operation: RevokeBias done
Event: 28470.650 Executing VM operation: RevokeBias done
Event: 28470.906 Thread 0x00007f8de8001800 Thread added: 0x00007f8de8001800
Event: 28470.906 Protecting memory [0x00007f8e13eff000,0x00007f8e13f03000] with protection modes 0
Event: 28470.907 loading class sun/awt/X11/XSystemTrayPeer


Dynamic libraries:
e3000000-e4e00000 rw-p 00000000 00:00 0 
e4e00000-ffe00000 ---p 00000000 00:00 0 
ffe00000-ffe47000 rw-p 01111000 08:06 285331                             /usr/lib/jvm/java-11-openjdk-amd64/lib/server/classes.jsa
ffe47000-fff00000 rw-p 00000000 00:00 0 
fff00000-fff6b000 rw-p 010a6000 08:06 285331                             /usr/lib/jvm/java-11-openjdk-amd64/lib/server/classes.jsa
fff6b000-100000000 rw-p 00000000 00:00 0 
800000000-800002000 rwxp 00001000 08:06 285331                           /usr/lib/jvm/java-11-openjdk-amd64/lib/server/classes.jsa
800002000-8003b9000 rw-p 00003000 08:06 285331                           /usr/lib/jvm/java-11-openjdk-amd64/lib/server/classes.jsa
8003b9000-800a96000 r--p 003ba000 08:06 285331                           /usr/lib/jvm/java-11-openjdk-amd64/lib/server/classes.jsa
800a96000-800a97000 rw-p 00a97000 08:06 285331                           /usr/lib/jvm/java-11-openjdk-amd64/lib/server/classes.jsa
800a97000-8010a5000 r--p 00a98000 08:06 285331                           /usr/lib/jvm/java-11-openjdk-amd64/lib/server/classes.jsa
840000000-840220000 rw-p 00000000 00:00 0 
840220000-880000000 ---p 00000000 00:00 0 
55f579d63000-55f579d64000 r-xp 00000000 08:06 284634                     /usr/lib/jvm/java-11-openjdk-amd64/bin/java
55f579f64000-55f579f65000 r--p 00001000 08:06 284634                     /usr/lib/jvm/java-11-openjdk-amd64/bin/java
55f579f65000-55f579f66000 rw-p 00002000 08:06 284634                     /usr/lib/jvm/java-11-openjdk-amd64/bin/java
55f57b144000-55f57b165000 rw-p 00000000 00:00 0                          [heap]
7f8db73fb000-7f8db73ff000 ---p 00000000 00:00 0 
7f8db73ff000-7f8db74fc000 rw-p 00000000 00:00 0 
7f8db74fc000-7f8db7500000 ---p 00000000 00:00 0 
7f8db7500000-7f8db76bd000 rw-p 00000000 00:00 0 
7f8db76bd000-7f8db77fd000 ---p 00000000 00:00 0 
7f8db77fd000-7f8db79fd000 rw-p 00000000 00:00 0 
7f8db79fd000-7f8db79ff000 r-xp 00000000 08:06 284765                     /usr/lib/jvm/java-11-openjdk-amd64/lib/libextnet.so
7f8db79ff000-7f8db7bfe000 ---p 00002000 08:06 284765                     /usr/lib/jvm/java-11-openjdk-amd64/lib/libextnet.so
7f8db7bfe000-7f8db7bff000 r--p 00001000 08:06 284765                     /usr/lib/jvm/java-11-openjdk-amd64/lib/libextnet.so
7f8db7bff000-7f8db7c00000 rw-p 00002000 08:06 284765                     /usr/lib/jvm/java-11-openjdk-amd64/lib/libextnet.so
7f8db7c00000-7f8db7e00000 rw-p 00000000 00:00 0 
7f8db7e00000-7f8db8000000 rw-p 00000000 00:00 0 
7f8db8000000-7f8db8021000 rw-p 00000000 00:00 0 
7f8db8021000-7f8dbc000000 ---p 00000000 00:00 0 
7f8dbc061000-7f8dbc065000 ---p 00000000 00:00 0 
7f8dbc065000-7f8dbc162000 rw-p 00000000 00:00 0 
7f8dbc162000-7f8dbc166000 ---p 00000000 00:00 0 
7f8dbc166000-7f8dbc263000 rw-p 00000000 00:00 0 
7f8dbc263000-7f8dbc267000 ---p 00000000 00:00 0 
7f8dbc267000-7f8dbc364000 rw-p 00000000 00:00 0 
7f8dbc364000-7f8dbc365000 ---p 00000000 00:00 0 
7f8dbc365000-7f8dbc466000 rw-p 00000000 00:00 0 
7f8dbc466000-7f8dbc46a000 ---p 00000000 00:00 0 
7f8dbc46a000-7f8dbc567000 rw-p 00000000 00:00 0 
7f8dbc567000-7f8dbc56b000 ---p 00000000 00:00 0 
7f8dbc56b000-7f8dbc668000 rw-p 00000000 00:00 0 
7f8dbc668000-7f8dbc66d000 r-xp 00000000 08:06 272112                     /usr/lib/x86_64-linux-gnu/libXfixes.so.3.1.0
7f8dbc66d000-7f8dbc86c000 ---p 00005000 08:06 272112                     /usr/lib/x86_64-linux-gnu/libXfixes.so.3.1.0
7f8dbc86c000-7f8dbc86d000 r--p 00004000 08:06 272112                     /usr/lib/x86_64-linux-gnu/libXfixes.so.3.1.0
7f8dbc86d000-7f8dbc86e000 rw-p 00005000 08:06 272112                     /usr/lib/x86_64-linux-gnu/libXfixes.so.3.1.0
7f8dbc86e000-7f8dbc877000 r-xp 00000000 08:06 272104                     /usr/lib/x86_64-linux-gnu/libXcursor.so.1.0.2
7f8dbc877000-7f8dbca76000 ---p 00009000 08:06 272104                     /usr/lib/x86_64-linux-gnu/libXcursor.so.1.0.2
7f8dbca76000-7f8dbca77000 r--p 00008000 08:06 272104                     /usr/lib/x86_64-linux-gnu/libXcursor.so.1.0.2
7f8dbca77000-7f8dbca78000 rw-p 00009000 08:06 272104                     /usr/lib/x86_64-linux-gnu/libXcursor.so.1.0.2
7f8dbca78000-7f8dbca79000 ---p 00000000 00:00 0 
7f8dbca79000-7f8dbd279000 rw-p 00000000 00:00 0 
7f8dbd279000-7f8dbd27a000 ---p 00000000 00:00 0 
7f8dbd27a000-7f8dbda7a000 rw-p 00000000 00:00 0 
7f8dbda7a000-7f8dbda7b000 ---p 00000000 00:00 0 
7f8dbda7b000-7f8dbe27b000 rw-p 00000000 00:00 0 
7f8dbe27b000-7f8dbe295000 r-xp 00000000 08:06 274023                     /usr/lib/x86_64-linux-gnu/gio/modules/libgioremote-volume-monitor.so
7f8dbe295000-7f8dbe494000 ---p 0001a000 08:06 274023                     /usr/lib/x86_64-linux-gnu/gio/modules/libgioremote-volume-monitor.so
7f8dbe494000-7f8dbe497000 r--p 00019000 08:06 274023                     /usr/lib/x86_64-linux-gnu/gio/modules/libgioremote-volume-monitor.so
7f8dbe497000-7f8dbe498000 rw-p 0001c000 08:06 274023                     /usr/lib/x86_64-linux-gnu/gio/modules/libgioremote-volume-monitor.so
7f8dbe498000-7f8dbe4ce000 r-xp 00000000 08:06 274417                     /usr/lib/x86_64-linux-gnu/gvfs/libgvfscommon.so
7f8dbe4ce000-7f8dbe6ce000 ---p 00036000 08:06 274417                     /usr/lib/x86_64-linux-gnu/gvfs/libgvfscommon.so
7f8dbe6ce000-7f8dbe6d4000 r--p 00036000 08:06 274417                     /usr/lib/x86_64-linux-gnu/gvfs/libgvfscommon.so
7f8dbe6d4000-7f8dbe6d5000 rw-p 0003c000 08:06 274417                     /usr/lib/x86_64-linux-gnu/gvfs/libgvfscommon.so
7f8dbe6d5000-7f8dbe706000 r-xp 00000000 08:06 274024                     /usr/lib/x86_64-linux-gnu/gio/modules/libgvfsdbus.so
7f8dbe706000-7f8dbe906000 ---p 00031000 08:06 274024                     /usr/lib/x86_64-linux-gnu/gio/modules/libgvfsdbus.so
7f8dbe906000-7f8dbe908000 r--p 00031000 08:06 274024                     /usr/lib/x86_64-linux-gnu/gio/modules/libgvfsdbus.so
7f8dbe908000-7f8dbe909000 rw-p 00033000 08:06 274024                     /usr/lib/x86_64-linux-gnu/gio/modules/libgvfsdbus.so
7f8dbe909000-7f8dbe915000 r-xp 00000000 08:06 274019                     /usr/lib/x86_64-linux-gnu/gio/modules/libdconfsettings.so
7f8dbe915000-7f8dbeb14000 ---p 0000c000 08:06 274019                     /usr/lib/x86_64-linux-gnu/gio/modules/libdconfsettings.so
7f8dbeb14000-7f8dbeb15000 r--p 0000b000 08:06 274019                     /usr/lib/x86_64-linux-gnu/gio/modules/libdconfsettings.so
7f8dbeb15000-7f8dbeb16000 rw-p 0000c000 08:06 274019                     /usr/lib/x86_64-linux-gnu/gio/modules/libdconfsettings.so
7f8dbeb16000-7f8dbeb1c000 r-xp 00000000 08:06 398404                     /lib/x86_64-linux-gnu/libuuid.so.1.3.0
7f8dbeb1c000-7f8dbed1b000 ---p 00006000 08:06 398404                     /lib/x86_64-linux-gnu/libuuid.so.1.3.0
7f8dbed1b000-7f8dbed1c000 r--p 00005000 08:06 398404                     /lib/x86_64-linux-gnu/libuuid.so.1.3.0
7f8dbed1c000-7f8dbed1d000 rw-p 00006000 08:06 398404                     /lib/x86_64-linux-gnu/libuuid.so.1.3.0
7f8dbed1d000-7f8dbed64000 r-xp 00000000 08:06 398229                     /lib/x86_64-linux-gnu/libblkid.so.1.1.0
7f8dbed64000-7f8dbef64000 ---p 00047000 08:06 398229                     /lib/x86_64-linux-gnu/libblkid.so.1.1.0
7f8dbef64000-7f8dbef68000 r--p 00047000 08:06 398229                     /lib/x86_64-linux-gnu/libblkid.so.1.1.0
7f8dbef68000-7f8dbef69000 rw-p 0004b000 08:06 398229                     /lib/x86_64-linux-gnu/libblkid.so.1.1.0
7f8dbef69000-7f8dbef6a000 rw-p 00000000 00:00 0 
7f8dbef6a000-7f8dbef71000 r-xp 00000000 08:06 272439                     /usr/lib/x86_64-linux-gnu/libffi.so.6.0.4
7f8dbef71000-7f8dbf170000 ---p 00007000 08:06 272439                     /usr/lib/x86_64-linux-gnu/libffi.so.6.0.4
7f8dbf170000-7f8dbf171000 r--p 00006000 08:06 272439                     /usr/lib/x86_64-linux-gnu/libffi.so.6.0.4
7f8dbf171000-7f8dbf172000 rw-p 00007000 08:06 272439                     /usr/lib/x86_64-linux-gnu/libffi.so.6.0.4
7f8dbf172000-7f8dbf1c3000 r-xp 00000000 08:06 398304                     /lib/x86_64-linux-gnu/libmount.so.1.1.0
7f8dbf1c3000-7f8dbf3c2000 ---p 00051000 08:06 398304                     /lib/x86_64-linux-gnu/libmount.so.1.1.0
7f8dbf3c2000-7f8dbf3c4000 r--p 00050000 08:06 398304                     /lib/x86_64-linux-gnu/libmount.so.1.1.0
7f8dbf3c4000-7f8dbf3c5000 rw-p 00052000 08:06 398304                     /lib/x86_64-linux-gnu/libmount.so.1.1.0
7f8dbf3c5000-7f8dbf3c6000 rw-p 00000000 00:00 0 
7f8dbf3c6000-7f8dbf3dd000 r-xp 00000000 08:06 398373                     /lib/x86_64-linux-gnu/libresolv-2.27.so
7f8dbf3dd000-7f8dbf5dd000 ---p 00017000 08:06 398373                     /lib/x86_64-linux-gnu/libresolv-2.27.so
7f8dbf5dd000-7f8dbf5de000 r--p 00017000 08:06 398373                     /lib/x86_64-linux-gnu/libresolv-2.27.so
7f8dbf5de000-7f8dbf5df000 rw-p 00018000 08:06 398373                     /lib/x86_64-linux-gnu/libresolv-2.27.so
7f8dbf5df000-7f8dbf5e1000 rw-p 00000000 00:00 0 
7f8dbf5e1000-7f8dbf606000 r-xp 00000000 08:06 398379                     /lib/x86_64-linux-gnu/libselinux.so.1
7f8dbf606000-7f8dbf805000 ---p 00025000 08:06 398379                     /lib/x86_64-linux-gnu/libselinux.so.1
7f8dbf805000-7f8dbf806000 r--p 00024000 08:06 398379                     /lib/x86_64-linux-gnu/libselinux.so.1
7f8dbf806000-7f8dbf807000 rw-p 00025000 08:06 398379                     /lib/x86_64-linux-gnu/libselinux.so.1
7f8dbf807000-7f8dbf809000 rw-p 00000000 00:00 0 
7f8dbf809000-7f8dbf80c000 r-xp 00000000 08:06 272564                     /usr/lib/x86_64-linux-gnu/libgmodule-2.0.so.0.5600.4
7f8dbf80c000-7f8dbfa0b000 ---p 00003000 08:06 272564                     /usr/lib/x86_64-linux-gnu/libgmodule-2.0.so.0.5600.4
7f8dbfa0b000-7f8dbfa0c000 r--p 00002000 08:06 272564                     /usr/lib/x86_64-linux-gnu/libgmodule-2.0.so.0.5600.4
7f8dbfa0c000-7f8dbfa0d000 rw-p 00003000 08:06 272564                     /usr/lib/x86_64-linux-gnu/libgmodule-2.0.so.0.5600.4
7f8dbfa0d000-7f8dbfa5f000 r-xp 00000000 08:06 272574                     /usr/lib/x86_64-linux-gnu/libgobject-2.0.so.0.5600.4
7f8dbfa5f000-7f8dbfc5f000 ---p 00052000 08:06 272574                     /usr/lib/x86_64-linux-gnu/libgobject-2.0.so.0.5600.4
7f8dbfc5f000-7f8dbfc60000 r--p 00052000 08:06 272574                     /usr/lib/x86_64-linux-gnu/libgobject-2.0.so.0.5600.4
7f8dbfc60000-7f8dbfc61000 rw-p 00053000 08:06 272574                     /usr/lib/x86_64-linux-gnu/libgobject-2.0.so.0.5600.4
7f8dbfc61000-7f8dbfdf6000 r-xp 00000000 08:06 272548                     /usr/lib/x86_64-linux-gnu/libgio-2.0.so.0.5600.4
7f8dbfdf6000-7f8dbfff6000 ---p 00195000 08:06 272548                     /usr/lib/x86_64-linux-gnu/libgio-2.0.so.0.5600.4
7f8dbfff6000-7f8dbfffd000 r--p 00195000 08:06 272548                     /usr/lib/x86_64-linux-gnu/libgio-2.0.so.0.5600.4
7f8dbfffd000-7f8dbfffe000 rw-p 0019c000 08:06 272548                     /usr/lib/x86_64-linux-gnu/libgio-2.0.so.0.5600.4
7f8dbfffe000-7f8dc0000000 rw-p 00000000 00:00 0 
7f8dc0000000-7f8dc048e000 rw-p 00000000 00:00 0 
7f8dc048e000-7f8dc4000000 ---p 00000000 00:00 0 
7f8dc4000000-7f8dc4021000 rw-p 00000000 00:00 0 
7f8dc4021000-7f8dc8000000 ---p 00000000 00:00 0 
7f8dc8000000-7f8dc8021000 rw-p 00000000 00:00 0 
7f8dc8021000-7f8dcc000000 ---p 00000000 00:00 0 
7f8dcc000000-7f8dcd35f000 rw-p 00000000 00:00 0 
7f8dcd35f000-7f8dd0000000 ---p 00000000 00:00 0 
7f8dd0000000-7f8dd0021000 rw-p 00000000 00:00 0 
7f8dd0021000-7f8dd4000000 ---p 00000000 00:00 0 
7f8dd40ce000-7f8dd40d2000 ---p 00000000 00:00 0 
7f8dd40d2000-7f8dd41cf000 rw-p 00000000 00:00 0 
7f8dd41cf000-7f8dd41d9000 r-xp 00000000 08:06 272128                     /usr/lib/x86_64-linux-gnu/libXrandr.so.2.2.0
7f8dd41d9000-7f8dd43d8000 ---p 0000a000 08:06 272128                     /usr/lib/x86_64-linux-gnu/libXrandr.so.2.2.0
7f8dd43d8000-7f8dd43d9000 r--p 00009000 08:06 272128                     /usr/lib/x86_64-linux-gnu/libXrandr.so.2.2.0
7f8dd43d9000-7f8dd43da000 rw-p 0000a000 08:06 272128                     /usr/lib/x86_64-linux-gnu/libXrandr.so.2.2.0
7f8dd43da000-7f8dd444a000 r-xp 00000000 08:06 398356                     /lib/x86_64-linux-gnu/libpcre.so.3.13.3
7f8dd444a000-7f8dd464a000 ---p 00070000 08:06 398356                     /lib/x86_64-linux-gnu/libpcre.so.3.13.3
7f8dd464a000-7f8dd464b000 r--p 00070000 08:06 398356                     /lib/x86_64-linux-gnu/libpcre.so.3.13.3
7f8dd464b000-7f8dd464c000 rw-p 00071000 08:06 398356                     /lib/x86_64-linux-gnu/libpcre.so.3.13.3
7f8dd464c000-7f8dd467d000 r-xp 00000000 08:06 273031                     /usr/lib/x86_64-linux-gnu/libpng16.so.16.34.0
7f8dd467d000-7f8dd487c000 ---p 00031000 08:06 273031                     /usr/lib/x86_64-linux-gnu/libpng16.so.16.34.0
7f8dd487c000-7f8dd487d000 r--p 00030000 08:06 273031                     /usr/lib/x86_64-linux-gnu/libpng16.so.16.34.0
7f8dd487d000-7f8dd487e000 rw-p 00031000 08:06 273031                     /usr/lib/x86_64-linux-gnu/libpng16.so.16.34.0
7f8dd487e000-7f8dd48a9000 r-xp 00000000 08:06 272587                     /usr/lib/x86_64-linux-gnu/libgraphite2.so.3.0.1
7f8dd48a9000-7f8dd4aa8000 ---p 0002b000 08:06 272587                     /usr/lib/x86_64-linux-gnu/libgraphite2.so.3.0.1
7f8dd4aa8000-7f8dd4aaa000 r--p 0002a000 08:06 272587                     /usr/lib/x86_64-linux-gnu/libgraphite2.so.3.0.1
7f8dd4aaa000-7f8dd4aab000 rw-p 0002c000 08:06 272587                     /usr/lib/x86_64-linux-gnu/libgraphite2.so.3.0.1
7f8dd4aab000-7f8dd4bbf000 r-xp 00000000 08:06 272556                     /usr/lib/x86_64-linux-gnu/libglib-2.0.so.0.5600.4
7f8dd4bbf000-7f8dd4dbf000 ---p 00114000 08:06 272556                     /usr/lib/x86_64-linux-gnu/libglib-2.0.so.0.5600.4
7f8dd4dbf000-7f8dd4dc0000 r--p 00114000 08:06 272556                     /usr/lib/x86_64-linux-gnu/libglib-2.0.so.0.5600.4
7f8dd4dc0000-7f8dd4dc1000 rw-p 00115000 08:06 272556                     /usr/lib/x86_64-linux-gnu/libglib-2.0.so.0.5600.4
7f8dd4dc1000-7f8dd4dc2000 rw-p 00000000 00:00 0 
7f8dd4dc2000-7f8dd4e6f000 r-xp 00000000 08:06 272501                     /usr/lib/x86_64-linux-gnu/libfreetype.so.6.15.0
7f8dd4e6f000-7f8dd506e000 ---p 000ad000 08:06 272501                     /usr/lib/x86_64-linux-gnu/libfreetype.so.6.15.0
7f8dd506e000-7f8dd5075000 r--p 000ac000 08:06 272501                     /usr/lib/x86_64-linux-gnu/libfreetype.so.6.15.0
7f8dd5075000-7f8dd5076000 rw-p 000b3000 08:06 272501                     /usr/lib/x86_64-linux-gnu/libfreetype.so.6.15.0
7f8dd5076000-7f8dd5112000 r-xp 00000000 08:06 272703                     /usr/lib/x86_64-linux-gnu/libharfbuzz.so.0.10702.0
7f8dd5112000-7f8dd5312000 ---p 0009c000 08:06 272703                     /usr/lib/x86_64-linux-gnu/libharfbuzz.so.0.10702.0
7f8dd5312000-7f8dd5313000 r--p 0009c000 08:06 272703                     /usr/lib/x86_64-linux-gnu/libharfbuzz.so.0.10702.0
7f8dd5313000-7f8dd5314000 rw-p 0009d000 08:06 272703                     /usr/lib/x86_64-linux-gnu/libharfbuzz.so.0.10702.0
7f8dd5314000-7f8dd5320000 r-xp 00000000 08:06 284766                     /usr/lib/jvm/java-11-openjdk-amd64/lib/libfontmanager.so
7f8dd5320000-7f8dd5520000 ---p 0000c000 08:06 284766                     /usr/lib/jvm/java-11-openjdk-amd64/lib/libfontmanager.so
7f8dd5520000-7f8dd5521000 r--p 0000c000 08:06 284766                     /usr/lib/jvm/java-11-openjdk-amd64/lib/libfontmanager.so
7f8dd5521000-7f8dd5522000 rw-p 0000d000 08:06 284766                     /usr/lib/jvm/java-11-openjdk-amd64/lib/libfontmanager.so
7f8dd5522000-7f8dd5535000 r-xp 00000000 08:06 398231                     /lib/x86_64-linux-gnu/libbsd.so.0.8.7
7f8dd5535000-7f8dd5734000 ---p 00013000 08:06 398231                     /lib/x86_64-linux-gnu/libbsd.so.0.8.7
7f8dd5734000-7f8dd5735000 r--p 00012000 08:06 398231                     /lib/x86_64-linux-gnu/libbsd.so.0.8.7
7f8dd5735000-7f8dd5736000 rw-p 00013000 08:06 398231                     /lib/x86_64-linux-gnu/libbsd.so.0.8.7
7f8dd5736000-7f8dd5737000 rw-p 00000000 00:00 0 
7f8dd5737000-7f8dd573c000 r-xp 00000000 08:06 272108                     /usr/lib/x86_64-linux-gnu/libXdmcp.so.6.0.0
7f8dd573c000-7f8dd593b000 ---p 00005000 08:06 272108                     /usr/lib/x86_64-linux-gnu/libXdmcp.so.6.0.0
7f8dd593b000-7f8dd593c000 r--p 00004000 08:06 272108                     /usr/lib/x86_64-linux-gnu/libXdmcp.so.6.0.0
7f8dd593c000-7f8dd593d000 rw-p 00005000 08:06 272108                     /usr/lib/x86_64-linux-gnu/libXdmcp.so.6.0.0
7f8dd593d000-7f8dd593f000 r-xp 00000000 08:06 272097                     /usr/lib/x86_64-linux-gnu/libXau.so.6.0.0
7f8dd593f000-7f8dd5b3f000 ---p 00002000 08:06 272097                     /usr/lib/x86_64-linux-gnu/libXau.so.6.0.0
7f8dd5b3f000-7f8dd5b40000 r--p 00002000 08:06 272097                     /usr/lib/x86_64-linux-gnu/libXau.so.6.0.0
7f8dd5b40000-7f8dd5b41000 rw-p 00003000 08:06 272097                     /usr/lib/x86_64-linux-gnu/libXau.so.6.0.0
7f8dd5b41000-7f8dd5b67000 r-xp 00000000 08:06 273397                     /usr/lib/x86_64-linux-gnu/libxcb.so.1.1.0
7f8dd5b67000-7f8dd5d67000 ---p 00026000 08:06 273397                     /usr/lib/x86_64-linux-gnu/libxcb.so.1.1.0
7f8dd5d67000-7f8dd5d68000 r--p 00026000 08:06 273397                     /usr/lib/x86_64-linux-gnu/libxcb.so.1.1.0
7f8dd5d68000-7f8dd5d69000 rw-p 00027000 08:06 273397                     /usr/lib/x86_64-linux-gnu/libxcb.so.1.1.0
7f8dd5d69000-7f8dd5d78000 r-xp 00000000 08:06 272118                     /usr/lib/x86_64-linux-gnu/libXi.so.6.1.0
7f8dd5d78000-7f8dd5f77000 ---p 0000f000 08:06 272118                     /usr/lib/x86_64-linux-gnu/libXi.so.6.1.0
7f8dd5f77000-7f8dd5f78000 r--p 0000e000 08:06 272118                     /usr/lib/x86_64-linux-gnu/libXi.so.6.1.0
7f8dd5f78000-7f8dd5f79000 rw-p 0000f000 08:06 272118                     /usr/lib/x86_64-linux-gnu/libXi.so.6.1.0
7f8dd5f79000-7f8dd5f7e000 r-xp 00000000 08:06 272136                     /usr/lib/x86_64-linux-gnu/libXtst.so.6.1.0
7f8dd5f7e000-7f8dd617d000 ---p 00005000 08:06 272136                     /usr/lib/x86_64-linux-gnu/libXtst.so.6.1.0
7f8dd617d000-7f8dd617e000 r--p 00004000 08:06 272136                     /usr/lib/x86_64-linux-gnu/libXtst.so.6.1.0
7f8dd617e000-7f8dd617f000 rw-p 00005000 08:06 272136                     /usr/lib/x86_64-linux-gnu/libXtst.so.6.1.0
7f8dd617f000-7f8dd6188000 r-xp 00000000 08:06 272130                     /usr/lib/x86_64-linux-gnu/libXrender.so.1.3.0
7f8dd6188000-7f8dd6387000 ---p 00009000 08:06 272130                     /usr/lib/x86_64-linux-gnu/libXrender.so.1.3.0
7f8dd6387000-7f8dd6388000 r--p 00008000 08:06 272130                     /usr/lib/x86_64-linux-gnu/libXrender.so.1.3.0
7f8dd6388000-7f8dd6389000 rw-p 00009000 08:06 272130                     /usr/lib/x86_64-linux-gnu/libXrender.so.1.3.0
7f8dd6389000-7f8dd64bc000 r-xp 00000000 08:06 284623                     /usr/lib/x86_64-linux-gnu/libX11.so.6.3.0
7f8dd64bc000-7f8dd66bc000 ---p 00133000 08:06 284623                     /usr/lib/x86_64-linux-gnu/libX11.so.6.3.0
7f8dd66bc000-7f8dd66bd000 r--p 00133000 08:06 284623                     /usr/lib/x86_64-linux-gnu/libX11.so.6.3.0
7f8dd66bd000-7f8dd66c1000 rw-p 00134000 08:06 284623                     /usr/lib/x86_64-linux-gnu/libX11.so.6.3.0
7f8dd66c1000-7f8dd66d2000 r-xp 00000000 08:06 272110                     /usr/lib/x86_64-linux-gnu/libXext.so.6.4.0
7f8dd66d2000-7f8dd68d1000 ---p 00011000 08:06 272110                     /usr/lib/x86_64-linux-gnu/libXext.so.6.4.0
7f8dd68d1000-7f8dd68d2000 r--p 00010000 08:06 272110                     /usr/lib/x86_64-linux-gnu/libXext.so.6.4.0
7f8dd68d2000-7f8dd68d3000 rw-p 00011000 08:06 272110                     /usr/lib/x86_64-linux-gnu/libXext.so.6.4.0
7f8dd68d3000-7f8dd6931000 r-xp 00000000 08:06 284922                     /usr/lib/jvm/java-11-openjdk-amd64/lib/libawt_xawt.so
7f8dd6931000-7f8dd6b31000 ---p 0005e000 08:06 284922                     /usr/lib/jvm/java-11-openjdk-amd64/lib/libawt_xawt.so
7f8dd6b31000-7f8dd6b32000 r--p 0005e000 08:06 284922                     /usr/lib/jvm/java-11-openjdk-amd64/lib/libawt_xawt.so
7f8dd6b32000-7f8dd6b34000 rw-p 0005f000 08:06 284922                     /usr/lib/jvm/java-11-openjdk-amd64/lib/libawt_xawt.so
7f8dd6b34000-7f8dd6b36000 rw-p 00000000 00:00 0 
7f8dd6b36000-7f8dd6bd4000 r-xp 00000000 08:06 284762                     /usr/lib/jvm/java-11-openjdk-amd64/lib/libawt.so
7f8dd6bd4000-7f8dd6dd3000 ---p 0009e000 08:06 284762                     /usr/lib/jvm/java-11-openjdk-amd64/lib/libawt.so
7f8dd6dd3000-7f8dd6dd4000 r--p 0009d000 08:06 284762                     /usr/lib/jvm/java-11-openjdk-amd64/lib/libawt.so
7f8dd6dd4000-7f8dd6ddf000 rw-p 0009e000 08:06 284762                     /usr/lib/jvm/java-11-openjdk-amd64/lib/libawt.so
7f8dd6ddf000-7f8dd6e04000 rw-p 00000000 00:00 0 
7f8dd6e04000-7f8dd6e1a000 r-xp 00000000 08:06 284783                     /usr/lib/jvm/java-11-openjdk-amd64/lib/libnet.so
7f8dd6e1a000-7f8dd7019000 ---p 00016000 08:06 284783                     /usr/lib/jvm/java-11-openjdk-amd64/lib/libnet.so
7f8dd7019000-7f8dd701a000 r--p 00015000 08:06 284783                     /usr/lib/jvm/java-11-openjdk-amd64/lib/libnet.so
7f8dd701a000-7f8dd701b000 rw-p 00016000 08:06 284783                     /usr/lib/jvm/java-11-openjdk-amd64/lib/libnet.so
7f8dd701b000-7f8dd702b000 r-xp 00000000 08:06 284784                     /usr/lib/jvm/java-11-openjdk-amd64/lib/libnio.so
7f8dd702b000-7f8dd722a000 ---p 00010000 08:06 284784                     /usr/lib/jvm/java-11-openjdk-amd64/lib/libnio.so
7f8dd722a000-7f8dd722b000 r--p 0000f000 08:06 284784                     /usr/lib/jvm/java-11-openjdk-amd64/lib/libnio.so
7f8dd722b000-7f8dd722c000 rw-p 00010000 08:06 284784                     /usr/lib/jvm/java-11-openjdk-amd64/lib/libnio.so
7f8dd722c000-7f8dd7230000 ---p 00000000 00:00 0 
7f8dd7230000-7f8dd732d000 rw-p 00000000 00:00 0 
7f8dd732d000-7f8dd732e000 ---p 00000000 00:00 0 
7f8dd732e000-7f8dd742f000 rw-p 00000000 00:00 0 
7f8dd742f000-7f8dd7433000 ---p 00000000 00:00 0 
7f8dd7433000-7f8dd7530000 rw-p 00000000 00:00 0 
7f8dd7530000-7f8dd7534000 ---p 00000000 00:00 0 
7f8dd7534000-7f8dd7631000 rw-p 00000000 00:00 0 
7f8dd7631000-7f8dd8000000 r--p 00000000 08:06 265419                     /usr/lib/locale/locale-archive
7f8dd8000000-7f8dd8021000 rw-p 00000000 00:00 0 
7f8dd8021000-7f8ddc000000 ---p 00000000 00:00 0 
7f8ddc000000-7f8ddc021000 rw-p 00000000 00:00 0 
7f8ddc021000-7f8de0000000 ---p 00000000 00:00 0 
7f8de0000000-7f8de0021000 rw-p 00000000 00:00 0 
7f8de0021000-7f8de4000000 ---p 00000000 00:00 0 
7f8de4000000-7f8de4330000 rw-p 00000000 00:00 0 
7f8de4330000-7f8de8000000 ---p 00000000 00:00 0 
7f8de8000000-7f8de8021000 rw-p 00000000 00:00 0 
7f8de8021000-7f8dec000000 ---p 00000000 00:00 0 
7f8dec000000-7f8dec021000 rw-p 00000000 00:00 0 
7f8dec021000-7f8df0000000 ---p 00000000 00:00 0 
7f8df0000000-7f8df0021000 rw-p 00000000 00:00 0 
7f8df0021000-7f8df4000000 ---p 00000000 00:00 0 
7f8df4074000-7f8df4078000 ---p 00000000 00:00 0 
7f8df4078000-7f8df4175000 rw-p 00000000 00:00 0 
7f8df4175000-7f8df4179000 ---p 00000000 00:00 0 
7f8df4179000-7f8df4276000 rw-p 00000000 00:00 0 
7f8df4276000-7f8df427a000 ---p 00000000 00:00 0 
7f8df427a000-7f8df4377000 rw-p 00000000 00:00 0 
7f8df4377000-7f8df437b000 ---p 00000000 00:00 0 
7f8df437b000-7f8df4478000 rw-p 00000000 00:00 0 
7f8df4478000-7f8df447c000 ---p 00000000 00:00 0 
7f8df447c000-7f8df4579000 rw-p 00000000 00:00 0 
7f8df4579000-7f8df457a000 ---p 00000000 00:00 0 
7f8df457a000-7f8df4e7b000 rw-p 00000000 00:00 0 
7f8df4e7b000-7f8df4e7c000 ---p 00000000 00:00 0 
7f8df4e7c000-7f8df4f7d000 rw-p 00000000 00:00 0 
7f8df4f7d000-7f8df4f7e000 ---p 00000000 00:00 0 
7f8df4f7e000-7f8df71f8000 rw-p 00000000 00:00 0 
7f8df71f8000-7f8df78b8000 ---p 00000000 00:00 0 
7f8df78b8000-7f8df7938000 rw-p 00000000 00:00 0 
7f8df7938000-7f8df7ff8000 ---p 00000000 00:00 0 
7f8df7ff8000-7f8df8000000 rw-p 00000000 00:00 0 
7f8df8000000-7f8df8021000 rw-p 00000000 00:00 0 
7f8df8021000-7f8dfc000000 ---p 00000000 00:00 0 
7f8dfc024000-7f8dfc038000 r--p 00000000 08:06 2636                       /usr/share/glib-2.0/schemas/gschemas.compiled
7f8dfc038000-7f8dfc1ba000 rw-p 00000000 00:00 0 
7f8dfc1ba000-7f8dfc1bb000 ---p 00000000 00:00 0 
7f8dfc1bb000-7f8dfc2bc000 rw-p 00000000 00:00 0 
7f8dfc2bc000-7f8dfc2bd000 ---p 00000000 00:00 0 
7f8dfc2bd000-7f8dfc3cd000 rw-p 00000000 00:00 0 
7f8dfc3cd000-7f8dfc4a5000 ---p 00000000 00:00 0 
7f8dfc4a5000-7f8dfc4b5000 rw-p 00000000 00:00 0 
7f8dfc4b5000-7f8dfc58d000 ---p 00000000 00:00 0 
7f8dfc58d000-7f8dfc59d000 rw-p 00000000 00:00 0 
7f8dfc59d000-7f8dfc675000 ---p 00000000 00:00 0 
7f8dfc675000-7f8dfc878000 rw-p 00000000 00:00 0 
7f8dfc878000-7f8dfcae8000 rwxp 00000000 00:00 0 
7f8dfcae8000-7f8dfce07000 ---p 00000000 00:00 0 
7f8dfce07000-7f8dfd247000 rwxp 00000000 00:00 0 
7f8dfd247000-7f8e0433f000 ---p 00000000 00:00 0 
7f8e0433f000-7f8e045af000 rwxp 00000000 00:00 0 
7f8e045af000-7f8e0b878000 ---p 00000000 00:00 0 
7f8e13eff000-7f8e13f03000 ---p 00000000 00:00 0 
7f8e13f03000-7f8e14000000 rw-p 00000000 00:00 0 
7f8e14000000-7f8e14382000 rw-p 00000000 00:00 0 
7f8e14382000-7f8e18000000 ---p 00000000 00:00 0 
7f8e18006000-7f8e1801a000 r--p 00000000 08:06 2636                       /usr/share/glib-2.0/schemas/gschemas.compiled
7f8e1801a000-7f8e1804b000 rw-p 00000000 00:00 0 
7f8e1804b000-7f8e1804c000 ---p 00000000 00:00 0 
7f8e1804c000-7f8e18152000 rw-p 00000000 00:00 0 
7f8e18152000-7f8e18238000 ---p 00000000 00:00 0 
7f8e18238000-7f8e18241000 rw-p 00000000 00:00 0 
7f8e18241000-7f8e18323000 ---p 00000000 00:00 0 
7f8e18323000-7f8e1832a000 r-xp 00000000 08:06 284792                     /usr/lib/jvm/java-11-openjdk-amd64/lib/libzip.so
7f8e1832a000-7f8e18529000 ---p 00007000 08:06 284792                     /usr/lib/jvm/java-11-openjdk-amd64/lib/libzip.so
7f8e18529000-7f8e1852a000 r--p 00006000 08:06 284792                     /usr/lib/jvm/java-11-openjdk-amd64/lib/libzip.so
7f8e1852a000-7f8e1852b000 rw-p 00007000 08:06 284792                     /usr/lib/jvm/java-11-openjdk-amd64/lib/libzip.so
7f8e1852b000-7f8e18536000 r-xp 00000000 08:06 398325                     /lib/x86_64-linux-gnu/libnss_files-2.27.so
7f8e18536000-7f8e18735000 ---p 0000b000 08:06 398325                     /lib/x86_64-linux-gnu/libnss_files-2.27.so
7f8e18735000-7f8e18736000 r--p 0000a000 08:06 398325                     /lib/x86_64-linux-gnu/libnss_files-2.27.so
7f8e18736000-7f8e18737000 rw-p 0000b000 08:06 398325                     /lib/x86_64-linux-gnu/libnss_files-2.27.so
7f8e18737000-7f8e1873d000 rw-p 00000000 00:00 0 
7f8e1873d000-7f8e18754000 r-xp 00000000 08:06 398319                     /lib/x86_64-linux-gnu/libnsl-2.27.so
7f8e18754000-7f8e18953000 ---p 00017000 08:06 398319                     /lib/x86_64-linux-gnu/libnsl-2.27.so
7f8e18953000-7f8e18954000 r--p 00016000 08:06 398319                     /lib/x86_64-linux-gnu/libnsl-2.27.so
7f8e18954000-7f8e18955000 rw-p 00017000 08:06 398319                     /lib/x86_64-linux-gnu/libnsl-2.27.so
7f8e18955000-7f8e18957000 rw-p 00000000 00:00 0 
7f8e18957000-7f8e18962000 r-xp 00000000 08:06 398335                     /lib/x86_64-linux-gnu/libnss_nis-2.27.so
7f8e18962000-7f8e18b61000 ---p 0000b000 08:06 398335                     /lib/x86_64-linux-gnu/libnss_nis-2.27.so
7f8e18b61000-7f8e18b62000 r--p 0000a000 08:06 398335                     /lib/x86_64-linux-gnu/libnss_nis-2.27.so
7f8e18b62000-7f8e18b63000 rw-p 0000b000 08:06 398335                     /lib/x86_64-linux-gnu/libnss_nis-2.27.so
7f8e18b63000-7f8e18b6b000 r-xp 00000000 08:06 398321                     /lib/x86_64-linux-gnu/libnss_compat-2.27.so
7f8e18b6b000-7f8e18d6b000 ---p 00008000 08:06 398321                     /lib/x86_64-linux-gnu/libnss_compat-2.27.so
7f8e18d6b000-7f8e18d6c000 r--p 00008000 08:06 398321                     /lib/x86_64-linux-gnu/libnss_compat-2.27.so
7f8e18d6c000-7f8e18d6d000 rw-p 00009000 08:06 398321                     /lib/x86_64-linux-gnu/libnss_compat-2.27.so
7f8e18d6d000-7f8e18d72000 r-xp 00000000 08:06 284775                     /usr/lib/jvm/java-11-openjdk-amd64/lib/libjimage.so
7f8e18d72000-7f8e18f71000 ---p 00005000 08:06 284775                     /usr/lib/jvm/java-11-openjdk-amd64/lib/libjimage.so
7f8e18f71000-7f8e18f72000 r--p 00004000 08:06 284775                     /usr/lib/jvm/java-11-openjdk-amd64/lib/libjimage.so
7f8e18f72000-7f8e18f73000 rw-p 00005000 08:06 284775                     /usr/lib/jvm/java-11-openjdk-amd64/lib/libjimage.so
7f8e18f73000-7f8e18f9b000 r-xp 00000000 08:06 284772                     /usr/lib/jvm/java-11-openjdk-amd64/lib/libjava.so
7f8e18f9b000-7f8e1919b000 ---p 00028000 08:06 284772                     /usr/lib/jvm/java-11-openjdk-amd64/lib/libjava.so
7f8e1919b000-7f8e1919c000 r--p 00028000 08:06 284772                     /usr/lib/jvm/java-11-openjdk-amd64/lib/libjava.so
7f8e1919c000-7f8e1919d000 rw-p 00029000 08:06 284772                     /usr/lib/jvm/java-11-openjdk-amd64/lib/libjava.so
7f8e1919d000-7f8e1919e000 rw-p 00000000 00:00 0 
7f8e1919e000-7f8e191ab000 r-xp 00000000 08:06 284791                     /usr/lib/jvm/java-11-openjdk-amd64/lib/libverify.so
7f8e191ab000-7f8e193aa000 ---p 0000d000 08:06 284791                     /usr/lib/jvm/java-11-openjdk-amd64/lib/libverify.so
7f8e193aa000-7f8e193ac000 r--p 0000c000 08:06 284791                     /usr/lib/jvm/java-11-openjdk-amd64/lib/libverify.so
7f8e193ac000-7f8e193ad000 rw-p 0000e000 08:06 284791                     /usr/lib/jvm/java-11-openjdk-amd64/lib/libverify.so
7f8e193ad000-7f8e193b4000 r-xp 00000000 08:06 398375                     /lib/x86_64-linux-gnu/librt-2.27.so
7f8e193b4000-7f8e195b3000 ---p 00007000 08:06 398375                     /lib/x86_64-linux-gnu/librt-2.27.so
7f8e195b3000-7f8e195b4000 r--p 00006000 08:06 398375                     /lib/x86_64-linux-gnu/librt-2.27.so
7f8e195b4000-7f8e195b5000 rw-p 00007000 08:06 398375                     /lib/x86_64-linux-gnu/librt-2.27.so
7f8e195b5000-7f8e195cc000 r-xp 00000000 08:06 398272                     /lib/x86_64-linux-gnu/libgcc_s.so.1
7f8e195cc000-7f8e197cb000 ---p 00017000 08:06 398272                     /lib/x86_64-linux-gnu/libgcc_s.so.1
7f8e197cb000-7f8e197cc000 r--p 00016000 08:06 398272                     /lib/x86_64-linux-gnu/libgcc_s.so.1
7f8e197cc000-7f8e197cd000 rw-p 00017000 08:06 398272                     /lib/x86_64-linux-gnu/libgcc_s.so.1
7f8e197cd000-7f8e1996a000 r-xp 00000000 08:06 398298                     /lib/x86_64-linux-gnu/libm-2.27.so
7f8e1996a000-7f8e19b69000 ---p 0019d000 08:06 398298                     /lib/x86_64-linux-gnu/libm-2.27.so
7f8e19b69000-7f8e19b6a000 r--p 0019c000 08:06 398298                     /lib/x86_64-linux-gnu/libm-2.27.so
7f8e19b6a000-7f8e19b6b000 rw-p 0019d000 08:06 398298                     /lib/x86_64-linux-gnu/libm-2.27.so
7f8e19b6b000-7f8e19ce4000 r-xp 00000000 08:06 273209                     /usr/lib/x86_64-linux-gnu/libstdc++.so.6.0.25
7f8e19ce4000-7f8e19ee4000 ---p 00179000 08:06 273209                     /usr/lib/x86_64-linux-gnu/libstdc++.so.6.0.25
7f8e19ee4000-7f8e19eee000 r--p 00179000 08:06 273209                     /usr/lib/x86_64-linux-gnu/libstdc++.so.6.0.25
7f8e19eee000-7f8e19ef0000 rw-p 00183000 08:06 273209                     /usr/lib/x86_64-linux-gnu/libstdc++.so.6.0.25
7f8e19ef0000-7f8e19ef4000 rw-p 00000000 00:00 0 
7f8e19ef4000-7f8e1afdc000 r-xp 00000000 08:06 284798                     /usr/lib/jvm/java-11-openjdk-amd64/lib/server/libjvm.so
7f8e1afdc000-7f8e1b1db000 ---p 010e8000 08:06 284798                     /usr/lib/jvm/java-11-openjdk-amd64/lib/server/libjvm.so
7f8e1b1db000-7f8e1b29c000 r--p 010e7000 08:06 284798                     /usr/lib/jvm/java-11-openjdk-amd64/lib/server/libjvm.so
7f8e1b29c000-7f8e1b2d7000 rw-p 011a8000 08:06 284798                     /usr/lib/jvm/java-11-openjdk-amd64/lib/server/libjvm.so
7f8e1b2d7000-7f8e1b32e000 rw-p 00000000 00:00 0 
7f8e1b32e000-7f8e1b348000 r-xp 00000000 08:06 398367                     /lib/x86_64-linux-gnu/libpthread-2.27.so
7f8e1b348000-7f8e1b547000 ---p 0001a000 08:06 398367                     /lib/x86_64-linux-gnu/libpthread-2.27.so
7f8e1b547000-7f8e1b548000 r--p 00019000 08:06 398367                     /lib/x86_64-linux-gnu/libpthread-2.27.so
7f8e1b548000-7f8e1b549000 rw-p 0001a000 08:06 398367                     /lib/x86_64-linux-gnu/libpthread-2.27.so
7f8e1b549000-7f8e1b54d000 rw-p 00000000 00:00 0 
7f8e1b54d000-7f8e1b550000 r-xp 00000000 08:06 398258                     /lib/x86_64-linux-gnu/libdl-2.27.so
7f8e1b550000-7f8e1b74f000 ---p 00003000 08:06 398258                     /lib/x86_64-linux-gnu/libdl-2.27.so
7f8e1b74f000-7f8e1b750000 r--p 00002000 08:06 398258                     /lib/x86_64-linux-gnu/libdl-2.27.so
7f8e1b750000-7f8e1b751000 rw-p 00003000 08:06 398258                     /lib/x86_64-linux-gnu/libdl-2.27.so
7f8e1b751000-7f8e1b76d000 r-xp 00000000 08:06 398408                     /lib/x86_64-linux-gnu/libz.so.1.2.11
7f8e1b76d000-7f8e1b96c000 ---p 0001c000 08:06 398408                     /lib/x86_64-linux-gnu/libz.so.1.2.11
7f8e1b96c000-7f8e1b96d000 r--p 0001b000 08:06 398408                     /lib/x86_64-linux-gnu/libz.so.1.2.11
7f8e1b96d000-7f8e1b96e000 rw-p 0001c000 08:06 398408                     /lib/x86_64-linux-gnu/libz.so.1.2.11
7f8e1b96e000-7f8e1bb55000 r-xp 00000000 08:06 398235                     /lib/x86_64-linux-gnu/libc-2.27.so
7f8e1bb55000-7f8e1bd55000 ---p 001e7000 08:06 398235                     /lib/x86_64-linux-gnu/libc-2.27.so
7f8e1bd55000-7f8e1bd59000 r--p 001e7000 08:06 398235                     /lib/x86_64-linux-gnu/libc-2.27.so
7f8e1bd59000-7f8e1bd5b000 rw-p 001eb000 08:06 398235                     /lib/x86_64-linux-gnu/libc-2.27.so
7f8e1bd5b000-7f8e1bd5f000 rw-p 00000000 00:00 0 
7f8e1bd5f000-7f8e1bd6e000 r-xp 00000000 08:06 284757                     /usr/lib/jvm/java-11-openjdk-amd64/lib/jli/libjli.so
7f8e1bd6e000-7f8e1bf6d000 ---p 0000f000 08:06 284757                     /usr/lib/jvm/java-11-openjdk-amd64/lib/jli/libjli.so
7f8e1bf6d000-7f8e1bf6e000 r--p 0000e000 08:06 284757                     /usr/lib/jvm/java-11-openjdk-amd64/lib/jli/libjli.so
7f8e1bf6e000-7f8e1bf6f000 rw-p 0000f000 08:06 284757                     /usr/lib/jvm/java-11-openjdk-amd64/lib/jli/libjli.so
7f8e1bf6f000-7f8e1bf96000 r-xp 00000000 08:06 398209                     /lib/x86_64-linux-gnu/ld-2.27.so
7f8e1bf9c000-7f8e1c076000 rw-p 00000000 00:00 0 
7f8e1c076000-7f8e1c07d000 ---p 00000000 00:00 0 
7f8e1c07d000-7f8e1c081000 ---p 00000000 00:00 0 
7f8e1c081000-7f8e1c180000 rw-p 00000000 00:00 0 
7f8e1c186000-7f8e1c187000 r--p 00000000 08:05 403344                     /home/sharks/.config/dconf/user (deleted)
7f8e1c187000-7f8e1c188000 r--s 00000000 00:33 20                         /run/user/1000/dconf/user (deleted)
7f8e1c188000-7f8e1c18a000 r--s 00007000 08:06 540687                     /usr/share/java/java-atk-wrapper.jar
7f8e1c18a000-7f8e1c192000 rw-s 00000000 08:06 148060                     /tmp/hsperfdata_sharks/1664
7f8e1c192000-7f8e1c193000 ---p 00000000 00:00 0 
7f8e1c193000-7f8e1c194000 r--p 00000000 00:00 0 
7f8e1c194000-7f8e1c196000 rw-p 00000000 00:00 0 
7f8e1c196000-7f8e1c197000 r--p 00027000 08:06 398209                     /lib/x86_64-linux-gnu/ld-2.27.so
7f8e1c197000-7f8e1c198000 rw-p 00028000 08:06 398209                     /lib/x86_64-linux-gnu/ld-2.27.so
7f8e1c198000-7f8e1c199000 rw-p 00000000 00:00 0 
7ffc949b7000-7ffc949d8000 rw-p 00000000 00:00 0                          [stack]
7ffc949f9000-7ffc949fc000 r--p 00000000 00:00 0                          [vvar]
7ffc949fc000-7ffc949fd000 r-xp 00000000 00:00 0                          [vdso]
ffffffffff600000-ffffffffff601000 --xp 00000000 00:00 0                  [vsyscall]


VM Arguments:
jvm_args: -Dfile.encoding=UTF-8 
java_command: Main
java_class_path (initial): /home/sharks/eclipse-workspace/RMSVersion1.0/bin:/home/sharks/Downloads/mysql-connector-java-8.0.26/mysql-connector-java-8.0.26.jar
Launcher Type: SUN_STANDARD

[Global flags]
     intx CICompilerCount                          = 2                                         {product} {ergonomic}
     uint ConcGCThreads                            = 1                                         {product} {ergonomic}
     uint G1ConcRefinementThreads                  = 2                                         {product} {ergonomic}
   size_t G1HeapRegionSize                         = 1048576                                   {product} {ergonomic}
    uintx GCDrainStackTargetSize                   = 64                                        {product} {ergonomic}
   size_t InitialHeapSize                          = 31457280                                  {product} {ergonomic}
   size_t MarkStackSize                            = 4194304                                   {product} {ergonomic}
   size_t MaxHeapSize                              = 486539264                                 {product} {ergonomic}
   size_t MaxNewSize                               = 291504128                                 {product} {ergonomic}
   size_t MinHeapDeltaBytes                        = 1048576                                   {product} {ergonomic}
    uintx NonNMethodCodeHeapSize                   = 5825164                                {pd product} {ergonomic}
    uintx NonProfiledCodeHeapSize                  = 122916538                              {pd product} {ergonomic}
    uintx ProfiledCodeHeapSize                     = 122916538                              {pd product} {ergonomic}
    uintx ReservedCodeCacheSize                    = 251658240                              {pd product} {ergonomic}
     bool SegmentedCodeCache                       = true                                      {product} {ergonomic}
     bool UseCompressedClassPointers               = true                                 {lp64_product} {ergonomic}
     bool UseCompressedOops                        = true                                 {lp64_product} {ergonomic}
     bool UseG1GC                                  = true                                      {product} {ergonomic}

Logging:
Log output configuration:
 #0: stdout all=warning uptime,level,tags
 #1: stderr all=off uptime,level,tags

Environment Variables:
PATH=/usr/local/sbin:/usr/local/bin:/usr/sbin:/usr/bin:/sbin:/bin:/usr/games:/usr/local/games
SHELL=/bin/bash
DISPLAY=:0.0
LANG=en_ZA.UTF-8

Signal Handlers:
SIGSEGV: [libjvm.so+0xe1d0a0], sa_mask[0]=11111111011111111101111111111110, sa_flags=SA_RESTART|SA_SIGINFO
SIGBUS: [libjvm.so+0xe1d0a0], sa_mask[0]=11111111011111111101111111111110, sa_flags=SA_RESTART|SA_SIGINFO
SIGFPE: [libjvm.so+0xe1d0a0], sa_mask[0]=11111111011111111101111111111110, sa_flags=SA_RESTART|SA_SIGINFO
SIGPIPE: SIG_IGN, sa_mask[0]=00000000000010000000000000000000, sa_flags=SA_RESTART
SIGXFSZ: [libjvm.so+0xb717f0], sa_mask[0]=11111111011111111101111111111110, sa_flags=SA_RESTART|SA_SIGINFO
SIGILL: [libjvm.so+0xe1d0a0], sa_mask[0]=11111111011111111101111111111110, sa_flags=SA_RESTART|SA_SIGINFO
SIGUSR2: [libjvm.so+0xb71680], sa_mask[0]=00100000000000000000000000000000, sa_flags=SA_RESTART|SA_SIGINFO
SIGHUP: [libjvm.so+0xb71b30], sa_mask[0]=11111111011111111101111111111110, sa_flags=SA_RESTART|SA_SIGINFO
SIGINT: [libjvm.so+0xb71b30], sa_mask[0]=11111111011111111101111111111110, sa_flags=SA_RESTART|SA_SIGINFO
SIGTERM: [libjvm.so+0xb71b30], sa_mask[0]=11111111011111111101111111111110, sa_flags=SA_RESTART|SA_SIGINFO
SIGQUIT: [libjvm.so+0xb71b30], sa_mask[0]=11111111011111111101111111111110, sa_flags=SA_RESTART|SA_SIGINFO


---------------  S Y S T E M  ---------------

OS:DISTRIB_ID=Ubuntu
DISTRIB_RELEASE=18.04
DISTRIB_CODENAME=bionic
DISTRIB_DESCRIPTION="Ubuntu 18.04.5 LTS"
uname:Linux 5.4.0-42-generic #46~18.04.1-Ubuntu SMP Fri Jul 10 07:21:24 UTC 2020 x86_64
OS uptime: 0 days 8:08 hours
libc:glibc 2.27 NPTL 2.27 
rlimit (soft/hard): STACK 8192k/infinity , CORE 0k/infinity , NPROC 7232/7232 , NOFILE 1048576/1048576 , AS infinity/infinity , CPU infinity/infinity , DATA infinity/infinity , FSIZE infinity/infinity , MEMLOCK 16384k/16384k
load average:1.60 0.33 0.11

/proc/meminfo:
MemTotal:        1899492 kB
MemFree:         1251372 kB
MemAvailable:    1455456 kB
Buffers:           17596 kB
Cached:           301968 kB
SwapCached:         3460 kB
Active:           342160 kB
Inactive:         207180 kB
Active(anon):     169672 kB
Inactive(anon):    62744 kB
Active(file):     172488 kB
Inactive(file):   144436 kB
Unevictable:         116 kB
Mlocked:              32 kB
SwapTotal:       1998844 kB
SwapFree:        1972988 kB
Dirty:               900 kB
Writeback:            24 kB
AnonPages:        227292 kB
Mapped:            65068 kB
Shmem:              2604 kB
KReclaimable:      36420 kB
Slab:              64652 kB
SReclaimable:      36420 kB
SUnreclaim:        28232 kB
KernelStack:        3344 kB
PageTables:         9576 kB
NFS_Unstable:          0 kB
Bounce:                0 kB
WritebackTmp:          0 kB
CommitLimit:     2948588 kB
Committed_AS:    1420664 kB
VmallocTotal:   34359738367 kB
VmallocUsed:       12336 kB
VmallocChunk:          0 kB
Percpu:              576 kB
HardwareCorrupted:     0 kB
AnonHugePages:         0 kB
ShmemHugePages:        0 kB
ShmemPmdMapped:        0 kB
FileHugePages:         0 kB
FilePmdMapped:         0 kB
CmaTotal:              0 kB
CmaFree:               0 kB
HugePages_Total:       0
HugePages_Free:        0
HugePages_Rsvd:        0
HugePages_Surp:        0
Hugepagesize:       2048 kB
Hugetlb:               0 kB
DirectMap4k:      109884 kB
DirectMap2M:     1849344 kB

/sys/kernel/mm/transparent_hugepage/enabled:
always [madvise] never
/sys/kernel/mm/transparent_hugepage/defrag (defrag/compaction efforts parameter):
always defer defer+madvise [madvise] never

Process Memory:
Virtual Size: 3053744K (peak: 11880660K)
Resident Set Size: 88164K (peak: 102576K) (anon: 70852K, file: 17308K, shmem: 4K)
Swapped out: 0K
C-Heap outstanding allocations: 7770K

/proc/sys/kernel/threads-max (system-wide limit on the number of threads):
14465
/proc/sys/vm/max_map_count (maximum number of memory map areas a process may have):
65530
/proc/sys/kernel/pid_max (system-wide limit on number of process identifiers):
32768

container (cgroup) information:
container_type: cgroupv1
cpu_cpuset_cpus: 0-1
cpu_memory_nodes: 0
active_processor_count: 2
cpu_quota: -1
cpu_period: 100000
cpu_shares: -1
memory_limit_in_bytes: -1
memory_and_swap_limit_in_bytes: -2
memory_soft_limit_in_bytes: -1
memory_usage_in_bytes: 561881088
memory_max_usage_in_bytes: 0

